[3.073s] Invoking command in '/gobilda_sim/ros_ws/src/bump_and_go/build/bump_and_go': PYTHONPATH=/gobilda_sim/ros_ws/src/bump_and_go/build/bump_and_go/prefix_override:/usr/lib/python3/dist-packages/colcon_core/task/python/colcon_distutils_commands:/gobilda_sim/ros_ws/src/bump_and_go/install/bump_and_go/lib/python3.10/site-packages:${PYTHONPATH} /usr/bin/python3 -W ignore:setup.py install is deprecated setup.py develop --editable --build-directory /gobilda_sim/ros_ws/src/bump_and_go/build/bump_and_go/build --no-deps symlink_data --force
[4.366s] running develop
[4.372s] /usr/lib/python3/dist-packages/setuptools/command/easy_install.py:158: EasyInstallDeprecationWarning: easy_install command is deprecated. Use build and pip and other standards-based tools.
[4.375s]   warnings.warn(
[4.799s] running egg_info
[4.803s] writing bump_and_go.egg-info/PKG-INFO
[4.814s] writing dependency_links to bump_and_go.egg-info/dependency_links.txt
[4.822s] writing entry points to bump_and_go.egg-info/entry_points.txt
[4.829s] writing requirements to bump_and_go.egg-info/requires.txt
[4.847s] writing top-level names to bump_and_go.egg-info/top_level.txt
[4.926s] reading manifest file 'bump_and_go.egg-info/SOURCES.txt'
[5.062s] writing manifest file 'bump_and_go.egg-info/SOURCES.txt'
[5.081s] running build_ext
[5.091s] Creating /gobilda_sim/ros_ws/src/bump_and_go/install/bump_and_go/lib/python3.10/site-packages/bump-and-go.egg-link (link to .)
[5.131s] Installing bump_and_go script to /gobilda_sim/ros_ws/src/bump_and_go/install/bump_and_go/lib/bump_and_go
[5.181s] 
[5.184s] Installed /gobilda_sim/ros_ws/src/bump_and_go/build/bump_and_go
[5.187s] running symlink_data
[5.228s] symbolically linking /gobilda_sim/ros_ws/src/bump_and_go/build/bump_and_go/resource/bump_and_go -> /gobilda_sim/ros_ws/src/bump_and_go/install/bump_and_go/share/ament_index/resource_index/packages
[5.265s] symbolically linking /gobilda_sim/ros_ws/src/bump_and_go/build/bump_and_go/package.xml -> /gobilda_sim/ros_ws/src/bump_and_go/install/bump_and_go/share/bump_and_go
[5.307s] Invoked command in '/gobilda_sim/ros_ws/src/bump_and_go/build/bump_and_go' returned '0': PYTHONPATH=/gobilda_sim/ros_ws/src/bump_and_go/build/bump_and_go/prefix_override:/usr/lib/python3/dist-packages/colcon_core/task/python/colcon_distutils_commands:/gobilda_sim/ros_ws/src/bump_and_go/install/bump_and_go/lib/python3.10/site-packages:${PYTHONPATH} /usr/bin/python3 -W ignore:setup.py install is deprecated setup.py develop --editable --build-directory /gobilda_sim/ros_ws/src/bump_and_go/build/bump_and_go/build --no-deps symlink_data --force
