running egg_info
writing ../../build/lab1/lab1.egg-info/PKG-INFO
writing dependency_links to ../../build/lab1/lab1.egg-info/dependency_links.txt
writing entry points to ../../build/lab1/lab1.egg-info/entry_points.txt
writing requirements to ../../build/lab1/lab1.egg-info/requires.txt
writing top-level names to ../../build/lab1/lab1.egg-info/top_level.txt
reading manifest file '../../build/lab1/lab1.egg-info/SOURCES.txt'
writing manifest file '../../build/lab1/lab1.egg-info/SOURCES.txt'
running build
running build_py
copying lab1/listener.py -> /CPE416/ros_ws/build/lab1/build/lib/lab1
copying lab1/talker.py -> /CPE416/ros_ws/build/lab1/build/lib/lab1
running install
running install_lib
copying /CPE416/ros_ws/build/lab1/build/lib/lab1/listener.py -> /CPE416/ros_ws/install/lab1/lib/python3.10/site-packages/lab1
copying /CPE416/ros_ws/build/lab1/build/lib/lab1/talker.py -> /CPE416/ros_ws/install/lab1/lib/python3.10/site-packages/lab1
byte-compiling /CPE416/ros_ws/install/lab1/lib/python3.10/site-packages/lab1/listener.py to listener.cpython-310.pyc
byte-compiling /CPE416/ros_ws/install/lab1/lib/python3.10/site-packages/lab1/talker.py to talker.cpython-310.pyc
running install_data
copying package.xml -> /CPE416/ros_ws/install/lab1/share/lab1
running install_egg_info
removing '/CPE416/ros_ws/install/lab1/lib/python3.10/site-packages/lab1-0.0.0-py3.10.egg-info' (and everything under it)
Copying ../../build/lab1/lab1.egg-info to /CPE416/ros_ws/install/lab1/lib/python3.10/site-packages/lab1-0.0.0-py3.10.egg-info
running install_scripts
Installing executable_name script to /CPE416/ros_ws/install/lab1/lib/lab1
writing list of installed files to '/CPE416/ros_ws/build/lab1/install.log'
