[0.009s] Invoking command in '/CPE416/ros_ws/build/ros_gz_example_description': CMAKE_PREFIX_PATH=/opt/ros/humble /usr/bin/cmake /CPE416/ros_ws/src/ros_gz_project/ros_gz_example_description -DCMAKE_INSTALL_PREFIX=/CPE416/ros_ws/install/ros_gz_example_description
[0.126s] -- The C compiler identification is GNU 11.4.0
[0.186s] -- The CXX compiler identification is GNU 11.4.0
[0.192s] -- Detecting C compiler ABI info
[0.245s] -- Detecting C compiler ABI info - done
[0.250s] -- Check for working C compiler: /usr/bin/cc - skipped
[0.250s] -- Detecting C compile features
[0.250s] -- Detecting C compile features - done
[0.254s] -- Detecting CXX compiler ABI info
[0.305s] -- Detecting CXX compiler ABI info - done
[0.311s] -- Check for working CXX compiler: /usr/bin/c++ - skipped
[0.311s] -- Detecting CXX compile features
[0.312s] -- Detecting CXX compile features - done
[0.316s] -- Found ament_cmake: 1.3.10 (/opt/ros/humble/share/ament_cmake/cmake)
[0.377s] -- Found Python3: /usr/bin/python3 (found version "3.10.12") found components: Interpreter 
[0.424s] -- Found ament_lint_auto: 0.12.11 (/opt/ros/humble/share/ament_lint_auto/cmake)
[0.472s] -- Configuring done
[0.485s] -- Generating done
[0.491s] -- Build files have been written to: /CPE416/ros_ws/build/ros_gz_example_description
[0.491s] Invoked command in '/CPE416/ros_ws/build/ros_gz_example_description' returned '0': CMAKE_PREFIX_PATH=/opt/ros/humble /usr/bin/cmake /CPE416/ros_ws/src/ros_gz_project/ros_gz_example_description -DCMAKE_INSTALL_PREFIX=/CPE416/ros_ws/install/ros_gz_example_description
[0.493s] Invoking command in '/CPE416/ros_ws/build/ros_gz_example_description': CMAKE_PREFIX_PATH=/opt/ros/humble /usr/bin/cmake --build /CPE416/ros_ws/build/ros_gz_example_description -- -j4 -l4
[0.510s] Invoked command in '/CPE416/ros_ws/build/ros_gz_example_description' returned '0': CMAKE_PREFIX_PATH=/opt/ros/humble /usr/bin/cmake --build /CPE416/ros_ws/build/ros_gz_example_description -- -j4 -l4
[0.522s] Invoking command in '/CPE416/ros_ws/build/ros_gz_example_description': CMAKE_PREFIX_PATH=/opt/ros/humble /usr/bin/cmake --install /CPE416/ros_ws/build/ros_gz_example_description
[0.525s] -- Install configuration: ""
[0.526s] -- Installing: /CPE416/ros_ws/install/ros_gz_example_description/share/ros_gz_example_description/models
[0.527s] -- Installing: /CPE416/ros_ws/install/ros_gz_example_description/share/ros_gz_example_description/models/diff_drive
[0.528s] -- Installing: /CPE416/ros_ws/install/ros_gz_example_description/share/ros_gz_example_description/models/diff_drive/model.sdf
[0.530s] -- Installing: /CPE416/ros_ws/install/ros_gz_example_description/share/ros_gz_example_description/models/diff_drive/model.config
[0.532s] -- Installing: /CPE416/ros_ws/install/ros_gz_example_description/share/ros_gz_example_description/environment/ros_gz_example_description.dsv
[0.533s] -- Installing: /CPE416/ros_ws/install/ros_gz_example_description/share/ros_gz_example_description/environment/ros_gz_example_description.sh
[0.535s] -- Installing: /CPE416/ros_ws/install/ros_gz_example_description/share/ament_index/resource_index/package_run_dependencies/ros_gz_example_description
[0.537s] -- Installing: /CPE416/ros_ws/install/ros_gz_example_description/share/ament_index/resource_index/parent_prefix_path/ros_gz_example_description
[0.538s] -- Installing: /CPE416/ros_ws/install/ros_gz_example_description/share/ros_gz_example_description/environment/ament_prefix_path.sh
[0.539s] -- Installing: /CPE416/ros_ws/install/ros_gz_example_description/share/ros_gz_example_description/environment/ament_prefix_path.dsv
[0.541s] -- Installing: /CPE416/ros_ws/install/ros_gz_example_description/share/ros_gz_example_description/environment/path.sh
[0.542s] -- Installing: /CPE416/ros_ws/install/ros_gz_example_description/share/ros_gz_example_description/environment/path.dsv
[0.543s] -- Installing: /CPE416/ros_ws/install/ros_gz_example_description/share/ros_gz_example_description/local_setup.bash
[0.545s] -- Installing: /CPE416/ros_ws/install/ros_gz_example_description/share/ros_gz_example_description/local_setup.sh
[0.546s] -- Installing: /CPE416/ros_ws/install/ros_gz_example_description/share/ros_gz_example_description/local_setup.zsh
[0.547s] -- Installing: /CPE416/ros_ws/install/ros_gz_example_description/share/ros_gz_example_description/local_setup.dsv
[0.549s] -- Installing: /CPE416/ros_ws/install/ros_gz_example_description/share/ros_gz_example_description/package.dsv
[0.550s] -- Installing: /CPE416/ros_ws/install/ros_gz_example_description/share/ament_index/resource_index/packages/ros_gz_example_description
[0.552s] -- Installing: /CPE416/ros_ws/install/ros_gz_example_description/share/ros_gz_example_description/cmake/ros_gz_example_descriptionConfig.cmake
[0.553s] -- Installing: /CPE416/ros_ws/install/ros_gz_example_description/share/ros_gz_example_description/cmake/ros_gz_example_descriptionConfig-version.cmake
[0.554s] -- Installing: /CPE416/ros_ws/install/ros_gz_example_description/share/ros_gz_example_description/package.xml
[0.556s] Invoked command in '/CPE416/ros_ws/build/ros_gz_example_description' returned '0': CMAKE_PREFIX_PATH=/opt/ros/humble /usr/bin/cmake --install /CPE416/ros_ws/build/ros_gz_example_description
