[3.990s] Invoking command in '/CPE416/ros_ws/src/lab2': PYTHONPATH=/CPE416/ros_ws/src/lab2/build/lab2/prefix_override:/usr/lib/python3/dist-packages/colcon_core/task/python/colcon_distutils_commands:/CPE416/ros_ws/src/lab2/install/lab2/lib/python3.10/site-packages:${PYTHONPATH} /usr/bin/python3 -W ignore:setup.py install is deprecated -W ignore:easy_install command is deprecated setup.py egg_info --egg-base build/lab2 build --build-base /CPE416/ros_ws/src/lab2/build/lab2/build install --record /CPE416/ros_ws/src/lab2/build/lab2/install.log --single-version-externally-managed install_data
[5.561s] running egg_info
[5.572s] writing build/lab2/lab2.egg-info/PKG-INFO
[5.585s] writing dependency_links to build/lab2/lab2.egg-info/dependency_links.txt
[5.606s] writing entry points to build/lab2/lab2.egg-info/entry_points.txt
[5.607s] writing requirements to build/lab2/lab2.egg-info/requires.txt
[5.610s] writing top-level names to build/lab2/lab2.egg-info/top_level.txt
[5.682s] reading manifest file 'build/lab2/lab2.egg-info/SOURCES.txt'
[5.812s] writing manifest file 'build/lab2/lab2.egg-info/SOURCES.txt'
[5.818s] running build
[5.820s] running build_py
[5.857s] copying lab2/draw_square.py -> /CPE416/ros_ws/src/lab2/build/lab2/build/lib/lab2
[5.950s] running install
[5.953s] running install_lib
[6.026s] copying /CPE416/ros_ws/src/lab2/build/lab2/build/lib/lab2/draw_square.py -> /CPE416/ros_ws/src/lab2/install/lab2/lib/python3.10/site-packages/lab2
[6.155s] byte-compiling /CPE416/ros_ws/src/lab2/install/lab2/lib/python3.10/site-packages/lab2/draw_square.py to draw_square.cpython-310.pyc
[6.274s] running install_data
[6.345s] running install_egg_info
[6.369s] removing '/CPE416/ros_ws/src/lab2/install/lab2/lib/python3.10/site-packages/lab2-0.0.0-py3.10.egg-info' (and everything under it)
[6.508s] Copying build/lab2/lab2.egg-info to /CPE416/ros_ws/src/lab2/install/lab2/lib/python3.10/site-packages/lab2-0.0.0-py3.10.egg-info
[7.009s] running install_scripts
[7.146s] Installing draw_square script to /CPE416/ros_ws/src/lab2/install/lab2/lib/lab2
[7.172s] writing list of installed files to '/CPE416/ros_ws/src/lab2/build/lab2/install.log'
[7.236s] Invoked command in '/CPE416/ros_ws/src/lab2' returned '0': PYTHONPATH=/CPE416/ros_ws/src/lab2/build/lab2/prefix_override:/usr/lib/python3/dist-packages/colcon_core/task/python/colcon_distutils_commands:/CPE416/ros_ws/src/lab2/install/lab2/lib/python3.10/site-packages:${PYTHONPATH} /usr/bin/python3 -W ignore:setup.py install is deprecated -W ignore:easy_install command is deprecated setup.py egg_info --egg-base build/lab2 build --build-base /CPE416/ros_ws/src/lab2/build/lab2/build install --record /CPE416/ros_ws/src/lab2/build/lab2/install.log --single-version-externally-managed install_data
