[2.755s] Invoking command in '/CPE416/ros_ws/src/lab1': PYTHONPATH=/CPE416/ros_ws/build/lab1/prefix_override:/usr/lib/python3/dist-packages/colcon_core/task/python/colcon_distutils_commands:/CPE416/ros_ws/install/lab1/lib/python3.10/site-packages:${PYTHONPATH} /usr/bin/python3 -W ignore:setup.py install is deprecated -W ignore:easy_install command is deprecated setup.py egg_info --egg-base ../../build/lab1 build --build-base /CPE416/ros_ws/build/lab1/build install --record /CPE416/ros_ws/build/lab1/install.log --single-version-externally-managed install_data
[4.097s] running egg_info
[4.105s] writing ../../build/lab1/lab1.egg-info/PKG-INFO
[4.118s] writing dependency_links to ../../build/lab1/lab1.egg-info/dependency_links.txt
[4.136s] writing entry points to ../../build/lab1/lab1.egg-info/entry_points.txt
[4.137s] writing requirements to ../../build/lab1/lab1.egg-info/requires.txt
[4.141s] writing top-level names to ../../build/lab1/lab1.egg-info/top_level.txt
[4.208s] reading manifest file '../../build/lab1/lab1.egg-info/SOURCES.txt'
[4.328s] writing manifest file '../../build/lab1/lab1.egg-info/SOURCES.txt'
[4.333s] running build
[4.334s] running build_py
[4.411s] running install
[4.413s] running install_lib
[4.746s] running install_data
[4.806s] running install_egg_info
[4.826s] removing '/CPE416/ros_ws/install/lab1/lib/python3.10/site-packages/lab1-0.0.0-py3.10.egg-info' (and everything under it)
[4.949s] Copying ../../build/lab1/lab1.egg-info to /CPE416/ros_ws/install/lab1/lib/python3.10/site-packages/lab1-0.0.0-py3.10.egg-info
[5.511s] running install_scripts
[5.632s] Installing squarer script to /CPE416/ros_ws/install/lab1/lib/lab1
[5.652s] Installing talker script to /CPE416/ros_ws/install/lab1/lib/lab1
[5.672s] writing list of installed files to '/CPE416/ros_ws/build/lab1/install.log'
[5.734s] Invoked command in '/CPE416/ros_ws/src/lab1' returned '0': PYTHONPATH=/CPE416/ros_ws/build/lab1/prefix_override:/usr/lib/python3/dist-packages/colcon_core/task/python/colcon_distutils_commands:/CPE416/ros_ws/install/lab1/lib/python3.10/site-packages:${PYTHONPATH} /usr/bin/python3 -W ignore:setup.py install is deprecated -W ignore:easy_install command is deprecated setup.py egg_info --egg-base ../../build/lab1 build --build-base /CPE416/ros_ws/build/lab1/build install --record /CPE416/ros_ws/build/lab1/install.log --single-version-externally-managed install_data
