[7.772s] Invoking command in '/gobilda_sim/ros_ws/src/obstacle_layer': PYTHONPATH=/gobilda_sim/ros_ws/src/obstacle_layer/build/obstacle_layer/prefix_override:/usr/lib/python3/dist-packages/colcon_core/task/python/colcon_distutils_commands:/gobilda_sim/ros_ws/src/obstacle_layer/install/obstacle_layer/lib/python3.10/site-packages:${PYTHONPATH} /usr/bin/python3 -W ignore:setup.py install is deprecated setup.py egg_info --egg-base build/obstacle_layer build --build-base /gobilda_sim/ros_ws/src/obstacle_layer/build/obstacle_layer/build install --record /gobilda_sim/ros_ws/src/obstacle_layer/build/obstacle_layer/install.log --single-version-externally-managed install_data
[14.840s] running egg_info
[14.874s] writing build/obstacle_layer/obstacle_layer.egg-info/PKG-INFO
[14.943s] writing dependency_links to build/obstacle_layer/obstacle_layer.egg-info/dependency_links.txt
[14.970s] writing entry points to build/obstacle_layer/obstacle_layer.egg-info/entry_points.txt
[15.024s] writing requirements to build/obstacle_layer/obstacle_layer.egg-info/requires.txt
[15.070s] writing top-level names to build/obstacle_layer/obstacle_layer.egg-info/top_level.txt
[15.296s] reading manifest file 'build/obstacle_layer/obstacle_layer.egg-info/SOURCES.txt'
[15.622s] writing manifest file 'build/obstacle_layer/obstacle_layer.egg-info/SOURCES.txt'
[15.633s] running build
[15.642s] running build_py
[15.703s] copying obstacle_layer/obstacle_layer.py -> /gobilda_sim/ros_ws/src/obstacle_layer/build/obstacle_layer/build/lib/obstacle_layer
[15.883s] running install
[15.886s] running install_lib
[16.081s] copying /gobilda_sim/ros_ws/src/obstacle_layer/build/obstacle_layer/build/lib/obstacle_layer/obstacle_layer.py -> /gobilda_sim/ros_ws/src/obstacle_layer/install/obstacle_layer/lib/python3.10/site-packages/obstacle_layer
[16.813s] byte-compiling /gobilda_sim/ros_ws/src/obstacle_layer/install/obstacle_layer/lib/python3.10/site-packages/obstacle_layer/obstacle_layer.py to obstacle_layer.cpython-310.pyc
[17.238s] running install_data
[17.378s] running install_egg_info
[17.447s] removing '/gobilda_sim/ros_ws/src/obstacle_layer/install/obstacle_layer/lib/python3.10/site-packages/obstacle_layer-0.0.0-py3.10.egg-info' (and everything under it)
[17.733s] Copying build/obstacle_layer/obstacle_layer.egg-info to /gobilda_sim/ros_ws/src/obstacle_layer/install/obstacle_layer/lib/python3.10/site-packages/obstacle_layer-0.0.0-py3.10.egg-info
[18.933s] running install_scripts
[19.401s] Installing obstacle_layer script to /gobilda_sim/ros_ws/src/obstacle_layer/install/obstacle_layer/lib/obstacle_layer
[19.584s] writing list of installed files to '/gobilda_sim/ros_ws/src/obstacle_layer/build/obstacle_layer/install.log'
[19.698s] Invoked command in '/gobilda_sim/ros_ws/src/obstacle_layer' returned '0': PYTHONPATH=/gobilda_sim/ros_ws/src/obstacle_layer/build/obstacle_layer/prefix_override:/usr/lib/python3/dist-packages/colcon_core/task/python/colcon_distutils_commands:/gobilda_sim/ros_ws/src/obstacle_layer/install/obstacle_layer/lib/python3.10/site-packages:${PYTHONPATH} /usr/bin/python3 -W ignore:setup.py install is deprecated setup.py egg_info --egg-base build/obstacle_layer build --build-base /gobilda_sim/ros_ws/src/obstacle_layer/build/obstacle_layer/build install --record /gobilda_sim/ros_ws/src/obstacle_layer/build/obstacle_layer/install.log --single-version-externally-managed install_data
