[1.323s] Invoking command in '/home/calpoly/Desktop/CPE416/ros_ws/src/lab2': PS1=%B%F{10}%n%f%b:%F{12}%~%f$ PYTHONPATH=/home/calpoly/Desktop/CPE416/ros_ws/src/lab2/build/lab2/prefix_override:/home/calpoly/.local/lib/python3.10/site-packages/colcon_core/task/python/colcon_distutils_commands:/home/calpoly/Desktop/CPE416/ros_ws/src/lab2/install/lab2/lib/python3.10/site-packages:${PYTHONPATH} /usr/bin/python3 -W ignore:setup.py install is deprecated -W ignore:easy_install command is deprecated setup.py egg_info --egg-base build/lab2 build --build-base /home/calpoly/Desktop/CPE416/ros_ws/src/lab2/build/lab2/build install --record /home/calpoly/Desktop/CPE416/ros_ws/src/lab2/build/lab2/install.log --single-version-externally-managed install_data
[1.802s] running egg_info
[1.803s] writing build/lab2/lab2.egg-info/PKG-INFO
[1.803s] writing dependency_links to build/lab2/lab2.egg-info/dependency_links.txt
[1.803s] writing entry points to build/lab2/lab2.egg-info/entry_points.txt
[1.804s] writing requirements to build/lab2/lab2.egg-info/requires.txt
[1.804s] writing top-level names to build/lab2/lab2.egg-info/top_level.txt
[1.807s] reading manifest file 'build/lab2/lab2.egg-info/SOURCES.txt'
[1.809s] writing manifest file 'build/lab2/lab2.egg-info/SOURCES.txt'
[1.809s] running build
[1.809s] running build_py
[1.810s] copying lab2/draw_spiral.py -> /home/calpoly/Desktop/CPE416/ros_ws/src/lab2/build/lab2/build/lib/lab2
[1.810s] running install
[1.811s] running install_lib
[1.813s] copying /home/calpoly/Desktop/CPE416/ros_ws/src/lab2/build/lab2/build/lib/lab2/draw_spiral.py -> /home/calpoly/Desktop/CPE416/ros_ws/src/lab2/install/lab2/lib/python3.10/site-packages/lab2
[1.814s] byte-compiling /home/calpoly/Desktop/CPE416/ros_ws/src/lab2/install/lab2/lib/python3.10/site-packages/lab2/draw_spiral.py to draw_spiral.cpython-310.pyc
[1.815s] running install_data
[1.816s] running install_egg_info
[1.819s] removing '/home/calpoly/Desktop/CPE416/ros_ws/src/lab2/install/lab2/lib/python3.10/site-packages/lab2-0.0.0-py3.10.egg-info' (and everything under it)
[1.820s] Copying build/lab2/lab2.egg-info to /home/calpoly/Desktop/CPE416/ros_ws/src/lab2/install/lab2/lib/python3.10/site-packages/lab2-0.0.0-py3.10.egg-info
[1.822s] running install_scripts
[1.865s] Installing draw_spiral script to /home/calpoly/Desktop/CPE416/ros_ws/src/lab2/install/lab2/lib/lab2
[1.866s] Installing draw_square script to /home/calpoly/Desktop/CPE416/ros_ws/src/lab2/install/lab2/lib/lab2
[1.866s] Installing open_loop script to /home/calpoly/Desktop/CPE416/ros_ws/src/lab2/install/lab2/lib/lab2
[1.867s] writing list of installed files to '/home/calpoly/Desktop/CPE416/ros_ws/src/lab2/build/lab2/install.log'
[1.932s] Invoked command in '/home/calpoly/Desktop/CPE416/ros_ws/src/lab2' returned '0': PS1=%B%F{10}%n%f%b:%F{12}%~%f$ PYTHONPATH=/home/calpoly/Desktop/CPE416/ros_ws/src/lab2/build/lab2/prefix_override:/home/calpoly/.local/lib/python3.10/site-packages/colcon_core/task/python/colcon_distutils_commands:/home/calpoly/Desktop/CPE416/ros_ws/src/lab2/install/lab2/lib/python3.10/site-packages:${PYTHONPATH} /usr/bin/python3 -W ignore:setup.py install is deprecated -W ignore:easy_install command is deprecated setup.py egg_info --egg-base build/lab2 build --build-base /home/calpoly/Desktop/CPE416/ros_ws/src/lab2/build/lab2/build install --record /home/calpoly/Desktop/CPE416/ros_ws/src/lab2/build/lab2/install.log --single-version-externally-managed install_data
