[0.648s] DEBUG:colcon:Command line arguments: ['/usr/bin/colcon', 'build']
[0.648s] DEBUG:colcon:Parsed command line arguments: Namespace(log_base=None, log_level=None, verb_name='build', build_base='build', install_base='install', merge_install=False, symlink_install=False, test_result_base=None, continue_on_error=False, executor='parallel', parallel_workers=8, event_handlers=None, ignore_user_meta=False, metas=['./colcon.meta'], base_paths=['.'], packages_ignore=None, packages_ignore_regex=None, paths=None, packages_up_to=None, packages_up_to_regex=None, packages_above=None, packages_above_and_dependencies=None, packages_above_depth=None, packages_select_by_dep=None, packages_skip_by_dep=None, packages_skip_up_to=None, packages_select_build_failed=False, packages_skip_build_finished=False, packages_select_test_failures=False, packages_skip_test_passed=False, packages_select=None, packages_skip=None, packages_select_regex=None, packages_skip_regex=None, packages_start=None, packages_end=None, cmake_args=None, cmake_target=None, cmake_target_skip_unavailable=False, cmake_clean_cache=False, cmake_clean_first=False, cmake_force_configure=False, ament_cmake_args=None, catkin_cmake_args=None, catkin_skip_building_tests=False, mixin_files=None, mixin=None, verb_parser=<colcon_mixin.mixin.mixin_argument.MixinArgumentDecorator object at 0x7d8a6dfd3430>, verb_extension=<colcon_core.verb.build.BuildVerb object at 0x7d8a6dfd2ef0>, main=<bound method BuildVerb.main of <colcon_core.verb.build.BuildVerb object at 0x7d8a6dfd2ef0>>, mixin_verb=('build',))
[1.011s] Level 1:colcon.colcon_core.package_discovery:discover_packages(colcon_meta) check parameters
[1.013s] INFO:colcon.colcon_metadata.package_discovery.colcon_meta:Using configuration from '/root/.colcon/metadata/default/Gazebo.meta'
[1.014s] INFO:colcon.colcon_metadata.package_discovery.colcon_meta:Using configuration from '/root/.colcon/metadata/default/fastdds.meta'
[1.015s] INFO:colcon.colcon_metadata.package_discovery.colcon_meta:Using configuration from '/root/.colcon/metadata/default/fastrtps.meta'
[1.015s] Level 1:colcon.colcon_core.package_discovery:discover_packages(recursive) check parameters
[1.016s] Level 1:colcon.colcon_core.package_discovery:discover_packages(ignore) check parameters
[1.016s] Level 1:colcon.colcon_core.package_discovery:discover_packages(path) check parameters
[1.016s] Level 1:colcon.colcon_core.package_discovery:discover_packages(colcon_meta) discover
[1.017s] Level 1:colcon.colcon_core.package_discovery:discover_packages(recursive) discover
[1.017s] INFO:colcon.colcon_core.package_discovery:Crawling recursively for packages in '/CPE416/ros_ws/src/lab2'
[1.020s] Level 1:colcon.colcon_core.package_identification:_identify(.) by extensions ['ignore', 'ignore_ament_install']
[1.020s] Level 1:colcon.colcon_core.package_identification:_identify(.) by extension 'ignore'
[1.021s] Level 1:colcon.colcon_core.package_identification:_identify(.) by extension 'ignore_ament_install'
[1.022s] Level 1:colcon.colcon_core.package_identification:_identify(.) by extensions ['colcon_pkg']
[1.022s] Level 1:colcon.colcon_core.package_identification:_identify(.) by extension 'colcon_pkg'
[1.023s] Level 1:colcon.colcon_core.package_identification:_identify(.) by extensions ['colcon_meta']
[1.023s] Level 1:colcon.colcon_core.package_identification:_identify(.) by extension 'colcon_meta'
[1.024s] Level 1:colcon.colcon_core.package_identification:_identify(.) by extensions ['ros']
[1.024s] Level 1:colcon.colcon_core.package_identification:_identify(.) by extension 'ros'
[1.061s] DEBUG:colcon.colcon_core.package_identification:Package '.' with type 'ros.ament_python' and name 'lab2'
[1.061s] Level 1:colcon.colcon_core.package_discovery:discover_packages(recursive) using defaults
[1.062s] Level 1:colcon.colcon_core.package_discovery:discover_packages(ignore) discover
[1.062s] Level 1:colcon.colcon_core.package_discovery:discover_packages(ignore) using defaults
[1.062s] Level 1:colcon.colcon_core.package_discovery:discover_packages(path) discover
[1.063s] Level 1:colcon.colcon_core.package_discovery:discover_packages(path) using defaults
[1.154s] Level 5:colcon.colcon_core.verb:set package 'lab2' build argument 'cmake_args' from command line to 'None'
[1.155s] Level 5:colcon.colcon_core.verb:set package 'lab2' build argument 'cmake_target' from command line to 'None'
[1.156s] Level 5:colcon.colcon_core.verb:set package 'lab2' build argument 'cmake_target_skip_unavailable' from command line to 'False'
[1.156s] Level 5:colcon.colcon_core.verb:set package 'lab2' build argument 'cmake_clean_cache' from command line to 'False'
[1.156s] Level 5:colcon.colcon_core.verb:set package 'lab2' build argument 'cmake_clean_first' from command line to 'False'
[1.157s] Level 5:colcon.colcon_core.verb:set package 'lab2' build argument 'cmake_force_configure' from command line to 'False'
[1.157s] Level 5:colcon.colcon_core.verb:set package 'lab2' build argument 'ament_cmake_args' from command line to 'None'
[1.157s] Level 5:colcon.colcon_core.verb:set package 'lab2' build argument 'catkin_cmake_args' from command line to 'None'
[1.158s] Level 5:colcon.colcon_core.verb:set package 'lab2' build argument 'catkin_skip_building_tests' from command line to 'False'
[1.158s] DEBUG:colcon.colcon_core.verb:Building package 'lab2' with the following arguments: {'ament_cmake_args': None, 'build_base': '/CPE416/ros_ws/src/lab2/build/lab2', 'catkin_cmake_args': None, 'catkin_skip_building_tests': False, 'cmake_args': None, 'cmake_clean_cache': False, 'cmake_clean_first': False, 'cmake_force_configure': False, 'cmake_target': None, 'cmake_target_skip_unavailable': False, 'install_base': '/CPE416/ros_ws/src/lab2/install/lab2', 'merge_install': False, 'path': '/CPE416/ros_ws/src/lab2', 'symlink_install': False, 'test_result_base': None}
[1.159s] INFO:colcon.colcon_core.executor:Executing jobs using 'parallel' executor
[1.161s] DEBUG:colcon.colcon_parallel_executor.executor.parallel:run_until_complete
[1.164s] INFO:colcon.colcon_ros.task.ament_python.build:Building ROS package in '/CPE416/ros_ws/src/lab2' with build type 'ament_python'
[1.165s] Level 1:colcon.colcon_core.shell:create_environment_hook('lab2', 'ament_prefix_path')
[1.185s] INFO:colcon.colcon_core.plugin_system:Skipping extension 'colcon_core.shell.bat': Not used on non-Windows systems
[1.186s] INFO:colcon.colcon_core.shell:Creating environment hook '/CPE416/ros_ws/src/lab2/install/lab2/share/lab2/hook/ament_prefix_path.ps1'
[1.217s] INFO:colcon.colcon_core.shell:Creating environment descriptor '/CPE416/ros_ws/src/lab2/install/lab2/share/lab2/hook/ament_prefix_path.dsv'
[1.245s] INFO:colcon.colcon_core.shell:Creating environment hook '/CPE416/ros_ws/src/lab2/install/lab2/share/lab2/hook/ament_prefix_path.sh'
[1.281s] INFO:colcon.colcon_core.shell:Skip shell extension 'powershell' for command environment: Not usable outside of PowerShell
[1.281s] DEBUG:colcon.colcon_core.shell:Skip shell extension 'dsv' for command environment
[2.555s] INFO:colcon.colcon_core.task.python.build:Building Python package in '/CPE416/ros_ws/src/lab2'
[2.556s] INFO:colcon.colcon_core.shell:Skip shell extension 'powershell' for command environment: Not usable outside of PowerShell
[2.556s] DEBUG:colcon.colcon_core.shell:Skip shell extension 'dsv' for command environment
[4.971s] DEBUG:colcon.colcon_core.event_handler.log_command:Invoking command in '/CPE416/ros_ws/src/lab2': PYTHONPATH=/CPE416/ros_ws/src/lab2/build/lab2/prefix_override:/usr/lib/python3/dist-packages/colcon_core/task/python/colcon_distutils_commands:/CPE416/ros_ws/src/lab2/install/lab2/lib/python3.10/site-packages:${PYTHONPATH} /usr/bin/python3 -W ignore:setup.py install is deprecated -W ignore:easy_install command is deprecated setup.py egg_info --egg-base build/lab2 build --build-base /CPE416/ros_ws/src/lab2/build/lab2/build install --record /CPE416/ros_ws/src/lab2/build/lab2/install.log --single-version-externally-managed install_data
[8.882s] DEBUG:colcon.colcon_core.event_handler.log_command:Invoked command in '/CPE416/ros_ws/src/lab2' returned '0': PYTHONPATH=/CPE416/ros_ws/src/lab2/build/lab2/prefix_override:/usr/lib/python3/dist-packages/colcon_core/task/python/colcon_distutils_commands:/CPE416/ros_ws/src/lab2/install/lab2/lib/python3.10/site-packages:${PYTHONPATH} /usr/bin/python3 -W ignore:setup.py install is deprecated -W ignore:easy_install command is deprecated setup.py egg_info --egg-base build/lab2 build --build-base /CPE416/ros_ws/src/lab2/build/lab2/build install --record /CPE416/ros_ws/src/lab2/build/lab2/install.log --single-version-externally-managed install_data
[8.904s] Level 1:colcon.colcon_core.environment:checking '/CPE416/ros_ws/src/lab2/install/lab2' for CMake module files
[9.045s] Level 1:colcon.colcon_core.environment:checking '/CPE416/ros_ws/src/lab2/install/lab2' for CMake config files
[9.288s] Level 1:colcon.colcon_core.environment:checking '/CPE416/ros_ws/src/lab2/install/lab2/lib'
[9.298s] Level 1:colcon.colcon_core.environment:checking '/CPE416/ros_ws/src/lab2/install/lab2/bin'
[9.301s] Level 1:colcon.colcon_core.environment:checking '/CPE416/ros_ws/src/lab2/install/lab2/lib/pkgconfig/lab2.pc'
[9.304s] Level 1:colcon.colcon_core.environment:checking '/CPE416/ros_ws/src/lab2/install/lab2/lib/python3.10/site-packages'
[9.310s] Level 1:colcon.colcon_core.shell:create_environment_hook('lab2', 'pythonpath')
[9.311s] INFO:colcon.colcon_core.shell:Creating environment hook '/CPE416/ros_ws/src/lab2/install/lab2/share/lab2/hook/pythonpath.ps1'
[9.339s] INFO:colcon.colcon_core.shell:Creating environment descriptor '/CPE416/ros_ws/src/lab2/install/lab2/share/lab2/hook/pythonpath.dsv'
[9.367s] INFO:colcon.colcon_core.shell:Creating environment hook '/CPE416/ros_ws/src/lab2/install/lab2/share/lab2/hook/pythonpath.sh'
[9.411s] Level 1:colcon.colcon_core.environment:checking '/CPE416/ros_ws/src/lab2/install/lab2/bin'
[9.414s] Level 1:colcon.colcon_core.environment:create_environment_scripts_only(lab2)
[9.415s] INFO:colcon.colcon_core.shell:Creating package script '/CPE416/ros_ws/src/lab2/install/lab2/share/lab2/package.ps1'
[9.449s] INFO:colcon.colcon_core.shell:Creating package descriptor '/CPE416/ros_ws/src/lab2/install/lab2/share/lab2/package.dsv'
[9.480s] INFO:colcon.colcon_core.shell:Creating package script '/CPE416/ros_ws/src/lab2/install/lab2/share/lab2/package.sh'
[9.511s] INFO:colcon.colcon_core.shell:Creating package script '/CPE416/ros_ws/src/lab2/install/lab2/share/lab2/package.bash'
[9.545s] INFO:colcon.colcon_core.shell:Creating package script '/CPE416/ros_ws/src/lab2/install/lab2/share/lab2/package.zsh'
[9.572s] Level 1:colcon.colcon_core.environment:create_file_with_runtime_dependencies(/CPE416/ros_ws/src/lab2/install/lab2/share/colcon-core/packages/lab2)
[9.598s] DEBUG:colcon.colcon_parallel_executor.executor.parallel:closing loop
[9.599s] DEBUG:colcon.colcon_parallel_executor.executor.parallel:loop closed
[9.600s] DEBUG:colcon.colcon_parallel_executor.executor.parallel:run_until_complete finished with '0'
[9.600s] DEBUG:colcon.colcon_core.event_reactor:joining thread
[9.651s] INFO:colcon.colcon_core.plugin_system:Skipping extension 'colcon_notification.desktop_notification.notify_send': Could not find 'notify-send'
[9.652s] INFO:colcon.colcon_core.plugin_system:Skipping extension 'colcon_notification.desktop_notification.terminal_notifier': Not used on non-Darwin systems
[9.653s] INFO:colcon.colcon_core.plugin_system:Skipping extension 'colcon_notification.desktop_notification.win32': Not used on non-Windows systems
[9.653s] INFO:colcon.colcon_notification.desktop_notification:Sending desktop notification using 'notify2'
[9.657s] DEBUG:colcon.colcon_notification.desktop_notification.notify2:Failed to initialize notify2: org.freedesktop.DBus.Error.Spawn.ExecFailed: /usr/bin/dbus-launch terminated abnormally without any error message
[9.658s] DEBUG:colcon.colcon_core.event_reactor:joined thread
[9.659s] INFO:colcon.colcon_core.shell:Creating prefix script '/CPE416/ros_ws/src/lab2/install/local_setup.ps1'
[9.681s] INFO:colcon.colcon_core.shell:Creating prefix util module '/CPE416/ros_ws/src/lab2/install/_local_setup_util_ps1.py'
[9.708s] INFO:colcon.colcon_core.shell:Creating prefix chain script '/CPE416/ros_ws/src/lab2/install/setup.ps1'
[9.770s] INFO:colcon.colcon_core.shell:Creating prefix script '/CPE416/ros_ws/src/lab2/install/local_setup.sh'
[9.793s] INFO:colcon.colcon_core.shell:Creating prefix util module '/CPE416/ros_ws/src/lab2/install/_local_setup_util_sh.py'
[9.819s] INFO:colcon.colcon_core.shell:Creating prefix chain script '/CPE416/ros_ws/src/lab2/install/setup.sh'
[9.891s] INFO:colcon.colcon_core.shell:Creating prefix script '/CPE416/ros_ws/src/lab2/install/local_setup.bash'
[9.908s] INFO:colcon.colcon_core.shell:Creating prefix chain script '/CPE416/ros_ws/src/lab2/install/setup.bash'
[9.947s] INFO:colcon.colcon_core.shell:Creating prefix script '/CPE416/ros_ws/src/lab2/install/local_setup.zsh'
[9.956s] INFO:colcon.colcon_core.shell:Creating prefix chain script '/CPE416/ros_ws/src/lab2/install/setup.zsh'
