[0.320s] DEBUG:colcon:Command line arguments: ['/usr/bin/colcon', 'build']
[0.320s] DEBUG:colcon:Parsed command line arguments: Namespace(log_base=None, log_level=None, verb_name='build', build_base='build', install_base='install', merge_install=False, symlink_install=False, test_result_base=None, continue_on_error=False, executor='parallel', parallel_workers=8, event_handlers=None, ignore_user_meta=False, metas=['./colcon.meta'], base_paths=['.'], packages_ignore=None, packages_ignore_regex=None, paths=None, packages_up_to=None, packages_up_to_regex=None, packages_above=None, packages_above_and_dependencies=None, packages_above_depth=None, packages_select_by_dep=None, packages_skip_by_dep=None, packages_skip_up_to=None, packages_select_build_failed=False, packages_skip_build_finished=False, packages_select_test_failures=False, packages_skip_test_passed=False, packages_select=None, packages_skip=None, packages_select_regex=None, packages_skip_regex=None, packages_start=None, packages_end=None, cmake_args=None, cmake_target=None, cmake_target_skip_unavailable=False, cmake_clean_cache=False, cmake_clean_first=False, cmake_force_configure=False, ament_cmake_args=None, catkin_cmake_args=None, catkin_skip_building_tests=False, mixin_files=None, mixin=None, verb_parser=<colcon_mixin.mixin.mixin_argument.MixinArgumentDecorator object at 0x7a5a9d38c9d0>, verb_extension=<colcon_core.verb.build.BuildVerb object at 0x7a5a9d4c9180>, main=<bound method BuildVerb.main of <colcon_core.verb.build.BuildVerb object at 0x7a5a9d4c9180>>, mixin_verb=('build',))
[0.697s] Level 1:colcon.colcon_core.package_discovery:discover_packages(colcon_meta) check parameters
[0.699s] INFO:colcon.colcon_metadata.package_discovery.colcon_meta:Using configuration from '/root/.colcon/metadata/default/Gazebo.meta'
[0.700s] INFO:colcon.colcon_metadata.package_discovery.colcon_meta:Using configuration from '/root/.colcon/metadata/default/fastrtps.meta'
[0.703s] Level 1:colcon.colcon_core.package_discovery:discover_packages(recursive) check parameters
[0.703s] Level 1:colcon.colcon_core.package_discovery:discover_packages(ignore) check parameters
[0.704s] Level 1:colcon.colcon_core.package_discovery:discover_packages(path) check parameters
[0.704s] Level 1:colcon.colcon_core.package_discovery:discover_packages(colcon_meta) discover
[0.705s] Level 1:colcon.colcon_core.package_discovery:discover_packages(recursive) discover
[0.705s] INFO:colcon.colcon_core.package_discovery:Crawling recursively for packages in '/gobilda_sim/ros_ws/src/obstacle_layer'
[0.718s] Level 1:colcon.colcon_core.package_identification:_identify(.) by extensions ['ignore', 'ignore_ament_install']
[0.719s] Level 1:colcon.colcon_core.package_identification:_identify(.) by extension 'ignore'
[0.720s] Level 1:colcon.colcon_core.package_identification:_identify(.) by extension 'ignore_ament_install'
[0.721s] Level 1:colcon.colcon_core.package_identification:_identify(.) by extensions ['colcon_pkg']
[0.722s] Level 1:colcon.colcon_core.package_identification:_identify(.) by extension 'colcon_pkg'
[0.723s] Level 1:colcon.colcon_core.package_identification:_identify(.) by extensions ['colcon_meta']
[0.723s] Level 1:colcon.colcon_core.package_identification:_identify(.) by extension 'colcon_meta'
[0.723s] Level 1:colcon.colcon_core.package_identification:_identify(.) by extensions ['ros']
[0.724s] Level 1:colcon.colcon_core.package_identification:_identify(.) by extension 'ros'
[0.776s] DEBUG:colcon.colcon_core.package_identification:Package '.' with type 'ros.ament_python' and name 'obstacle_layer'
[0.777s] Level 1:colcon.colcon_core.package_discovery:discover_packages(recursive) using defaults
[0.777s] Level 1:colcon.colcon_core.package_discovery:discover_packages(ignore) discover
[0.778s] Level 1:colcon.colcon_core.package_discovery:discover_packages(ignore) using defaults
[0.779s] Level 1:colcon.colcon_core.package_discovery:discover_packages(path) discover
[0.779s] Level 1:colcon.colcon_core.package_discovery:discover_packages(path) using defaults
[0.958s] Level 5:colcon.colcon_core.verb:set package 'obstacle_layer' build argument 'cmake_args' from command line to 'None'
[0.959s] Level 5:colcon.colcon_core.verb:set package 'obstacle_layer' build argument 'cmake_target' from command line to 'None'
[0.959s] Level 5:colcon.colcon_core.verb:set package 'obstacle_layer' build argument 'cmake_target_skip_unavailable' from command line to 'False'
[0.960s] Level 5:colcon.colcon_core.verb:set package 'obstacle_layer' build argument 'cmake_clean_cache' from command line to 'False'
[0.963s] Level 5:colcon.colcon_core.verb:set package 'obstacle_layer' build argument 'cmake_clean_first' from command line to 'False'
[0.964s] Level 5:colcon.colcon_core.verb:set package 'obstacle_layer' build argument 'cmake_force_configure' from command line to 'False'
[0.967s] Level 5:colcon.colcon_core.verb:set package 'obstacle_layer' build argument 'ament_cmake_args' from command line to 'None'
[0.968s] Level 5:colcon.colcon_core.verb:set package 'obstacle_layer' build argument 'catkin_cmake_args' from command line to 'None'
[0.968s] Level 5:colcon.colcon_core.verb:set package 'obstacle_layer' build argument 'catkin_skip_building_tests' from command line to 'False'
[0.970s] DEBUG:colcon.colcon_core.verb:Building package 'obstacle_layer' with the following arguments: {'ament_cmake_args': None, 'build_base': '/gobilda_sim/ros_ws/src/obstacle_layer/build/obstacle_layer', 'catkin_cmake_args': None, 'catkin_skip_building_tests': False, 'cmake_args': None, 'cmake_clean_cache': False, 'cmake_clean_first': False, 'cmake_force_configure': False, 'cmake_target': None, 'cmake_target_skip_unavailable': False, 'install_base': '/gobilda_sim/ros_ws/src/obstacle_layer/install/obstacle_layer', 'merge_install': False, 'path': '/gobilda_sim/ros_ws/src/obstacle_layer', 'symlink_install': False, 'test_result_base': None}
[0.970s] INFO:colcon.colcon_core.executor:Executing jobs using 'parallel' executor
[0.976s] DEBUG:colcon.colcon_parallel_executor.executor.parallel:run_until_complete
[0.977s] INFO:colcon.colcon_ros.task.ament_python.build:Building ROS package in '/gobilda_sim/ros_ws/src/obstacle_layer' with build type 'ament_python'
[0.981s] Level 1:colcon.colcon_core.shell:create_environment_hook('obstacle_layer', 'ament_prefix_path')
[0.991s] INFO:colcon.colcon_core.plugin_system:Skipping extension 'colcon_core.shell.bat': Not used on non-Windows systems
[0.993s] INFO:colcon.colcon_core.shell:Creating environment hook '/gobilda_sim/ros_ws/src/obstacle_layer/install/obstacle_layer/share/obstacle_layer/hook/ament_prefix_path.ps1'
[1.109s] INFO:colcon.colcon_core.shell:Creating environment descriptor '/gobilda_sim/ros_ws/src/obstacle_layer/install/obstacle_layer/share/obstacle_layer/hook/ament_prefix_path.dsv'
[1.299s] INFO:colcon.colcon_core.shell:Creating environment hook '/gobilda_sim/ros_ws/src/obstacle_layer/install/obstacle_layer/share/obstacle_layer/hook/ament_prefix_path.sh'
[1.469s] INFO:colcon.colcon_core.shell:Skip shell extension 'powershell' for command environment: Not usable outside of PowerShell
[1.470s] DEBUG:colcon.colcon_core.shell:Skip shell extension 'dsv' for command environment
[2.988s] INFO:colcon.colcon_core.task.python.build:Building Python package in '/gobilda_sim/ros_ws/src/obstacle_layer'
[2.990s] INFO:colcon.colcon_core.shell:Skip shell extension 'powershell' for command environment: Not usable outside of PowerShell
[2.991s] DEBUG:colcon.colcon_core.shell:Skip shell extension 'dsv' for command environment
[5.624s] DEBUG:colcon.colcon_core.event_handler.log_command:Invoking command in '/gobilda_sim/ros_ws/src/obstacle_layer': PYTHONPATH=/gobilda_sim/ros_ws/src/obstacle_layer/build/obstacle_layer/prefix_override:/usr/lib/python3/dist-packages/colcon_core/task/python/colcon_distutils_commands:/gobilda_sim/ros_ws/src/obstacle_layer/install/obstacle_layer/lib/python3.10/site-packages:${PYTHONPATH} /usr/bin/python3 -W ignore:setup.py install is deprecated setup.py egg_info --egg-base build/obstacle_layer build --build-base /gobilda_sim/ros_ws/src/obstacle_layer/build/obstacle_layer/build install --record /gobilda_sim/ros_ws/src/obstacle_layer/build/obstacle_layer/install.log --single-version-externally-managed install_data
[12.224s] DEBUG:colcon.colcon_core.event_handler.log_command:Invoked command in '/gobilda_sim/ros_ws/src/obstacle_layer' returned '0': PYTHONPATH=/gobilda_sim/ros_ws/src/obstacle_layer/build/obstacle_layer/prefix_override:/usr/lib/python3/dist-packages/colcon_core/task/python/colcon_distutils_commands:/gobilda_sim/ros_ws/src/obstacle_layer/install/obstacle_layer/lib/python3.10/site-packages:${PYTHONPATH} /usr/bin/python3 -W ignore:setup.py install is deprecated setup.py egg_info --egg-base build/obstacle_layer build --build-base /gobilda_sim/ros_ws/src/obstacle_layer/build/obstacle_layer/build install --record /gobilda_sim/ros_ws/src/obstacle_layer/build/obstacle_layer/install.log --single-version-externally-managed install_data
[12.228s] Level 1:colcon.colcon_core.environment:checking '/gobilda_sim/ros_ws/src/obstacle_layer/install/obstacle_layer' for CMake module files
[12.380s] Level 1:colcon.colcon_core.environment:checking '/gobilda_sim/ros_ws/src/obstacle_layer/install/obstacle_layer' for CMake config files
[12.654s] Level 1:colcon.colcon_core.environment:checking '/gobilda_sim/ros_ws/src/obstacle_layer/install/obstacle_layer/lib'
[12.676s] Level 1:colcon.colcon_core.environment:checking '/gobilda_sim/ros_ws/src/obstacle_layer/install/obstacle_layer/bin'
[12.681s] Level 1:colcon.colcon_core.environment:checking '/gobilda_sim/ros_ws/src/obstacle_layer/install/obstacle_layer/lib/pkgconfig/obstacle_layer.pc'
[12.690s] Level 1:colcon.colcon_core.environment:checking '/gobilda_sim/ros_ws/src/obstacle_layer/install/obstacle_layer/lib/python3.10/site-packages'
[12.702s] Level 1:colcon.colcon_core.shell:create_environment_hook('obstacle_layer', 'pythonpath')
[12.705s] INFO:colcon.colcon_core.shell:Creating environment hook '/gobilda_sim/ros_ws/src/obstacle_layer/install/obstacle_layer/share/obstacle_layer/hook/pythonpath.ps1'
[12.778s] INFO:colcon.colcon_core.shell:Creating environment descriptor '/gobilda_sim/ros_ws/src/obstacle_layer/install/obstacle_layer/share/obstacle_layer/hook/pythonpath.dsv'
[12.822s] INFO:colcon.colcon_core.shell:Creating environment hook '/gobilda_sim/ros_ws/src/obstacle_layer/install/obstacle_layer/share/obstacle_layer/hook/pythonpath.sh'
[12.888s] Level 1:colcon.colcon_core.environment:checking '/gobilda_sim/ros_ws/src/obstacle_layer/install/obstacle_layer/bin'
[12.891s] Level 1:colcon.colcon_core.environment:create_environment_scripts_only(obstacle_layer)
[12.892s] INFO:colcon.colcon_core.shell:Creating package script '/gobilda_sim/ros_ws/src/obstacle_layer/install/obstacle_layer/share/obstacle_layer/package.ps1'
[12.981s] INFO:colcon.colcon_core.shell:Creating package descriptor '/gobilda_sim/ros_ws/src/obstacle_layer/install/obstacle_layer/share/obstacle_layer/package.dsv'
[13.057s] INFO:colcon.colcon_core.shell:Creating package script '/gobilda_sim/ros_ws/src/obstacle_layer/install/obstacle_layer/share/obstacle_layer/package.sh'
[13.100s] INFO:colcon.colcon_core.shell:Creating package script '/gobilda_sim/ros_ws/src/obstacle_layer/install/obstacle_layer/share/obstacle_layer/package.bash'
[13.153s] INFO:colcon.colcon_core.shell:Creating package script '/gobilda_sim/ros_ws/src/obstacle_layer/install/obstacle_layer/share/obstacle_layer/package.zsh'
[13.225s] Level 1:colcon.colcon_core.environment:create_file_with_runtime_dependencies(/gobilda_sim/ros_ws/src/obstacle_layer/install/obstacle_layer/share/colcon-core/packages/obstacle_layer)
[13.275s] DEBUG:colcon.colcon_parallel_executor.executor.parallel:closing loop
[13.277s] DEBUG:colcon.colcon_parallel_executor.executor.parallel:loop closed
[13.277s] DEBUG:colcon.colcon_parallel_executor.executor.parallel:run_until_complete finished with '0'
[13.278s] DEBUG:colcon.colcon_core.event_reactor:joining thread
[13.357s] INFO:colcon.colcon_core.plugin_system:Skipping extension 'colcon_notification.desktop_notification.notify_send': Could not find 'notify-send'
[13.358s] INFO:colcon.colcon_core.plugin_system:Skipping extension 'colcon_notification.desktop_notification.terminal_notifier': Not used on non-Darwin systems
[13.359s] INFO:colcon.colcon_core.plugin_system:Skipping extension 'colcon_notification.desktop_notification.win32': Not used on non-Windows systems
[13.360s] INFO:colcon.colcon_notification.desktop_notification:Sending desktop notification using 'notify2'
[13.368s] DEBUG:colcon.colcon_notification.desktop_notification.notify2:Failed to initialize notify2: org.freedesktop.DBus.Error.Spawn.ExecFailed: /usr/bin/dbus-launch terminated abnormally without any error message
[13.369s] DEBUG:colcon.colcon_core.event_reactor:joined thread
[13.371s] INFO:colcon.colcon_core.shell:Creating prefix script '/gobilda_sim/ros_ws/src/obstacle_layer/install/local_setup.ps1'
[13.467s] INFO:colcon.colcon_core.shell:Creating prefix util module '/gobilda_sim/ros_ws/src/obstacle_layer/install/_local_setup_util_ps1.py'
[13.497s] INFO:colcon.colcon_core.shell:Creating prefix chain script '/gobilda_sim/ros_ws/src/obstacle_layer/install/setup.ps1'
[13.519s] INFO:colcon.colcon_core.shell:Creating prefix script '/gobilda_sim/ros_ws/src/obstacle_layer/install/local_setup.sh'
[13.544s] INFO:colcon.colcon_core.shell:Creating prefix util module '/gobilda_sim/ros_ws/src/obstacle_layer/install/_local_setup_util_sh.py'
[13.568s] INFO:colcon.colcon_core.shell:Creating prefix chain script '/gobilda_sim/ros_ws/src/obstacle_layer/install/setup.sh'
[13.595s] INFO:colcon.colcon_core.shell:Creating prefix script '/gobilda_sim/ros_ws/src/obstacle_layer/install/local_setup.bash'
[13.614s] INFO:colcon.colcon_core.shell:Creating prefix chain script '/gobilda_sim/ros_ws/src/obstacle_layer/install/setup.bash'
[13.636s] INFO:colcon.colcon_core.shell:Creating prefix script '/gobilda_sim/ros_ws/src/obstacle_layer/install/local_setup.zsh'
[13.655s] INFO:colcon.colcon_core.shell:Creating prefix chain script '/gobilda_sim/ros_ws/src/obstacle_layer/install/setup.zsh'
