[0.703s] DEBUG:colcon:Command line arguments: ['/usr/bin/colcon', 'build']
[0.704s] DEBUG:colcon:Parsed command line arguments: Namespace(log_base=None, log_level=None, verb_name='build', build_base='build', install_base='install', merge_install=False, symlink_install=False, test_result_base=None, continue_on_error=False, executor='parallel', parallel_workers=8, event_handlers=None, ignore_user_meta=False, metas=['./colcon.meta'], base_paths=['.'], packages_ignore=None, packages_ignore_regex=None, paths=None, packages_up_to=None, packages_up_to_regex=None, packages_above=None, packages_above_and_dependencies=None, packages_above_depth=None, packages_select_by_dep=None, packages_skip_by_dep=None, packages_skip_up_to=None, packages_select_build_failed=False, packages_skip_build_finished=False, packages_select_test_failures=False, packages_skip_test_passed=False, packages_select=None, packages_skip=None, packages_select_regex=None, packages_skip_regex=None, packages_start=None, packages_end=None, cmake_args=None, cmake_target=None, cmake_target_skip_unavailable=False, cmake_clean_cache=False, cmake_clean_first=False, cmake_force_configure=False, ament_cmake_args=None, catkin_cmake_args=None, catkin_skip_building_tests=False, mixin_files=None, mixin=None, verb_parser=<colcon_mixin.mixin.mixin_argument.MixinArgumentDecorator object at 0x72f8c6f140a0>, verb_extension=<colcon_core.verb.build.BuildVerb object at 0x72f8c70146a0>, main=<bound method BuildVerb.main of <colcon_core.verb.build.BuildVerb object at 0x72f8c70146a0>>, mixin_verb=('build',))
[1.057s] Level 1:colcon.colcon_core.package_discovery:discover_packages(colcon_meta) check parameters
[1.060s] INFO:colcon.colcon_metadata.package_discovery.colcon_meta:Using configuration from '/root/.colcon/metadata/default/Gazebo.meta'
[1.062s] INFO:colcon.colcon_metadata.package_discovery.colcon_meta:Using configuration from '/root/.colcon/metadata/default/fastrtps.meta'
[1.064s] Level 1:colcon.colcon_core.package_discovery:discover_packages(recursive) check parameters
[1.064s] Level 1:colcon.colcon_core.package_discovery:discover_packages(ignore) check parameters
[1.064s] Level 1:colcon.colcon_core.package_discovery:discover_packages(path) check parameters
[1.065s] Level 1:colcon.colcon_core.package_discovery:discover_packages(colcon_meta) discover
[1.065s] Level 1:colcon.colcon_core.package_discovery:discover_packages(recursive) discover
[1.066s] INFO:colcon.colcon_core.package_discovery:Crawling recursively for packages in '/gobilda_sim/ros_ws/src/bump_and_go'
[1.070s] Level 1:colcon.colcon_core.package_identification:_identify(.) by extensions ['ignore', 'ignore_ament_install']
[1.070s] Level 1:colcon.colcon_core.package_identification:_identify(.) by extension 'ignore'
[1.071s] Level 1:colcon.colcon_core.package_identification:_identify(.) by extension 'ignore_ament_install'
[1.072s] Level 1:colcon.colcon_core.package_identification:_identify(.) by extensions ['colcon_pkg']
[1.072s] Level 1:colcon.colcon_core.package_identification:_identify(.) by extension 'colcon_pkg'
[1.073s] Level 1:colcon.colcon_core.package_identification:_identify(.) by extensions ['colcon_meta']
[1.073s] Level 1:colcon.colcon_core.package_identification:_identify(.) by extension 'colcon_meta'
[1.074s] Level 1:colcon.colcon_core.package_identification:_identify(.) by extensions ['ros']
[1.074s] Level 1:colcon.colcon_core.package_identification:_identify(.) by extension 'ros'
[1.114s] DEBUG:colcon.colcon_core.package_identification:Package '.' with type 'ros.ament_python' and name 'bump_and_go'
[1.115s] Level 1:colcon.colcon_core.package_discovery:discover_packages(recursive) using defaults
[1.115s] Level 1:colcon.colcon_core.package_discovery:discover_packages(ignore) discover
[1.116s] Level 1:colcon.colcon_core.package_discovery:discover_packages(ignore) using defaults
[1.116s] Level 1:colcon.colcon_core.package_discovery:discover_packages(path) discover
[1.116s] Level 1:colcon.colcon_core.package_discovery:discover_packages(path) using defaults
[1.241s] Level 5:colcon.colcon_core.verb:set package 'bump_and_go' build argument 'cmake_args' from command line to 'None'
[1.242s] Level 5:colcon.colcon_core.verb:set package 'bump_and_go' build argument 'cmake_target' from command line to 'None'
[1.243s] Level 5:colcon.colcon_core.verb:set package 'bump_and_go' build argument 'cmake_target_skip_unavailable' from command line to 'False'
[1.243s] Level 5:colcon.colcon_core.verb:set package 'bump_and_go' build argument 'cmake_clean_cache' from command line to 'False'
[1.244s] Level 5:colcon.colcon_core.verb:set package 'bump_and_go' build argument 'cmake_clean_first' from command line to 'False'
[1.245s] Level 5:colcon.colcon_core.verb:set package 'bump_and_go' build argument 'cmake_force_configure' from command line to 'False'
[1.245s] Level 5:colcon.colcon_core.verb:set package 'bump_and_go' build argument 'ament_cmake_args' from command line to 'None'
[1.246s] Level 5:colcon.colcon_core.verb:set package 'bump_and_go' build argument 'catkin_cmake_args' from command line to 'None'
[1.247s] Level 5:colcon.colcon_core.verb:set package 'bump_and_go' build argument 'catkin_skip_building_tests' from command line to 'False'
[1.248s] DEBUG:colcon.colcon_core.verb:Building package 'bump_and_go' with the following arguments: {'ament_cmake_args': None, 'build_base': '/gobilda_sim/ros_ws/src/bump_and_go/build/bump_and_go', 'catkin_cmake_args': None, 'catkin_skip_building_tests': False, 'cmake_args': None, 'cmake_clean_cache': False, 'cmake_clean_first': False, 'cmake_force_configure': False, 'cmake_target': None, 'cmake_target_skip_unavailable': False, 'install_base': '/gobilda_sim/ros_ws/src/bump_and_go/install/bump_and_go', 'merge_install': False, 'path': '/gobilda_sim/ros_ws/src/bump_and_go', 'symlink_install': False, 'test_result_base': None}
[1.249s] INFO:colcon.colcon_core.executor:Executing jobs using 'parallel' executor
[1.253s] DEBUG:colcon.colcon_parallel_executor.executor.parallel:run_until_complete
[1.254s] INFO:colcon.colcon_ros.task.ament_python.build:Building ROS package in '/gobilda_sim/ros_ws/src/bump_and_go' with build type 'ament_python'
[1.255s] Level 1:colcon.colcon_core.shell:create_environment_hook('bump_and_go', 'ament_prefix_path')
[1.276s] INFO:colcon.colcon_core.plugin_system:Skipping extension 'colcon_core.shell.bat': Not used on non-Windows systems
[1.277s] INFO:colcon.colcon_core.shell:Creating environment hook '/gobilda_sim/ros_ws/src/bump_and_go/install/bump_and_go/share/bump_and_go/hook/ament_prefix_path.ps1'
[1.364s] INFO:colcon.colcon_core.shell:Creating environment descriptor '/gobilda_sim/ros_ws/src/bump_and_go/install/bump_and_go/share/bump_and_go/hook/ament_prefix_path.dsv'
[1.414s] INFO:colcon.colcon_core.shell:Creating environment hook '/gobilda_sim/ros_ws/src/bump_and_go/install/bump_and_go/share/bump_and_go/hook/ament_prefix_path.sh'
[1.467s] INFO:colcon.colcon_core.shell:Skip shell extension 'powershell' for command environment: Not usable outside of PowerShell
[1.467s] DEBUG:colcon.colcon_core.shell:Skip shell extension 'dsv' for command environment
[2.093s] INFO:colcon.colcon_core.task.python.build:Building Python package in '/gobilda_sim/ros_ws/src/bump_and_go'
[2.094s] INFO:colcon.colcon_core.shell:Skip shell extension 'powershell' for command environment: Not usable outside of PowerShell
[2.094s] DEBUG:colcon.colcon_core.shell:Skip shell extension 'dsv' for command environment
[4.904s] DEBUG:colcon.colcon_core.event_handler.log_command:Invoking command in '/gobilda_sim/ros_ws/src/bump_and_go': PYTHONPATH=/gobilda_sim/ros_ws/src/bump_and_go/build/bump_and_go/prefix_override:/usr/lib/python3/dist-packages/colcon_core/task/python/colcon_distutils_commands:/gobilda_sim/ros_ws/src/bump_and_go/install/bump_and_go/lib/python3.10/site-packages: /usr/bin/python3 -W ignore:setup.py install is deprecated setup.py egg_info --egg-base build/bump_and_go build --build-base /gobilda_sim/ros_ws/src/bump_and_go/build/bump_and_go/build install --record /gobilda_sim/ros_ws/src/bump_and_go/build/bump_and_go/install.log --single-version-externally-managed install_data
[9.806s] DEBUG:colcon.colcon_core.event_handler.log_command:Invoked command in '/gobilda_sim/ros_ws/src/bump_and_go' returned '0': PYTHONPATH=/gobilda_sim/ros_ws/src/bump_and_go/build/bump_and_go/prefix_override:/usr/lib/python3/dist-packages/colcon_core/task/python/colcon_distutils_commands:/gobilda_sim/ros_ws/src/bump_and_go/install/bump_and_go/lib/python3.10/site-packages: /usr/bin/python3 -W ignore:setup.py install is deprecated setup.py egg_info --egg-base build/bump_and_go build --build-base /gobilda_sim/ros_ws/src/bump_and_go/build/bump_and_go/build install --record /gobilda_sim/ros_ws/src/bump_and_go/build/bump_and_go/install.log --single-version-externally-managed install_data
[9.828s] Level 1:colcon.colcon_core.environment:checking '/gobilda_sim/ros_ws/src/bump_and_go/install/bump_and_go' for CMake module files
[10.007s] Level 1:colcon.colcon_core.environment:checking '/gobilda_sim/ros_ws/src/bump_and_go/install/bump_and_go' for CMake config files
[10.202s] Level 1:colcon.colcon_core.environment:checking '/gobilda_sim/ros_ws/src/bump_and_go/install/bump_and_go/lib'
[10.213s] Level 1:colcon.colcon_core.environment:checking '/gobilda_sim/ros_ws/src/bump_and_go/install/bump_and_go/bin'
[10.216s] Level 1:colcon.colcon_core.environment:checking '/gobilda_sim/ros_ws/src/bump_and_go/install/bump_and_go/lib/pkgconfig/bump_and_go.pc'
[10.220s] Level 1:colcon.colcon_core.environment:checking '/gobilda_sim/ros_ws/src/bump_and_go/install/bump_and_go/lib/python3.10/site-packages'
[10.226s] Level 1:colcon.colcon_core.shell:create_environment_hook('bump_and_go', 'pythonpath')
[10.227s] INFO:colcon.colcon_core.shell:Creating environment hook '/gobilda_sim/ros_ws/src/bump_and_go/install/bump_and_go/share/bump_and_go/hook/pythonpath.ps1'
[10.289s] INFO:colcon.colcon_core.shell:Creating environment descriptor '/gobilda_sim/ros_ws/src/bump_and_go/install/bump_and_go/share/bump_and_go/hook/pythonpath.dsv'
[10.343s] INFO:colcon.colcon_core.shell:Creating environment hook '/gobilda_sim/ros_ws/src/bump_and_go/install/bump_and_go/share/bump_and_go/hook/pythonpath.sh'
[10.399s] Level 1:colcon.colcon_core.environment:checking '/gobilda_sim/ros_ws/src/bump_and_go/install/bump_and_go/bin'
[10.402s] Level 1:colcon.colcon_core.environment:create_environment_scripts_only(bump_and_go)
[10.404s] INFO:colcon.colcon_core.shell:Creating package script '/gobilda_sim/ros_ws/src/bump_and_go/install/bump_and_go/share/bump_and_go/package.ps1'
[10.482s] INFO:colcon.colcon_core.shell:Creating package descriptor '/gobilda_sim/ros_ws/src/bump_and_go/install/bump_and_go/share/bump_and_go/package.dsv'
[10.537s] INFO:colcon.colcon_core.shell:Creating package script '/gobilda_sim/ros_ws/src/bump_and_go/install/bump_and_go/share/bump_and_go/package.sh'
[10.618s] INFO:colcon.colcon_core.shell:Creating package script '/gobilda_sim/ros_ws/src/bump_and_go/install/bump_and_go/share/bump_and_go/package.bash'
[10.668s] INFO:colcon.colcon_core.shell:Creating package script '/gobilda_sim/ros_ws/src/bump_and_go/install/bump_and_go/share/bump_and_go/package.zsh'
[10.729s] Level 1:colcon.colcon_core.environment:create_file_with_runtime_dependencies(/gobilda_sim/ros_ws/src/bump_and_go/install/bump_and_go/share/colcon-core/packages/bump_and_go)
[10.784s] DEBUG:colcon.colcon_parallel_executor.executor.parallel:closing loop
[10.785s] DEBUG:colcon.colcon_parallel_executor.executor.parallel:loop closed
[10.786s] DEBUG:colcon.colcon_parallel_executor.executor.parallel:run_until_complete finished with '0'
[10.787s] DEBUG:colcon.colcon_core.event_reactor:joining thread
[10.860s] INFO:colcon.colcon_core.plugin_system:Skipping extension 'colcon_notification.desktop_notification.notify_send': Could not find 'notify-send'
[10.861s] INFO:colcon.colcon_core.plugin_system:Skipping extension 'colcon_notification.desktop_notification.terminal_notifier': Not used on non-Darwin systems
[10.863s] INFO:colcon.colcon_core.plugin_system:Skipping extension 'colcon_notification.desktop_notification.win32': Not used on non-Windows systems
[10.864s] INFO:colcon.colcon_notification.desktop_notification:Sending desktop notification using 'notify2'
[10.881s] DEBUG:colcon.colcon_notification.desktop_notification.notify2:Failed to initialize notify2: org.freedesktop.DBus.Error.Spawn.ExecFailed: /usr/bin/dbus-launch terminated abnormally without any error message
[10.883s] DEBUG:colcon.colcon_core.event_reactor:joined thread
[10.885s] INFO:colcon.colcon_core.shell:Creating prefix script '/gobilda_sim/ros_ws/src/bump_and_go/install/local_setup.ps1'
[10.968s] INFO:colcon.colcon_core.shell:Creating prefix util module '/gobilda_sim/ros_ws/src/bump_and_go/install/_local_setup_util_ps1.py'
[11.044s] INFO:colcon.colcon_core.shell:Creating prefix chain script '/gobilda_sim/ros_ws/src/bump_and_go/install/setup.ps1'
[11.112s] INFO:colcon.colcon_core.shell:Creating prefix script '/gobilda_sim/ros_ws/src/bump_and_go/install/local_setup.sh'
[11.168s] INFO:colcon.colcon_core.shell:Creating prefix util module '/gobilda_sim/ros_ws/src/bump_and_go/install/_local_setup_util_sh.py'
[11.212s] INFO:colcon.colcon_core.shell:Creating prefix chain script '/gobilda_sim/ros_ws/src/bump_and_go/install/setup.sh'
[11.251s] INFO:colcon.colcon_core.shell:Creating prefix script '/gobilda_sim/ros_ws/src/bump_and_go/install/local_setup.bash'
[11.315s] INFO:colcon.colcon_core.shell:Creating prefix chain script '/gobilda_sim/ros_ws/src/bump_and_go/install/setup.bash'
[11.367s] INFO:colcon.colcon_core.shell:Creating prefix script '/gobilda_sim/ros_ws/src/bump_and_go/install/local_setup.zsh'
[11.423s] INFO:colcon.colcon_core.shell:Creating prefix chain script '/gobilda_sim/ros_ws/src/bump_and_go/install/setup.zsh'
