running egg_info
creating ../../build/lab1/lab1.egg-info
writing ../../build/lab1/lab1.egg-info/PKG-INFO
writing dependency_links to ../../build/lab1/lab1.egg-info/dependency_links.txt
writing entry points to ../../build/lab1/lab1.egg-info/entry_points.txt
writing requirements to ../../build/lab1/lab1.egg-info/requires.txt
writing top-level names to ../../build/lab1/lab1.egg-info/top_level.txt
writing manifest file '../../build/lab1/lab1.egg-info/SOURCES.txt'
reading manifest file '../../build/lab1/lab1.egg-info/SOURCES.txt'
writing manifest file '../../build/lab1/lab1.egg-info/SOURCES.txt'
running build
running build_py
creating /CPE416/ros_ws/build/lab1/build
creating /CPE416/ros_ws/build/lab1/build/lib
creating /CPE416/ros_ws/build/lab1/build/lib/lab1
copying lab1/__init__.py -> /CPE416/ros_ws/build/lab1/build/lib/lab1
running install
running install_lib
creating /CPE416/ros_ws/install/lab1/lib/python3.10/site-packages/lab1
copying /CPE416/ros_ws/build/lab1/build/lib/lab1/__init__.py -> /CPE416/ros_ws/install/lab1/lib/python3.10/site-packages/lab1
byte-compiling /CPE416/ros_ws/install/lab1/lib/python3.10/site-packages/lab1/__init__.py to __init__.cpython-310.pyc
running install_data
creating /CPE416/ros_ws/install/lab1/share/ament_index
creating /CPE416/ros_ws/install/lab1/share/ament_index/resource_index
creating /CPE416/ros_ws/install/lab1/share/ament_index/resource_index/packages
copying resource/lab1 -> /CPE416/ros_ws/install/lab1/share/ament_index/resource_index/packages
copying package.xml -> /CPE416/ros_ws/install/lab1/share/lab1
running install_egg_info
Copying ../../build/lab1/lab1.egg-info to /CPE416/ros_ws/install/lab1/lib/python3.10/site-packages/lab1-0.0.0-py3.10.egg-info
running install_scripts
writing list of installed files to '/CPE416/ros_ws/build/lab1/install.log'
