[0.005s] Invoking command in '/CPE416/ros_ws/build/ros_gz_example_gazebo': AMENT_PREFIX_PATH=/CPE416/ros_ws/install/ros_gz_example_description:${AMENT_PREFIX_PATH} CMAKE_PREFIX_PATH=/CPE416/ros_ws/install/ros_gz_example_description:/opt/ros/humble IGN_GAZEBO_RESOURCE_PATH=/CPE416/ros_ws/install/ros_gz_example_description/share/ros_gz_example_description/models /usr/bin/cmake /CPE416/ros_ws/src/ros_gz_project/ros_gz_example_gazebo -DCMAKE_INSTALL_PREFIX=/CPE416/ros_ws/install/ros_gz_example_gazebo
[0.038s] -- The C compiler identification is GNU 11.4.0
[0.069s] -- The CXX compiler identification is GNU 11.4.0
[0.073s] -- Detecting C compiler ABI info
[0.119s] -- Detecting C compiler ABI info - done
[0.125s] -- Check for working C compiler: /usr/bin/cc - skipped
[0.126s] -- Detecting C compile features
[0.126s] -- Detecting C compile features - done
[0.128s] -- Detecting CXX compiler ABI info
[0.179s] -- Detecting CXX compiler ABI info - done
[0.185s] -- Check for working CXX compiler: /usr/bin/c++ - skipped
[0.185s] -- Detecting CXX compile features
[0.185s] -- Detecting CXX compile features - done
[0.189s] -- Found ament_cmake: 1.3.10 (/opt/ros/humble/share/ament_cmake/cmake)
[0.251s] -- Found Python3: /usr/bin/python3 (found version "3.10.12") found components: Interpreter 
[0.305s] -- Found ros_gz_example_description: 0.0.0 (/CPE416/ros_ws/install/ros_gz_example_description/share/ros_gz_example_description/cmake)
[0.316s] -- Looking for ignition-plugin1 -- found version 1.4.0
[0.316s] -- Searching for dependencies of ignition-plugin1
[0.318s] -- Searching for <ignition-plugin1> component [register]
[0.320s] -- Looking for ignition-plugin1-register -- found version 1.4.0
[0.320s] -- Searching for dependencies of ignition-plugin1-register
[0.323s] -- Looking for ignition-common4 -- found version 4.7.0
[0.323s] -- Searching for dependencies of ignition-common4
[0.324s] -- Looking for dlfcn.h - found
[0.327s] -- Looking for libdl - found
[0.328s] -- Found DL: TRUE  
[0.334s] -- Checking for module 'uuid'
[0.339s] --   Found uuid, version 2.37.2
[0.347s] -- Found UUID: TRUE  
[0.347s] -- Searching for <ignition-common4> component [profiler]
[0.350s] -- Looking for ignition-common4-profiler -- found version 4.7.0
[0.350s] -- Searching for dependencies of ignition-common4-profiler
[0.354s] -- Looking for ignition-gazebo6 -- found version 6.16.0
[0.354s] -- Searching for dependencies of ignition-gazebo6
[0.357s] -- Looking for sdformat12 -- found version 12.7.2
[0.358s] -- Searching for dependencies of sdformat12
[0.359s] -- Checking for module 'tinyxml2'
[0.362s] --   Found tinyxml2, version 9.0.0
[0.372s] -- Looking for ignition-math6 -- found version 6.15.1
[0.372s] -- Searching for dependencies of ignition-math6
[0.375s] -- Looking for ignition-utils1 -- found version 1.5.1
[0.375s] -- Searching for dependencies of ignition-utils1
[0.376s] -- Looking for ignition-plugin1 -- found version 1.4.0
[0.377s] -- Searching for dependencies of ignition-plugin1
[0.377s] -- Searching for <ignition-plugin1> component [loader]
[0.379s] -- Looking for ignition-plugin1-loader -- found version 1.4.0
[0.379s] -- Searching for dependencies of ignition-plugin1-loader
[0.380s] -- Searching for <ignition-plugin1> component [register]
[0.382s] -- Looking for ignition-transport11 -- found version 11.4.1
[0.382s] -- Searching for dependencies of ignition-transport11
[0.504s] -- Found Protobuf: /usr/lib/aarch64-linux-gnu/libprotobuf.so (found version "3.12.4") 
[0.510s] -- Config-file not installed for ZeroMQ -- checking for pkg-config
[0.512s] -- Checking for module 'libzmq >= 4'
[0.516s] --   Found libzmq , version 4.3.4
[0.525s] -- Found ZeroMQ: TRUE (Required is at least version "4") 
[0.530s] -- Looking for ignition-utils1 -- found version 1.5.1
[0.530s] -- Searching for dependencies of ignition-utils1
[0.530s] -- Searching for <ignition-utils1> component [cli]
[0.533s] -- Looking for ignition-utils1-cli -- found version 1.5.1
[0.533s] -- Searching for dependencies of ignition-utils1-cli
[0.536s] -- Looking for ignition-msgs8 -- found version 8.7.0
[0.537s] -- Searching for dependencies of ignition-msgs8
[0.546s] -- Found Protobuf: /usr/lib/aarch64-linux-gnu/libprotobuf.so (found suitable version "3.12.4", minimum required is "3") 
[0.546s] -- Looking for ignition-math6 -- found version 6.15.1
[0.549s] -- Searching for <ignition-transport11> component [log]
[0.552s] -- Looking for ignition-transport11-log -- found version 11.4.1
[0.552s] -- Searching for dependencies of ignition-transport11-log
[0.553s] -- Searching for <ignition-transport11> component [parameters]
[0.555s] -- Looking for ignition-transport11-parameters -- found version 11.4.1
[0.555s] -- Searching for dependencies of ignition-transport11-parameters
[0.557s] -- Looking for ignition-msgs8 -- found version 8.7.0
[0.557s] -- Looking for ignition-common4 -- found version 4.7.0
[0.557s] -- Searching for dependencies of ignition-common4
[0.558s] -- Looking for dlfcn.h - found
[0.559s] -- Looking for libdl - found
[0.560s] -- Searching for <ignition-common4> component [profiler]
[0.560s] -- Searching for <ignition-common4> component [events]
[0.562s] -- Looking for ignition-common4-events -- found version 4.7.0
[0.563s] -- Searching for dependencies of ignition-common4-events
[0.563s] -- Looking for ignition-math6 -- found version 6.15.1
[0.563s] -- Searching for <ignition-common4> component [av]
[0.565s] -- Looking for ignition-common4-av -- found version 4.7.0
[0.566s] -- Searching for dependencies of ignition-common4-av
[0.567s] -- Checking for module 'libswscale'
[0.571s] --   Found libswscale, version 5.9.100
[0.579s] -- Found SWSCALE: TRUE  
[0.581s] -- Checking for module 'libavdevice >= 56.4.100'
[0.585s] --   Found libavdevice , version 58.13.100
[0.594s] -- Found AVDEVICE: TRUE (Required is at least version "56.4.100") 
[0.596s] -- Checking for module 'libavformat'
[0.599s] --   Found libavformat, version 58.76.100
[0.607s] -- Found AVFORMAT: TRUE  
[0.608s] -- Checking for module 'libavcodec'
[0.612s] --   Found libavcodec, version 58.134.100
[0.622s] -- Found AVCODEC: TRUE  
[0.625s] -- Checking for module 'libavutil'
[0.629s] --   Found libavutil, version 56.70.100
[0.638s] -- Found AVUTIL: TRUE  
[0.641s] -- Looking for ignition-fuel_tools7 -- found version 7.3.0
[0.642s] -- Searching for dependencies of ignition-fuel_tools7
[0.666s] -- Found CURL: /usr/lib/aarch64-linux-gnu/libcurl.so (found version "7.81.0")  
[0.670s] -- Checking for module 'jsoncpp'
[0.674s] --   Found jsoncpp, version 1.9.5
[0.681s] -- Found JSONCPP: TRUE  
[0.685s] -- Checking for module 'libzip'
[0.688s] --   Found libzip, version 1.7.3
[0.697s] -- Found ZIP: TRUE  
[0.697s] -- Looking for ignition-common4 -- found version 4.7.0
[0.697s] -- Looking for ignition-math6 -- found version 6.15.1
[0.697s] -- Looking for ignition-msgs8 -- found version 8.7.0
[0.700s] -- Looking for ignition-gui6 -- found version 6.8.0
[0.700s] -- Searching for dependencies of ignition-gui6
[0.711s] -- Looking for ignition-math6 -- found version 6.15.1
[0.712s] -- Looking for ignition-common4 -- found version 4.7.0
[0.712s] -- Looking for ignition-plugin1 -- found version 1.4.0
[0.712s] -- Looking for ignition-transport11 -- found version 11.4.1
[0.714s] -- Looking for ignition-rendering6 -- found version 6.6.3
[0.714s] -- Searching for dependencies of ignition-rendering6
[0.715s] -- Looking for ignition-math6 -- found version 6.15.1
[0.715s] -- Searching for dependencies of ignition-math6
[0.715s] -- Searching for <ignition-math6> component [eigen3]
[0.717s] -- Looking for ignition-math6-eigen3 -- found version 6.15.1
[0.717s] -- Searching for dependencies of ignition-math6-eigen3
[0.723s] -- Looking for ignition-common4 -- found version 4.7.0
[0.723s] -- Searching for dependencies of ignition-common4
[0.723s] -- Looking for dlfcn.h - found
[0.725s] -- Looking for libdl - found
[0.726s] -- Searching for <ignition-common4> component [graphics]
[0.729s] -- Looking for ignition-common4-graphics -- found version 4.7.0
[0.729s] -- Searching for dependencies of ignition-common4-graphics
[0.729s] -- Looking for ignition-math6 -- found version 6.15.1
[0.730s] -- Looking for ignition-utils1 -- found version 1.5.1
[0.730s] -- Searching for <ignition-common4> component [events]
[0.730s] -- Looking for ignition-plugin1 -- found version 1.4.0
[0.730s] -- Searching for dependencies of ignition-plugin1
[0.731s] -- Searching for <ignition-plugin1> component [all]
[0.733s] -- Looking for all libraries of ignition-plugin1 -- found version 1.4.0
[0.733s] -- Looking for ignition-plugin1 -- found version 1.4.0
[0.733s] -- Looking for ignition-msgs8 -- found version 8.7.0
[0.755s] -- Looking for ignition-physics5 -- found version 5.3.2
[0.755s] -- Searching for dependencies of ignition-physics5
[0.755s] -- Looking for ignition-math6 -- found version 6.15.1
[0.755s] -- Looking for ignition-plugin1 -- found version 1.4.0
[0.756s] -- Looking for ignition-utils1 -- found version 1.5.1
[0.756s] -- Searching for <ignition-physics5> component [heightmap]
[0.758s] -- Looking for ignition-physics5-heightmap -- found version 5.3.2
[0.758s] -- Searching for dependencies of ignition-physics5-heightmap
[0.758s] -- Looking for ignition-common4 -- found version 4.7.0
[0.758s] -- Searching for <ignition-physics5> component [mesh]
[0.761s] -- Looking for ignition-physics5-mesh -- found version 5.3.2
[0.761s] -- Searching for dependencies of ignition-physics5-mesh
[0.761s] -- Looking for ignition-common4 -- found version 4.7.0
[0.761s] -- Searching for <ignition-physics5> component [sdf]
[0.763s] -- Looking for ignition-physics5-sdf -- found version 5.3.2
[0.763s] -- Searching for dependencies of ignition-physics5-sdf
[0.763s] -- Looking for sdformat12 -- found version 12.7.2
[0.766s] -- Looking for ignition-sensors6 -- found version 6.8.0
[0.766s] -- Searching for dependencies of ignition-sensors6
[0.775s] -- Found Protobuf: /usr/lib/aarch64-linux-gnu/libprotobuf.so (found version "3.12.4") 
[0.776s] -- Looking for ignition-math6 -- found version 6.15.1
[0.776s] -- Looking for ignition-common4 -- found version 4.7.0
[0.776s] -- Looking for ignition-transport11 -- found version 11.4.1
[0.776s] -- Looking for ignition-rendering6 -- found version 6.6.3
[0.777s] -- Looking for ignition-msgs8 -- found version 8.7.0
[0.777s] -- Looking for sdformat12 -- found version 12.7.2
[0.777s] -- Searching for <ignition-sensors6> component [air_pressure]
[0.778s] -- Looking for ignition-sensors6-air_pressure -- found version 6.8.0
[0.778s] -- Searching for dependencies of ignition-sensors6-air_pressure
[0.779s] -- Searching for <ignition-sensors6> component [altimeter]
[0.781s] -- Looking for ignition-sensors6-altimeter -- found version 6.8.0
[0.781s] -- Searching for dependencies of ignition-sensors6-altimeter
[0.781s] -- Searching for <ignition-sensors6> component [imu]
[0.783s] -- Looking for ignition-sensors6-imu -- found version 6.8.0
[0.784s] -- Searching for dependencies of ignition-sensors6-imu
[0.784s] -- Searching for <ignition-sensors6> component [force_torque]
[0.786s] -- Looking for ignition-sensors6-force_torque -- found version 6.8.0
[0.786s] -- Searching for dependencies of ignition-sensors6-force_torque
[0.786s] -- Searching for <ignition-sensors6> component [logical_camera]
[0.788s] -- Looking for ignition-sensors6-logical_camera -- found version 6.8.0
[0.788s] -- Searching for dependencies of ignition-sensors6-logical_camera
[0.789s] -- Searching for <ignition-sensors6> component [magnetometer]
[0.791s] -- Looking for ignition-sensors6-magnetometer -- found version 6.8.0
[0.791s] -- Searching for dependencies of ignition-sensors6-magnetometer
[0.791s] -- Searching for <ignition-sensors6> component [navsat]
[0.793s] -- Looking for ignition-sensors6-navsat -- found version 6.8.0
[0.793s] -- Searching for dependencies of ignition-sensors6-navsat
[0.794s] -- Searching for <ignition-sensors6> component [rendering]
[0.796s] -- Looking for ignition-sensors6-rendering -- found version 6.8.0
[0.796s] -- Searching for dependencies of ignition-sensors6-rendering
[0.796s] -- Searching for <ignition-sensors6> component [lidar]
[0.798s] -- Looking for ignition-sensors6-lidar -- found version 6.8.0
[0.798s] -- Searching for dependencies of ignition-sensors6-lidar
[0.799s] -- Looking for ignition-sensors6 -- found version 6.8.0
[0.799s] -- Searching for <ignition-sensors6> component [gpu_lidar]
[0.801s] -- Looking for ignition-sensors6-gpu_lidar -- found version 6.8.0
[0.801s] -- Searching for dependencies of ignition-sensors6-gpu_lidar
[0.802s] -- Looking for ignition-sensors6 -- found version 6.8.0
[0.802s] -- Searching for <ignition-sensors6> component [camera]
[0.804s] -- Looking for ignition-sensors6-camera -- found version 6.8.0
[0.804s] -- Searching for dependencies of ignition-sensors6-camera
[0.804s] -- Looking for ignition-sensors6 -- found version 6.8.0
[0.804s] -- Searching for <ignition-sensors6> component [boundingbox_camera]
[0.806s] -- Looking for ignition-sensors6-boundingbox_camera -- found version 6.8.0
[0.806s] -- Searching for dependencies of ignition-sensors6-boundingbox_camera
[0.807s] -- Searching for <ignition-sensors6> component [segmentation_camera]
[0.809s] -- Looking for ignition-sensors6-segmentation_camera -- found version 6.8.0
[0.809s] -- Searching for dependencies of ignition-sensors6-segmentation_camera
[0.809s] -- Searching for <ignition-sensors6> component [depth_camera]
[0.811s] -- Looking for ignition-sensors6-depth_camera -- found version 6.8.0
[0.811s] -- Searching for dependencies of ignition-sensors6-depth_camera
[0.812s] -- Looking for ignition-sensors6 -- found version 6.8.0
[0.812s] -- Searching for <ignition-sensors6> component [rgbd_camera]
[0.814s] -- Looking for ignition-sensors6-rgbd_camera -- found version 6.8.0
[0.814s] -- Searching for dependencies of ignition-sensors6-rgbd_camera
[0.814s] -- Looking for ignition-sensors6 -- found version 6.8.0
[0.814s] -- Searching for <ignition-sensors6> component [thermal_camera]
[0.816s] -- Looking for ignition-sensors6-thermal_camera -- found version 6.8.0
[0.816s] -- Searching for dependencies of ignition-sensors6-thermal_camera
[0.817s] -- Looking for ignition-sensors6 -- found version 6.8.0
[0.817s] -- Looking for ignition-rendering6 -- found version 6.6.3
[0.817s] -- Looking for ignition-math6 -- found version 6.15.1
[0.819s] -- Looking for ignition-utils1 -- found version 1.5.1
[0.831s] -- Found ament_lint_auto: 0.12.11 (/opt/ros/humble/share/ament_lint_auto/cmake)
[0.878s] -- Configuring done
[0.910s] -- Generating done
[0.920s] -- Build files have been written to: /CPE416/ros_ws/build/ros_gz_example_gazebo
[0.920s] Invoked command in '/CPE416/ros_ws/build/ros_gz_example_gazebo' returned '0': AMENT_PREFIX_PATH=/CPE416/ros_ws/install/ros_gz_example_description:${AMENT_PREFIX_PATH} CMAKE_PREFIX_PATH=/CPE416/ros_ws/install/ros_gz_example_description:/opt/ros/humble IGN_GAZEBO_RESOURCE_PATH=/CPE416/ros_ws/install/ros_gz_example_description/share/ros_gz_example_description/models /usr/bin/cmake /CPE416/ros_ws/src/ros_gz_project/ros_gz_example_gazebo -DCMAKE_INSTALL_PREFIX=/CPE416/ros_ws/install/ros_gz_example_gazebo
[0.921s] Invoking command in '/CPE416/ros_ws/build/ros_gz_example_gazebo': AMENT_PREFIX_PATH=/CPE416/ros_ws/install/ros_gz_example_description:${AMENT_PREFIX_PATH} CMAKE_PREFIX_PATH=/CPE416/ros_ws/install/ros_gz_example_description:/opt/ros/humble IGN_GAZEBO_RESOURCE_PATH=/CPE416/ros_ws/install/ros_gz_example_description/share/ros_gz_example_description/models /usr/bin/cmake --build /CPE416/ros_ws/build/ros_gz_example_gazebo -- -j4 -l4
[0.950s] [ 50%] [32mBuilding CXX object CMakeFiles/FullSystem.dir/src/FullSystem.cc.o[0m
[0.950s] [ 50%] [32mBuilding CXX object CMakeFiles/BasicSystem.dir/src/BasicSystem.cc.o[0m
[2.516s] [ 75%] [32m[1mLinking CXX shared library libBasicSystem.so[0m
[2.549s] [100%] [32m[1mLinking CXX shared library libFullSystem.so[0m
[2.686s] [100%] Built target FullSystem
[2.688s] [100%] Built target BasicSystem
[2.692s] Invoked command in '/CPE416/ros_ws/build/ros_gz_example_gazebo' returned '0': AMENT_PREFIX_PATH=/CPE416/ros_ws/install/ros_gz_example_description:${AMENT_PREFIX_PATH} CMAKE_PREFIX_PATH=/CPE416/ros_ws/install/ros_gz_example_description:/opt/ros/humble IGN_GAZEBO_RESOURCE_PATH=/CPE416/ros_ws/install/ros_gz_example_description/share/ros_gz_example_description/models /usr/bin/cmake --build /CPE416/ros_ws/build/ros_gz_example_gazebo -- -j4 -l4
[2.702s] Invoking command in '/CPE416/ros_ws/build/ros_gz_example_gazebo': AMENT_PREFIX_PATH=/CPE416/ros_ws/install/ros_gz_example_description:${AMENT_PREFIX_PATH} CMAKE_PREFIX_PATH=/CPE416/ros_ws/install/ros_gz_example_description:/opt/ros/humble IGN_GAZEBO_RESOURCE_PATH=/CPE416/ros_ws/install/ros_gz_example_description/share/ros_gz_example_description/models /usr/bin/cmake --install /CPE416/ros_ws/build/ros_gz_example_gazebo
[2.705s] -- Install configuration: ""
[2.706s] -- Installing: /CPE416/ros_ws/install/ros_gz_example_gazebo/lib/ros_gz_example_gazebo/libBasicSystem.so
[2.719s] -- Installing: /CPE416/ros_ws/install/ros_gz_example_gazebo/lib/ros_gz_example_gazebo/libFullSystem.so
[2.732s] -- Installing: /CPE416/ros_ws/install/ros_gz_example_gazebo/share/ros_gz_example_gazebo/worlds
[2.733s] -- Installing: /CPE416/ros_ws/install/ros_gz_example_gazebo/share/ros_gz_example_gazebo/worlds/diff_drive.sdf
[2.735s] -- Installing: /CPE416/ros_ws/install/ros_gz_example_gazebo/share/ros_gz_example_gazebo/environment/ros_gz_example_gazebo.dsv
[2.736s] -- Installing: /CPE416/ros_ws/install/ros_gz_example_gazebo/share/ros_gz_example_gazebo/environment/ros_gz_example_gazebo.sh
[2.738s] -- Installing: /CPE416/ros_ws/install/ros_gz_example_gazebo/share/ament_index/resource_index/package_run_dependencies/ros_gz_example_gazebo
[2.740s] -- Installing: /CPE416/ros_ws/install/ros_gz_example_gazebo/share/ament_index/resource_index/parent_prefix_path/ros_gz_example_gazebo
[2.741s] -- Installing: /CPE416/ros_ws/install/ros_gz_example_gazebo/share/ros_gz_example_gazebo/environment/ament_prefix_path.sh
[2.742s] -- Installing: /CPE416/ros_ws/install/ros_gz_example_gazebo/share/ros_gz_example_gazebo/environment/ament_prefix_path.dsv
[2.744s] -- Installing: /CPE416/ros_ws/install/ros_gz_example_gazebo/share/ros_gz_example_gazebo/environment/path.sh
[2.745s] -- Installing: /CPE416/ros_ws/install/ros_gz_example_gazebo/share/ros_gz_example_gazebo/environment/path.dsv
[2.746s] -- Installing: /CPE416/ros_ws/install/ros_gz_example_gazebo/share/ros_gz_example_gazebo/local_setup.bash
[2.747s] -- Installing: /CPE416/ros_ws/install/ros_gz_example_gazebo/share/ros_gz_example_gazebo/local_setup.sh
[2.749s] -- Installing: /CPE416/ros_ws/install/ros_gz_example_gazebo/share/ros_gz_example_gazebo/local_setup.zsh
[2.750s] -- Installing: /CPE416/ros_ws/install/ros_gz_example_gazebo/share/ros_gz_example_gazebo/local_setup.dsv
[2.751s] -- Installing: /CPE416/ros_ws/install/ros_gz_example_gazebo/share/ros_gz_example_gazebo/package.dsv
[2.753s] -- Installing: /CPE416/ros_ws/install/ros_gz_example_gazebo/share/ament_index/resource_index/packages/ros_gz_example_gazebo
[2.754s] -- Installing: /CPE416/ros_ws/install/ros_gz_example_gazebo/share/ros_gz_example_gazebo/cmake/ros_gz_example_gazeboConfig.cmake
[2.756s] -- Installing: /CPE416/ros_ws/install/ros_gz_example_gazebo/share/ros_gz_example_gazebo/cmake/ros_gz_example_gazeboConfig-version.cmake
[2.757s] -- Installing: /CPE416/ros_ws/install/ros_gz_example_gazebo/share/ros_gz_example_gazebo/package.xml
[2.760s] Invoked command in '/CPE416/ros_ws/build/ros_gz_example_gazebo' returned '0': AMENT_PREFIX_PATH=/CPE416/ros_ws/install/ros_gz_example_description:${AMENT_PREFIX_PATH} CMAKE_PREFIX_PATH=/CPE416/ros_ws/install/ros_gz_example_description:/opt/ros/humble IGN_GAZEBO_RESOURCE_PATH=/CPE416/ros_ws/install/ros_gz_example_description/share/ros_gz_example_description/models /usr/bin/cmake --install /CPE416/ros_ws/build/ros_gz_example_gazebo
