[0.145s] DEBUG:colcon:Command line arguments: ['/usr/bin/colcon', 'build']
[0.145s] DEBUG:colcon:Parsed command line arguments: Namespace(log_base=None, log_level=None, verb_name='build', build_base='build', install_base='install', merge_install=False, symlink_install=False, test_result_base=None, continue_on_error=False, executor='parallel', parallel_workers=4, event_handlers=None, ignore_user_meta=False, metas=['./colcon.meta'], base_paths=['.'], packages_ignore=None, packages_ignore_regex=None, paths=None, packages_up_to=None, packages_up_to_regex=None, packages_above=None, packages_above_and_dependencies=None, packages_above_depth=None, packages_select_by_dep=None, packages_skip_by_dep=None, packages_skip_up_to=None, packages_select_build_failed=False, packages_skip_build_finished=False, packages_select_test_failures=False, packages_skip_test_passed=False, packages_select=None, packages_skip=None, packages_select_regex=None, packages_skip_regex=None, packages_start=None, packages_end=None, cmake_args=None, cmake_target=None, cmake_target_skip_unavailable=False, cmake_clean_cache=False, cmake_clean_first=False, cmake_force_configure=False, ament_cmake_args=None, catkin_cmake_args=None, catkin_skip_building_tests=False, mixin_files=None, mixin=None, verb_parser=<colcon_mixin.mixin.mixin_argument.MixinArgumentDecorator object at 0xffffaef579a0>, verb_extension=<colcon_core.verb.build.BuildVerb object at 0xffffaf10b5b0>, main=<bound method BuildVerb.main of <colcon_core.verb.build.BuildVerb object at 0xffffaf10b5b0>>, mixin_verb=('build',))
[0.241s] Level 1:colcon.colcon_core.package_discovery:discover_packages(colcon_meta) check parameters
[0.241s] INFO:colcon.colcon_metadata.package_discovery.colcon_meta:Using configuration from '/root/.colcon/metadata/default/Gazebo.meta'
[0.242s] INFO:colcon.colcon_metadata.package_discovery.colcon_meta:Using configuration from '/root/.colcon/metadata/default/fastrtps.meta'
[0.242s] Level 1:colcon.colcon_core.package_discovery:discover_packages(recursive) check parameters
[0.242s] Level 1:colcon.colcon_core.package_discovery:discover_packages(ignore) check parameters
[0.242s] Level 1:colcon.colcon_core.package_discovery:discover_packages(path) check parameters
[0.242s] Level 1:colcon.colcon_core.package_discovery:discover_packages(colcon_meta) discover
[0.242s] Level 1:colcon.colcon_core.package_discovery:discover_packages(recursive) discover
[0.242s] INFO:colcon.colcon_core.package_discovery:Crawling recursively for packages in '/CPE416/ros_ws'
[0.242s] Level 1:colcon.colcon_core.package_identification:_identify(.) by extensions ['ignore', 'ignore_ament_install']
[0.242s] Level 1:colcon.colcon_core.package_identification:_identify(.) by extension 'ignore'
[0.242s] Level 1:colcon.colcon_core.package_identification:_identify(.) by extension 'ignore_ament_install'
[0.243s] Level 1:colcon.colcon_core.package_identification:_identify(.) by extensions ['colcon_pkg']
[0.243s] Level 1:colcon.colcon_core.package_identification:_identify(.) by extension 'colcon_pkg'
[0.243s] Level 1:colcon.colcon_core.package_identification:_identify(.) by extensions ['colcon_meta']
[0.243s] Level 1:colcon.colcon_core.package_identification:_identify(.) by extension 'colcon_meta'
[0.243s] Level 1:colcon.colcon_core.package_identification:_identify(.) by extensions ['ros']
[0.243s] Level 1:colcon.colcon_core.package_identification:_identify(.) by extension 'ros'
[0.250s] Level 1:colcon.colcon_core.package_identification:_identify(.) by extensions ['cmake', 'python']
[0.250s] Level 1:colcon.colcon_core.package_identification:_identify(.) by extension 'cmake'
[0.250s] Level 1:colcon.colcon_core.package_identification:_identify(.) by extension 'python'
[0.250s] Level 1:colcon.colcon_core.package_identification:_identify(.) by extensions ['python_setup_py']
[0.251s] Level 1:colcon.colcon_core.package_identification:_identify(.) by extension 'python_setup_py'
[0.251s] Level 1:colcon.colcon_core.package_identification:_identify(build) by extensions ['ignore', 'ignore_ament_install']
[0.251s] Level 1:colcon.colcon_core.package_identification:_identify(build) by extension 'ignore'
[0.251s] Level 1:colcon.colcon_core.package_identification:_identify(build) ignored
[0.251s] Level 1:colcon.colcon_core.package_identification:_identify(install) by extensions ['ignore', 'ignore_ament_install']
[0.251s] Level 1:colcon.colcon_core.package_identification:_identify(install) by extension 'ignore'
[0.251s] Level 1:colcon.colcon_core.package_identification:_identify(install) ignored
[0.251s] Level 1:colcon.colcon_core.package_identification:_identify(log) by extensions ['ignore', 'ignore_ament_install']
[0.252s] Level 1:colcon.colcon_core.package_identification:_identify(log) by extension 'ignore'
[0.252s] Level 1:colcon.colcon_core.package_identification:_identify(log) ignored
[0.252s] Level 1:colcon.colcon_core.package_identification:_identify(src) by extensions ['ignore', 'ignore_ament_install']
[0.252s] Level 1:colcon.colcon_core.package_identification:_identify(src) by extension 'ignore'
[0.252s] Level 1:colcon.colcon_core.package_identification:_identify(src) by extension 'ignore_ament_install'
[0.252s] Level 1:colcon.colcon_core.package_identification:_identify(src) by extensions ['colcon_pkg']
[0.252s] Level 1:colcon.colcon_core.package_identification:_identify(src) by extension 'colcon_pkg'
[0.252s] Level 1:colcon.colcon_core.package_identification:_identify(src) by extensions ['colcon_meta']
[0.252s] Level 1:colcon.colcon_core.package_identification:_identify(src) by extension 'colcon_meta'
[0.252s] Level 1:colcon.colcon_core.package_identification:_identify(src) by extensions ['ros']
[0.252s] Level 1:colcon.colcon_core.package_identification:_identify(src) by extension 'ros'
[0.252s] Level 1:colcon.colcon_core.package_identification:_identify(src) by extensions ['cmake', 'python']
[0.252s] Level 1:colcon.colcon_core.package_identification:_identify(src) by extension 'cmake'
[0.252s] Level 1:colcon.colcon_core.package_identification:_identify(src) by extension 'python'
[0.253s] Level 1:colcon.colcon_core.package_identification:_identify(src) by extensions ['python_setup_py']
[0.253s] Level 1:colcon.colcon_core.package_identification:_identify(src) by extension 'python_setup_py'
[0.253s] Level 1:colcon.colcon_core.package_identification:_identify(src/ros_gz_project) by extensions ['ignore', 'ignore_ament_install']
[0.253s] Level 1:colcon.colcon_core.package_identification:_identify(src/ros_gz_project) by extension 'ignore'
[0.253s] Level 1:colcon.colcon_core.package_identification:_identify(src/ros_gz_project) by extension 'ignore_ament_install'
[0.253s] Level 1:colcon.colcon_core.package_identification:_identify(src/ros_gz_project) by extensions ['colcon_pkg']
[0.253s] Level 1:colcon.colcon_core.package_identification:_identify(src/ros_gz_project) by extension 'colcon_pkg'
[0.253s] Level 1:colcon.colcon_core.package_identification:_identify(src/ros_gz_project) by extensions ['colcon_meta']
[0.253s] Level 1:colcon.colcon_core.package_identification:_identify(src/ros_gz_project) by extension 'colcon_meta'
[0.253s] Level 1:colcon.colcon_core.package_identification:_identify(src/ros_gz_project) by extensions ['ros']
[0.253s] Level 1:colcon.colcon_core.package_identification:_identify(src/ros_gz_project) by extension 'ros'
[0.254s] Level 1:colcon.colcon_core.package_identification:_identify(src/ros_gz_project) by extensions ['cmake', 'python']
[0.254s] Level 1:colcon.colcon_core.package_identification:_identify(src/ros_gz_project) by extension 'cmake'
[0.254s] Level 1:colcon.colcon_core.package_identification:_identify(src/ros_gz_project) by extension 'python'
[0.254s] Level 1:colcon.colcon_core.package_identification:_identify(src/ros_gz_project) by extensions ['python_setup_py']
[0.254s] Level 1:colcon.colcon_core.package_identification:_identify(src/ros_gz_project) by extension 'python_setup_py'
[0.254s] Level 1:colcon.colcon_core.package_identification:_identify(src/ros_gz_project/ros_gz_example_bringup) by extensions ['ignore', 'ignore_ament_install']
[0.254s] Level 1:colcon.colcon_core.package_identification:_identify(src/ros_gz_project/ros_gz_example_bringup) by extension 'ignore'
[0.254s] Level 1:colcon.colcon_core.package_identification:_identify(src/ros_gz_project/ros_gz_example_bringup) by extension 'ignore_ament_install'
[0.254s] Level 1:colcon.colcon_core.package_identification:_identify(src/ros_gz_project/ros_gz_example_bringup) by extensions ['colcon_pkg']
[0.254s] Level 1:colcon.colcon_core.package_identification:_identify(src/ros_gz_project/ros_gz_example_bringup) by extension 'colcon_pkg'
[0.254s] Level 1:colcon.colcon_core.package_identification:_identify(src/ros_gz_project/ros_gz_example_bringup) by extensions ['colcon_meta']
[0.254s] Level 1:colcon.colcon_core.package_identification:_identify(src/ros_gz_project/ros_gz_example_bringup) by extension 'colcon_meta'
[0.254s] Level 1:colcon.colcon_core.package_identification:_identify(src/ros_gz_project/ros_gz_example_bringup) by extensions ['ros']
[0.254s] Level 1:colcon.colcon_core.package_identification:_identify(src/ros_gz_project/ros_gz_example_bringup) by extension 'ros'
[0.256s] DEBUG:colcon.colcon_core.package_identification:Package 'src/ros_gz_project/ros_gz_example_bringup' with type 'ros.ament_cmake' and name 'ros_gz_example_bringup'
[0.257s] Level 1:colcon.colcon_core.package_identification:_identify(src/ros_gz_project/ros_gz_example_description) by extensions ['ignore', 'ignore_ament_install']
[0.257s] Level 1:colcon.colcon_core.package_identification:_identify(src/ros_gz_project/ros_gz_example_description) by extension 'ignore'
[0.257s] Level 1:colcon.colcon_core.package_identification:_identify(src/ros_gz_project/ros_gz_example_description) by extension 'ignore_ament_install'
[0.257s] Level 1:colcon.colcon_core.package_identification:_identify(src/ros_gz_project/ros_gz_example_description) by extensions ['colcon_pkg']
[0.257s] Level 1:colcon.colcon_core.package_identification:_identify(src/ros_gz_project/ros_gz_example_description) by extension 'colcon_pkg'
[0.257s] Level 1:colcon.colcon_core.package_identification:_identify(src/ros_gz_project/ros_gz_example_description) by extensions ['colcon_meta']
[0.257s] Level 1:colcon.colcon_core.package_identification:_identify(src/ros_gz_project/ros_gz_example_description) by extension 'colcon_meta'
[0.257s] Level 1:colcon.colcon_core.package_identification:_identify(src/ros_gz_project/ros_gz_example_description) by extensions ['ros']
[0.257s] Level 1:colcon.colcon_core.package_identification:_identify(src/ros_gz_project/ros_gz_example_description) by extension 'ros'
[0.258s] DEBUG:colcon.colcon_core.package_identification:Package 'src/ros_gz_project/ros_gz_example_description' with type 'ros.ament_cmake' and name 'ros_gz_example_description'
[0.258s] Level 1:colcon.colcon_core.package_identification:_identify(src/ros_gz_project/ros_gz_example_gazebo) by extensions ['ignore', 'ignore_ament_install']
[0.258s] Level 1:colcon.colcon_core.package_identification:_identify(src/ros_gz_project/ros_gz_example_gazebo) by extension 'ignore'
[0.258s] Level 1:colcon.colcon_core.package_identification:_identify(src/ros_gz_project/ros_gz_example_gazebo) by extension 'ignore_ament_install'
[0.258s] Level 1:colcon.colcon_core.package_identification:_identify(src/ros_gz_project/ros_gz_example_gazebo) by extensions ['colcon_pkg']
[0.258s] Level 1:colcon.colcon_core.package_identification:_identify(src/ros_gz_project/ros_gz_example_gazebo) by extension 'colcon_pkg'
[0.258s] Level 1:colcon.colcon_core.package_identification:_identify(src/ros_gz_project/ros_gz_example_gazebo) by extensions ['colcon_meta']
[0.258s] Level 1:colcon.colcon_core.package_identification:_identify(src/ros_gz_project/ros_gz_example_gazebo) by extension 'colcon_meta'
[0.258s] Level 1:colcon.colcon_core.package_identification:_identify(src/ros_gz_project/ros_gz_example_gazebo) by extensions ['ros']
[0.258s] Level 1:colcon.colcon_core.package_identification:_identify(src/ros_gz_project/ros_gz_example_gazebo) by extension 'ros'
[0.259s] DEBUG:colcon.colcon_core.package_identification:Package 'src/ros_gz_project/ros_gz_example_gazebo' with type 'ros.ament_cmake' and name 'ros_gz_example_gazebo'
[0.259s] Level 1:colcon.colcon_core.package_discovery:discover_packages(recursive) using defaults
[0.259s] Level 1:colcon.colcon_core.package_discovery:discover_packages(ignore) discover
[0.259s] Level 1:colcon.colcon_core.package_discovery:discover_packages(ignore) using defaults
[0.259s] Level 1:colcon.colcon_core.package_discovery:discover_packages(path) discover
[0.259s] Level 1:colcon.colcon_core.package_discovery:discover_packages(path) using defaults
[0.273s] Level 5:colcon.colcon_core.verb:set package 'ros_gz_example_description' build argument 'cmake_args' from command line to 'None'
[0.273s] Level 5:colcon.colcon_core.verb:set package 'ros_gz_example_description' build argument 'cmake_target' from command line to 'None'
[0.273s] Level 5:colcon.colcon_core.verb:set package 'ros_gz_example_description' build argument 'cmake_target_skip_unavailable' from command line to 'False'
[0.273s] Level 5:colcon.colcon_core.verb:set package 'ros_gz_example_description' build argument 'cmake_clean_cache' from command line to 'False'
[0.273s] Level 5:colcon.colcon_core.verb:set package 'ros_gz_example_description' build argument 'cmake_clean_first' from command line to 'False'
[0.273s] Level 5:colcon.colcon_core.verb:set package 'ros_gz_example_description' build argument 'cmake_force_configure' from command line to 'False'
[0.273s] Level 5:colcon.colcon_core.verb:set package 'ros_gz_example_description' build argument 'ament_cmake_args' from command line to 'None'
[0.273s] Level 5:colcon.colcon_core.verb:set package 'ros_gz_example_description' build argument 'catkin_cmake_args' from command line to 'None'
[0.273s] Level 5:colcon.colcon_core.verb:set package 'ros_gz_example_description' build argument 'catkin_skip_building_tests' from command line to 'False'
[0.273s] DEBUG:colcon.colcon_core.verb:Building package 'ros_gz_example_description' with the following arguments: {'ament_cmake_args': None, 'build_base': '/CPE416/ros_ws/build/ros_gz_example_description', 'catkin_cmake_args': None, 'catkin_skip_building_tests': False, 'cmake_args': None, 'cmake_clean_cache': False, 'cmake_clean_first': False, 'cmake_force_configure': False, 'cmake_target': None, 'cmake_target_skip_unavailable': False, 'install_base': '/CPE416/ros_ws/install/ros_gz_example_description', 'merge_install': False, 'path': '/CPE416/ros_ws/src/ros_gz_project/ros_gz_example_description', 'symlink_install': False, 'test_result_base': None}
[0.274s] Level 5:colcon.colcon_core.verb:set package 'ros_gz_example_gazebo' build argument 'cmake_args' from command line to 'None'
[0.274s] Level 5:colcon.colcon_core.verb:set package 'ros_gz_example_gazebo' build argument 'cmake_target' from command line to 'None'
[0.274s] Level 5:colcon.colcon_core.verb:set package 'ros_gz_example_gazebo' build argument 'cmake_target_skip_unavailable' from command line to 'False'
[0.274s] Level 5:colcon.colcon_core.verb:set package 'ros_gz_example_gazebo' build argument 'cmake_clean_cache' from command line to 'False'
[0.274s] Level 5:colcon.colcon_core.verb:set package 'ros_gz_example_gazebo' build argument 'cmake_clean_first' from command line to 'False'
[0.274s] Level 5:colcon.colcon_core.verb:set package 'ros_gz_example_gazebo' build argument 'cmake_force_configure' from command line to 'False'
[0.274s] Level 5:colcon.colcon_core.verb:set package 'ros_gz_example_gazebo' build argument 'ament_cmake_args' from command line to 'None'
[0.274s] Level 5:colcon.colcon_core.verb:set package 'ros_gz_example_gazebo' build argument 'catkin_cmake_args' from command line to 'None'
[0.274s] Level 5:colcon.colcon_core.verb:set package 'ros_gz_example_gazebo' build argument 'catkin_skip_building_tests' from command line to 'False'
[0.274s] DEBUG:colcon.colcon_core.verb:Building package 'ros_gz_example_gazebo' with the following arguments: {'ament_cmake_args': None, 'build_base': '/CPE416/ros_ws/build/ros_gz_example_gazebo', 'catkin_cmake_args': None, 'catkin_skip_building_tests': False, 'cmake_args': None, 'cmake_clean_cache': False, 'cmake_clean_first': False, 'cmake_force_configure': False, 'cmake_target': None, 'cmake_target_skip_unavailable': False, 'install_base': '/CPE416/ros_ws/install/ros_gz_example_gazebo', 'merge_install': False, 'path': '/CPE416/ros_ws/src/ros_gz_project/ros_gz_example_gazebo', 'symlink_install': False, 'test_result_base': None}
[0.274s] Level 5:colcon.colcon_core.verb:set package 'ros_gz_example_bringup' build argument 'cmake_args' from command line to 'None'
[0.274s] Level 5:colcon.colcon_core.verb:set package 'ros_gz_example_bringup' build argument 'cmake_target' from command line to 'None'
[0.274s] Level 5:colcon.colcon_core.verb:set package 'ros_gz_example_bringup' build argument 'cmake_target_skip_unavailable' from command line to 'False'
[0.274s] Level 5:colcon.colcon_core.verb:set package 'ros_gz_example_bringup' build argument 'cmake_clean_cache' from command line to 'False'
[0.274s] Level 5:colcon.colcon_core.verb:set package 'ros_gz_example_bringup' build argument 'cmake_clean_first' from command line to 'False'
[0.274s] Level 5:colcon.colcon_core.verb:set package 'ros_gz_example_bringup' build argument 'cmake_force_configure' from command line to 'False'
[0.274s] Level 5:colcon.colcon_core.verb:set package 'ros_gz_example_bringup' build argument 'ament_cmake_args' from command line to 'None'
[0.274s] Level 5:colcon.colcon_core.verb:set package 'ros_gz_example_bringup' build argument 'catkin_cmake_args' from command line to 'None'
[0.274s] Level 5:colcon.colcon_core.verb:set package 'ros_gz_example_bringup' build argument 'catkin_skip_building_tests' from command line to 'False'
[0.274s] DEBUG:colcon.colcon_core.verb:Building package 'ros_gz_example_bringup' with the following arguments: {'ament_cmake_args': None, 'build_base': '/CPE416/ros_ws/build/ros_gz_example_bringup', 'catkin_cmake_args': None, 'catkin_skip_building_tests': False, 'cmake_args': None, 'cmake_clean_cache': False, 'cmake_clean_first': False, 'cmake_force_configure': False, 'cmake_target': None, 'cmake_target_skip_unavailable': False, 'install_base': '/CPE416/ros_ws/install/ros_gz_example_bringup', 'merge_install': False, 'path': '/CPE416/ros_ws/src/ros_gz_project/ros_gz_example_bringup', 'symlink_install': False, 'test_result_base': None}
[0.274s] INFO:colcon.colcon_core.executor:Executing jobs using 'parallel' executor
[0.275s] DEBUG:colcon.colcon_parallel_executor.executor.parallel:run_until_complete
[0.275s] INFO:colcon.colcon_ros.task.ament_cmake.build:Building ROS package in '/CPE416/ros_ws/src/ros_gz_project/ros_gz_example_description' with build type 'ament_cmake'
[0.275s] INFO:colcon.colcon_cmake.task.cmake.build:Building CMake package in '/CPE416/ros_ws/src/ros_gz_project/ros_gz_example_description'
[0.277s] INFO:colcon.colcon_core.plugin_system:Skipping extension 'colcon_core.shell.bat': Not used on non-Windows systems
[0.278s] INFO:colcon.colcon_core.shell:Skip shell extension 'powershell' for command environment: Not usable outside of PowerShell
[0.278s] DEBUG:colcon.colcon_core.shell:Skip shell extension 'dsv' for command environment
[0.285s] DEBUG:colcon.colcon_core.event_handler.log_command:Invoking command in '/CPE416/ros_ws/build/ros_gz_example_description': CMAKE_PREFIX_PATH=/opt/ros/humble /usr/bin/cmake /CPE416/ros_ws/src/ros_gz_project/ros_gz_example_description -DCMAKE_INSTALL_PREFIX=/CPE416/ros_ws/install/ros_gz_example_description
[0.767s] DEBUG:colcon.colcon_core.event_handler.log_command:Invoked command in '/CPE416/ros_ws/build/ros_gz_example_description' returned '0': CMAKE_PREFIX_PATH=/opt/ros/humble /usr/bin/cmake /CPE416/ros_ws/src/ros_gz_project/ros_gz_example_description -DCMAKE_INSTALL_PREFIX=/CPE416/ros_ws/install/ros_gz_example_description
[0.768s] DEBUG:colcon.colcon_core.event_handler.log_command:Invoking command in '/CPE416/ros_ws/build/ros_gz_example_description': CMAKE_PREFIX_PATH=/opt/ros/humble /usr/bin/cmake --build /CPE416/ros_ws/build/ros_gz_example_description -- -j4 -l4
[0.786s] DEBUG:colcon.colcon_core.event_handler.log_command:Invoked command in '/CPE416/ros_ws/build/ros_gz_example_description' returned '0': CMAKE_PREFIX_PATH=/opt/ros/humble /usr/bin/cmake --build /CPE416/ros_ws/build/ros_gz_example_description -- -j4 -l4
[0.798s] DEBUG:colcon.colcon_core.event_handler.log_command:Invoking command in '/CPE416/ros_ws/build/ros_gz_example_description': CMAKE_PREFIX_PATH=/opt/ros/humble /usr/bin/cmake --install /CPE416/ros_ws/build/ros_gz_example_description
[0.831s] Level 1:colcon.colcon_core.environment:create_environment_scripts_only(ros_gz_example_description)
[0.832s] DEBUG:colcon.colcon_core.event_handler.log_command:Invoked command in '/CPE416/ros_ws/build/ros_gz_example_description' returned '0': CMAKE_PREFIX_PATH=/opt/ros/humble /usr/bin/cmake --install /CPE416/ros_ws/build/ros_gz_example_description
[0.834s] Level 1:colcon.colcon_core.environment:checking '/CPE416/ros_ws/install/ros_gz_example_description' for CMake module files
[0.835s] Level 1:colcon.colcon_core.environment:checking '/CPE416/ros_ws/install/ros_gz_example_description' for CMake config files
[0.836s] Level 1:colcon.colcon_core.shell:create_environment_hook('ros_gz_example_description', 'cmake_prefix_path')
[0.836s] INFO:colcon.colcon_core.shell:Creating environment hook '/CPE416/ros_ws/install/ros_gz_example_description/share/ros_gz_example_description/hook/cmake_prefix_path.ps1'
[0.837s] INFO:colcon.colcon_core.shell:Creating environment descriptor '/CPE416/ros_ws/install/ros_gz_example_description/share/ros_gz_example_description/hook/cmake_prefix_path.dsv'
[0.838s] INFO:colcon.colcon_core.shell:Creating environment hook '/CPE416/ros_ws/install/ros_gz_example_description/share/ros_gz_example_description/hook/cmake_prefix_path.sh'
[0.839s] Level 1:colcon.colcon_core.environment:checking '/CPE416/ros_ws/install/ros_gz_example_description/bin'
[0.839s] Level 1:colcon.colcon_core.environment:checking '/CPE416/ros_ws/install/ros_gz_example_description/lib/pkgconfig/ros_gz_example_description.pc'
[0.839s] Level 1:colcon.colcon_core.environment:checking '/CPE416/ros_ws/install/ros_gz_example_description/lib/python3.10/site-packages'
[0.840s] Level 1:colcon.colcon_core.environment:checking '/CPE416/ros_ws/install/ros_gz_example_description/bin'
[0.840s] INFO:colcon.colcon_core.shell:Creating package script '/CPE416/ros_ws/install/ros_gz_example_description/share/ros_gz_example_description/package.ps1'
[0.840s] INFO:colcon.colcon_core.shell:Creating package descriptor '/CPE416/ros_ws/install/ros_gz_example_description/share/ros_gz_example_description/package.dsv'
[0.841s] INFO:colcon.colcon_core.shell:Creating package script '/CPE416/ros_ws/install/ros_gz_example_description/share/ros_gz_example_description/package.sh'
[0.842s] INFO:colcon.colcon_core.shell:Creating package script '/CPE416/ros_ws/install/ros_gz_example_description/share/ros_gz_example_description/package.bash'
[0.843s] INFO:colcon.colcon_core.shell:Creating package script '/CPE416/ros_ws/install/ros_gz_example_description/share/ros_gz_example_description/package.zsh'
[0.843s] Level 1:colcon.colcon_core.environment:create_file_with_runtime_dependencies(/CPE416/ros_ws/install/ros_gz_example_description/share/colcon-core/packages/ros_gz_example_description)
[0.852s] Level 1:colcon.colcon_core.environment:create_environment_scripts_only(ros_gz_example_description)
[0.852s] Level 1:colcon.colcon_core.environment:checking '/CPE416/ros_ws/install/ros_gz_example_description' for CMake module files
[0.853s] Level 1:colcon.colcon_core.environment:checking '/CPE416/ros_ws/install/ros_gz_example_description' for CMake config files
[0.854s] Level 1:colcon.colcon_core.shell:create_environment_hook('ros_gz_example_description', 'cmake_prefix_path')
[0.854s] INFO:colcon.colcon_core.shell:Creating environment hook '/CPE416/ros_ws/install/ros_gz_example_description/share/ros_gz_example_description/hook/cmake_prefix_path.ps1'
[0.854s] INFO:colcon.colcon_core.shell:Creating environment descriptor '/CPE416/ros_ws/install/ros_gz_example_description/share/ros_gz_example_description/hook/cmake_prefix_path.dsv'
[0.855s] INFO:colcon.colcon_core.shell:Creating environment hook '/CPE416/ros_ws/install/ros_gz_example_description/share/ros_gz_example_description/hook/cmake_prefix_path.sh'
[0.855s] Level 1:colcon.colcon_core.environment:checking '/CPE416/ros_ws/install/ros_gz_example_description/bin'
[0.855s] Level 1:colcon.colcon_core.environment:checking '/CPE416/ros_ws/install/ros_gz_example_description/lib/pkgconfig/ros_gz_example_description.pc'
[0.855s] Level 1:colcon.colcon_core.environment:checking '/CPE416/ros_ws/install/ros_gz_example_description/lib/python3.10/site-packages'
[0.856s] Level 1:colcon.colcon_core.environment:checking '/CPE416/ros_ws/install/ros_gz_example_description/bin'
[0.856s] INFO:colcon.colcon_core.shell:Creating package script '/CPE416/ros_ws/install/ros_gz_example_description/share/ros_gz_example_description/package.ps1'
[0.856s] INFO:colcon.colcon_core.shell:Creating package descriptor '/CPE416/ros_ws/install/ros_gz_example_description/share/ros_gz_example_description/package.dsv'
[0.856s] INFO:colcon.colcon_core.shell:Creating package script '/CPE416/ros_ws/install/ros_gz_example_description/share/ros_gz_example_description/package.sh'
[0.857s] INFO:colcon.colcon_core.shell:Creating package script '/CPE416/ros_ws/install/ros_gz_example_description/share/ros_gz_example_description/package.bash'
[0.857s] INFO:colcon.colcon_core.shell:Creating package script '/CPE416/ros_ws/install/ros_gz_example_description/share/ros_gz_example_description/package.zsh'
[0.857s] Level 1:colcon.colcon_core.environment:create_file_with_runtime_dependencies(/CPE416/ros_ws/install/ros_gz_example_description/share/colcon-core/packages/ros_gz_example_description)
[0.858s] INFO:colcon.colcon_ros.task.ament_cmake.build:Building ROS package in '/CPE416/ros_ws/src/ros_gz_project/ros_gz_example_gazebo' with build type 'ament_cmake'
[0.858s] INFO:colcon.colcon_cmake.task.cmake.build:Building CMake package in '/CPE416/ros_ws/src/ros_gz_project/ros_gz_example_gazebo'
[0.858s] INFO:colcon.colcon_core.shell:Skip shell extension 'powershell' for command environment: Not usable outside of PowerShell
[0.858s] DEBUG:colcon.colcon_core.shell:Skip shell extension 'dsv' for command environment
[0.866s] DEBUG:colcon.colcon_core.event_handler.log_command:Invoking command in '/CPE416/ros_ws/build/ros_gz_example_gazebo': AMENT_PREFIX_PATH=/CPE416/ros_ws/install/ros_gz_example_description:${AMENT_PREFIX_PATH} CMAKE_PREFIX_PATH=/CPE416/ros_ws/install/ros_gz_example_description:/opt/ros/humble IGN_GAZEBO_RESOURCE_PATH=/CPE416/ros_ws/install/ros_gz_example_description/share/ros_gz_example_description/models /usr/bin/cmake /CPE416/ros_ws/src/ros_gz_project/ros_gz_example_gazebo -DCMAKE_INSTALL_PREFIX=/CPE416/ros_ws/install/ros_gz_example_gazebo
[1.781s] DEBUG:colcon.colcon_core.event_handler.log_command:Invoked command in '/CPE416/ros_ws/build/ros_gz_example_gazebo' returned '0': AMENT_PREFIX_PATH=/CPE416/ros_ws/install/ros_gz_example_description:${AMENT_PREFIX_PATH} CMAKE_PREFIX_PATH=/CPE416/ros_ws/install/ros_gz_example_description:/opt/ros/humble IGN_GAZEBO_RESOURCE_PATH=/CPE416/ros_ws/install/ros_gz_example_description/share/ros_gz_example_description/models /usr/bin/cmake /CPE416/ros_ws/src/ros_gz_project/ros_gz_example_gazebo -DCMAKE_INSTALL_PREFIX=/CPE416/ros_ws/install/ros_gz_example_gazebo
[1.782s] DEBUG:colcon.colcon_core.event_handler.log_command:Invoking command in '/CPE416/ros_ws/build/ros_gz_example_gazebo': AMENT_PREFIX_PATH=/CPE416/ros_ws/install/ros_gz_example_description:${AMENT_PREFIX_PATH} CMAKE_PREFIX_PATH=/CPE416/ros_ws/install/ros_gz_example_description:/opt/ros/humble IGN_GAZEBO_RESOURCE_PATH=/CPE416/ros_ws/install/ros_gz_example_description/share/ros_gz_example_description/models /usr/bin/cmake --build /CPE416/ros_ws/build/ros_gz_example_gazebo -- -j4 -l4
[3.553s] DEBUG:colcon.colcon_core.event_handler.log_command:Invoked command in '/CPE416/ros_ws/build/ros_gz_example_gazebo' returned '0': AMENT_PREFIX_PATH=/CPE416/ros_ws/install/ros_gz_example_description:${AMENT_PREFIX_PATH} CMAKE_PREFIX_PATH=/CPE416/ros_ws/install/ros_gz_example_description:/opt/ros/humble IGN_GAZEBO_RESOURCE_PATH=/CPE416/ros_ws/install/ros_gz_example_description/share/ros_gz_example_description/models /usr/bin/cmake --build /CPE416/ros_ws/build/ros_gz_example_gazebo -- -j4 -l4
[3.563s] DEBUG:colcon.colcon_core.event_handler.log_command:Invoking command in '/CPE416/ros_ws/build/ros_gz_example_gazebo': AMENT_PREFIX_PATH=/CPE416/ros_ws/install/ros_gz_example_description:${AMENT_PREFIX_PATH} CMAKE_PREFIX_PATH=/CPE416/ros_ws/install/ros_gz_example_description:/opt/ros/humble IGN_GAZEBO_RESOURCE_PATH=/CPE416/ros_ws/install/ros_gz_example_description/share/ros_gz_example_description/models /usr/bin/cmake --install /CPE416/ros_ws/build/ros_gz_example_gazebo
[3.620s] Level 1:colcon.colcon_core.environment:create_environment_scripts_only(ros_gz_example_gazebo)
[3.620s] Level 1:colcon.colcon_core.environment:checking '/CPE416/ros_ws/install/ros_gz_example_gazebo' for CMake module files
[3.620s] DEBUG:colcon.colcon_core.event_handler.log_command:Invoked command in '/CPE416/ros_ws/build/ros_gz_example_gazebo' returned '0': AMENT_PREFIX_PATH=/CPE416/ros_ws/install/ros_gz_example_description:${AMENT_PREFIX_PATH} CMAKE_PREFIX_PATH=/CPE416/ros_ws/install/ros_gz_example_description:/opt/ros/humble IGN_GAZEBO_RESOURCE_PATH=/CPE416/ros_ws/install/ros_gz_example_description/share/ros_gz_example_description/models /usr/bin/cmake --install /CPE416/ros_ws/build/ros_gz_example_gazebo
[3.622s] Level 1:colcon.colcon_core.environment:checking '/CPE416/ros_ws/install/ros_gz_example_gazebo' for CMake config files
[3.623s] Level 1:colcon.colcon_core.shell:create_environment_hook('ros_gz_example_gazebo', 'cmake_prefix_path')
[3.624s] INFO:colcon.colcon_core.shell:Creating environment hook '/CPE416/ros_ws/install/ros_gz_example_gazebo/share/ros_gz_example_gazebo/hook/cmake_prefix_path.ps1'
[3.624s] INFO:colcon.colcon_core.shell:Creating environment descriptor '/CPE416/ros_ws/install/ros_gz_example_gazebo/share/ros_gz_example_gazebo/hook/cmake_prefix_path.dsv'
[3.625s] INFO:colcon.colcon_core.shell:Creating environment hook '/CPE416/ros_ws/install/ros_gz_example_gazebo/share/ros_gz_example_gazebo/hook/cmake_prefix_path.sh'
[3.625s] Level 1:colcon.colcon_core.environment:checking '/CPE416/ros_ws/install/ros_gz_example_gazebo/lib'
[3.626s] Level 1:colcon.colcon_core.environment:checking '/CPE416/ros_ws/install/ros_gz_example_gazebo/bin'
[3.626s] Level 1:colcon.colcon_core.environment:checking '/CPE416/ros_ws/install/ros_gz_example_gazebo/lib/pkgconfig/ros_gz_example_gazebo.pc'
[3.626s] Level 1:colcon.colcon_core.environment:checking '/CPE416/ros_ws/install/ros_gz_example_gazebo/lib/python3.10/site-packages'
[3.626s] Level 1:colcon.colcon_core.environment:checking '/CPE416/ros_ws/install/ros_gz_example_gazebo/bin'
[3.626s] INFO:colcon.colcon_core.shell:Creating package script '/CPE416/ros_ws/install/ros_gz_example_gazebo/share/ros_gz_example_gazebo/package.ps1'
[3.627s] INFO:colcon.colcon_core.shell:Creating package descriptor '/CPE416/ros_ws/install/ros_gz_example_gazebo/share/ros_gz_example_gazebo/package.dsv'
[3.627s] INFO:colcon.colcon_core.shell:Creating package script '/CPE416/ros_ws/install/ros_gz_example_gazebo/share/ros_gz_example_gazebo/package.sh'
[3.627s] INFO:colcon.colcon_core.shell:Creating package script '/CPE416/ros_ws/install/ros_gz_example_gazebo/share/ros_gz_example_gazebo/package.bash'
[3.628s] INFO:colcon.colcon_core.shell:Creating package script '/CPE416/ros_ws/install/ros_gz_example_gazebo/share/ros_gz_example_gazebo/package.zsh'
[3.628s] Level 1:colcon.colcon_core.environment:create_file_with_runtime_dependencies(/CPE416/ros_ws/install/ros_gz_example_gazebo/share/colcon-core/packages/ros_gz_example_gazebo)
[3.639s] Level 1:colcon.colcon_core.environment:create_environment_scripts_only(ros_gz_example_gazebo)
[3.639s] Level 1:colcon.colcon_core.environment:checking '/CPE416/ros_ws/install/ros_gz_example_gazebo' for CMake module files
[3.640s] Level 1:colcon.colcon_core.environment:checking '/CPE416/ros_ws/install/ros_gz_example_gazebo' for CMake config files
[3.642s] Level 1:colcon.colcon_core.shell:create_environment_hook('ros_gz_example_gazebo', 'cmake_prefix_path')
[3.642s] INFO:colcon.colcon_core.shell:Creating environment hook '/CPE416/ros_ws/install/ros_gz_example_gazebo/share/ros_gz_example_gazebo/hook/cmake_prefix_path.ps1'
[3.643s] INFO:colcon.colcon_core.shell:Creating environment descriptor '/CPE416/ros_ws/install/ros_gz_example_gazebo/share/ros_gz_example_gazebo/hook/cmake_prefix_path.dsv'
[3.643s] INFO:colcon.colcon_core.shell:Creating environment hook '/CPE416/ros_ws/install/ros_gz_example_gazebo/share/ros_gz_example_gazebo/hook/cmake_prefix_path.sh'
[3.644s] Level 1:colcon.colcon_core.environment:checking '/CPE416/ros_ws/install/ros_gz_example_gazebo/lib'
[3.644s] Level 1:colcon.colcon_core.environment:checking '/CPE416/ros_ws/install/ros_gz_example_gazebo/bin'
[3.644s] Level 1:colcon.colcon_core.environment:checking '/CPE416/ros_ws/install/ros_gz_example_gazebo/lib/pkgconfig/ros_gz_example_gazebo.pc'
[3.645s] Level 1:colcon.colcon_core.environment:checking '/CPE416/ros_ws/install/ros_gz_example_gazebo/lib/python3.10/site-packages'
[3.645s] Level 1:colcon.colcon_core.environment:checking '/CPE416/ros_ws/install/ros_gz_example_gazebo/bin'
[3.645s] INFO:colcon.colcon_core.shell:Creating package script '/CPE416/ros_ws/install/ros_gz_example_gazebo/share/ros_gz_example_gazebo/package.ps1'
[3.645s] INFO:colcon.colcon_core.shell:Creating package descriptor '/CPE416/ros_ws/install/ros_gz_example_gazebo/share/ros_gz_example_gazebo/package.dsv'
[3.646s] INFO:colcon.colcon_core.shell:Creating package script '/CPE416/ros_ws/install/ros_gz_example_gazebo/share/ros_gz_example_gazebo/package.sh'
[3.646s] INFO:colcon.colcon_core.shell:Creating package script '/CPE416/ros_ws/install/ros_gz_example_gazebo/share/ros_gz_example_gazebo/package.bash'
[3.646s] INFO:colcon.colcon_core.shell:Creating package script '/CPE416/ros_ws/install/ros_gz_example_gazebo/share/ros_gz_example_gazebo/package.zsh'
[3.647s] Level 1:colcon.colcon_core.environment:create_file_with_runtime_dependencies(/CPE416/ros_ws/install/ros_gz_example_gazebo/share/colcon-core/packages/ros_gz_example_gazebo)
[3.647s] INFO:colcon.colcon_ros.task.ament_cmake.build:Building ROS package in '/CPE416/ros_ws/src/ros_gz_project/ros_gz_example_bringup' with build type 'ament_cmake'
[3.647s] INFO:colcon.colcon_cmake.task.cmake.build:Building CMake package in '/CPE416/ros_ws/src/ros_gz_project/ros_gz_example_bringup'
[3.648s] INFO:colcon.colcon_core.shell:Skip shell extension 'powershell' for command environment: Not usable outside of PowerShell
[3.648s] DEBUG:colcon.colcon_core.shell:Skip shell extension 'dsv' for command environment
[3.656s] DEBUG:colcon.colcon_core.event_handler.log_command:Invoking command in '/CPE416/ros_ws/build/ros_gz_example_bringup': AMENT_PREFIX_PATH=/CPE416/ros_ws/install/ros_gz_example_gazebo:/CPE416/ros_ws/install/ros_gz_example_description:${AMENT_PREFIX_PATH} CMAKE_PREFIX_PATH=/CPE416/ros_ws/install/ros_gz_example_gazebo:/CPE416/ros_ws/install/ros_gz_example_description:/opt/ros/humble IGN_GAZEBO_PLUGIN_PATH=/CPE416/ros_ws/install/ros_gz_example_gazebo/lib/ros_gz_example_gazebo IGN_GAZEBO_RESOURCE_PATH=/CPE416/ros_ws/install/ros_gz_example_gazebo/share/ros_gz_example_gazebo/worlds:/CPE416/ros_ws/install/ros_gz_example_description/share/ros_gz_example_description/models /usr/bin/cmake /CPE416/ros_ws/src/ros_gz_project/ros_gz_example_bringup -DCMAKE_INSTALL_PREFIX=/CPE416/ros_ws/install/ros_gz_example_bringup
[4.037s] DEBUG:colcon.colcon_core.event_handler.log_command:Invoked command in '/CPE416/ros_ws/build/ros_gz_example_bringup' returned '0': AMENT_PREFIX_PATH=/CPE416/ros_ws/install/ros_gz_example_gazebo:/CPE416/ros_ws/install/ros_gz_example_description:${AMENT_PREFIX_PATH} CMAKE_PREFIX_PATH=/CPE416/ros_ws/install/ros_gz_example_gazebo:/CPE416/ros_ws/install/ros_gz_example_description:/opt/ros/humble IGN_GAZEBO_PLUGIN_PATH=/CPE416/ros_ws/install/ros_gz_example_gazebo/lib/ros_gz_example_gazebo IGN_GAZEBO_RESOURCE_PATH=/CPE416/ros_ws/install/ros_gz_example_gazebo/share/ros_gz_example_gazebo/worlds:/CPE416/ros_ws/install/ros_gz_example_description/share/ros_gz_example_description/models /usr/bin/cmake /CPE416/ros_ws/src/ros_gz_project/ros_gz_example_bringup -DCMAKE_INSTALL_PREFIX=/CPE416/ros_ws/install/ros_gz_example_bringup
[4.038s] DEBUG:colcon.colcon_core.event_handler.log_command:Invoking command in '/CPE416/ros_ws/build/ros_gz_example_bringup': AMENT_PREFIX_PATH=/CPE416/ros_ws/install/ros_gz_example_gazebo:/CPE416/ros_ws/install/ros_gz_example_description:${AMENT_PREFIX_PATH} CMAKE_PREFIX_PATH=/CPE416/ros_ws/install/ros_gz_example_gazebo:/CPE416/ros_ws/install/ros_gz_example_description:/opt/ros/humble IGN_GAZEBO_PLUGIN_PATH=/CPE416/ros_ws/install/ros_gz_example_gazebo/lib/ros_gz_example_gazebo IGN_GAZEBO_RESOURCE_PATH=/CPE416/ros_ws/install/ros_gz_example_gazebo/share/ros_gz_example_gazebo/worlds:/CPE416/ros_ws/install/ros_gz_example_description/share/ros_gz_example_description/models /usr/bin/cmake --build /CPE416/ros_ws/build/ros_gz_example_bringup -- -j4 -l4
[4.056s] DEBUG:colcon.colcon_core.event_handler.log_command:Invoked command in '/CPE416/ros_ws/build/ros_gz_example_bringup' returned '0': AMENT_PREFIX_PATH=/CPE416/ros_ws/install/ros_gz_example_gazebo:/CPE416/ros_ws/install/ros_gz_example_description:${AMENT_PREFIX_PATH} CMAKE_PREFIX_PATH=/CPE416/ros_ws/install/ros_gz_example_gazebo:/CPE416/ros_ws/install/ros_gz_example_description:/opt/ros/humble IGN_GAZEBO_PLUGIN_PATH=/CPE416/ros_ws/install/ros_gz_example_gazebo/lib/ros_gz_example_gazebo IGN_GAZEBO_RESOURCE_PATH=/CPE416/ros_ws/install/ros_gz_example_gazebo/share/ros_gz_example_gazebo/worlds:/CPE416/ros_ws/install/ros_gz_example_description/share/ros_gz_example_description/models /usr/bin/cmake --build /CPE416/ros_ws/build/ros_gz_example_bringup -- -j4 -l4
[4.064s] DEBUG:colcon.colcon_core.event_handler.log_command:Invoking command in '/CPE416/ros_ws/build/ros_gz_example_bringup': AMENT_PREFIX_PATH=/CPE416/ros_ws/install/ros_gz_example_gazebo:/CPE416/ros_ws/install/ros_gz_example_description:${AMENT_PREFIX_PATH} CMAKE_PREFIX_PATH=/CPE416/ros_ws/install/ros_gz_example_gazebo:/CPE416/ros_ws/install/ros_gz_example_description:/opt/ros/humble IGN_GAZEBO_PLUGIN_PATH=/CPE416/ros_ws/install/ros_gz_example_gazebo/lib/ros_gz_example_gazebo IGN_GAZEBO_RESOURCE_PATH=/CPE416/ros_ws/install/ros_gz_example_gazebo/share/ros_gz_example_gazebo/worlds:/CPE416/ros_ws/install/ros_gz_example_description/share/ros_gz_example_description/models /usr/bin/cmake --install /CPE416/ros_ws/build/ros_gz_example_bringup
[4.095s] Level 1:colcon.colcon_core.environment:create_environment_scripts_only(ros_gz_example_bringup)
[4.096s] Level 1:colcon.colcon_core.environment:checking '/CPE416/ros_ws/install/ros_gz_example_bringup' for CMake module files
[4.096s] DEBUG:colcon.colcon_core.event_handler.log_command:Invoked command in '/CPE416/ros_ws/build/ros_gz_example_bringup' returned '0': AMENT_PREFIX_PATH=/CPE416/ros_ws/install/ros_gz_example_gazebo:/CPE416/ros_ws/install/ros_gz_example_description:${AMENT_PREFIX_PATH} CMAKE_PREFIX_PATH=/CPE416/ros_ws/install/ros_gz_example_gazebo:/CPE416/ros_ws/install/ros_gz_example_description:/opt/ros/humble IGN_GAZEBO_PLUGIN_PATH=/CPE416/ros_ws/install/ros_gz_example_gazebo/lib/ros_gz_example_gazebo IGN_GAZEBO_RESOURCE_PATH=/CPE416/ros_ws/install/ros_gz_example_gazebo/share/ros_gz_example_gazebo/worlds:/CPE416/ros_ws/install/ros_gz_example_description/share/ros_gz_example_description/models /usr/bin/cmake --install /CPE416/ros_ws/build/ros_gz_example_bringup
[4.097s] Level 1:colcon.colcon_core.environment:checking '/CPE416/ros_ws/install/ros_gz_example_bringup' for CMake config files
[4.098s] Level 1:colcon.colcon_core.shell:create_environment_hook('ros_gz_example_bringup', 'cmake_prefix_path')
[4.099s] INFO:colcon.colcon_core.shell:Creating environment hook '/CPE416/ros_ws/install/ros_gz_example_bringup/share/ros_gz_example_bringup/hook/cmake_prefix_path.ps1'
[4.099s] INFO:colcon.colcon_core.shell:Creating environment descriptor '/CPE416/ros_ws/install/ros_gz_example_bringup/share/ros_gz_example_bringup/hook/cmake_prefix_path.dsv'
[4.100s] INFO:colcon.colcon_core.shell:Creating environment hook '/CPE416/ros_ws/install/ros_gz_example_bringup/share/ros_gz_example_bringup/hook/cmake_prefix_path.sh'
[4.100s] Level 1:colcon.colcon_core.environment:checking '/CPE416/ros_ws/install/ros_gz_example_bringup/bin'
[4.100s] Level 1:colcon.colcon_core.environment:checking '/CPE416/ros_ws/install/ros_gz_example_bringup/lib/pkgconfig/ros_gz_example_bringup.pc'
[4.101s] Level 1:colcon.colcon_core.environment:checking '/CPE416/ros_ws/install/ros_gz_example_bringup/lib/python3.10/site-packages'
[4.101s] Level 1:colcon.colcon_core.environment:checking '/CPE416/ros_ws/install/ros_gz_example_bringup/bin'
[4.101s] INFO:colcon.colcon_core.shell:Creating package script '/CPE416/ros_ws/install/ros_gz_example_bringup/share/ros_gz_example_bringup/package.ps1'
[4.102s] INFO:colcon.colcon_core.shell:Creating package descriptor '/CPE416/ros_ws/install/ros_gz_example_bringup/share/ros_gz_example_bringup/package.dsv'
[4.102s] INFO:colcon.colcon_core.shell:Creating package script '/CPE416/ros_ws/install/ros_gz_example_bringup/share/ros_gz_example_bringup/package.sh'
[4.103s] INFO:colcon.colcon_core.shell:Creating package script '/CPE416/ros_ws/install/ros_gz_example_bringup/share/ros_gz_example_bringup/package.bash'
[4.103s] INFO:colcon.colcon_core.shell:Creating package script '/CPE416/ros_ws/install/ros_gz_example_bringup/share/ros_gz_example_bringup/package.zsh'
[4.103s] Level 1:colcon.colcon_core.environment:create_file_with_runtime_dependencies(/CPE416/ros_ws/install/ros_gz_example_bringup/share/colcon-core/packages/ros_gz_example_bringup)
[4.112s] Level 1:colcon.colcon_core.environment:create_environment_scripts_only(ros_gz_example_bringup)
[4.112s] Level 1:colcon.colcon_core.environment:checking '/CPE416/ros_ws/install/ros_gz_example_bringup' for CMake module files
[4.113s] Level 1:colcon.colcon_core.environment:checking '/CPE416/ros_ws/install/ros_gz_example_bringup' for CMake config files
[4.115s] Level 1:colcon.colcon_core.shell:create_environment_hook('ros_gz_example_bringup', 'cmake_prefix_path')
[4.115s] INFO:colcon.colcon_core.shell:Creating environment hook '/CPE416/ros_ws/install/ros_gz_example_bringup/share/ros_gz_example_bringup/hook/cmake_prefix_path.ps1'
[4.115s] INFO:colcon.colcon_core.shell:Creating environment descriptor '/CPE416/ros_ws/install/ros_gz_example_bringup/share/ros_gz_example_bringup/hook/cmake_prefix_path.dsv'
[4.116s] INFO:colcon.colcon_core.shell:Creating environment hook '/CPE416/ros_ws/install/ros_gz_example_bringup/share/ros_gz_example_bringup/hook/cmake_prefix_path.sh'
[4.116s] Level 1:colcon.colcon_core.environment:checking '/CPE416/ros_ws/install/ros_gz_example_bringup/bin'
[4.116s] Level 1:colcon.colcon_core.environment:checking '/CPE416/ros_ws/install/ros_gz_example_bringup/lib/pkgconfig/ros_gz_example_bringup.pc'
[4.117s] Level 1:colcon.colcon_core.environment:checking '/CPE416/ros_ws/install/ros_gz_example_bringup/lib/python3.10/site-packages'
[4.117s] Level 1:colcon.colcon_core.environment:checking '/CPE416/ros_ws/install/ros_gz_example_bringup/bin'
[4.117s] INFO:colcon.colcon_core.shell:Creating package script '/CPE416/ros_ws/install/ros_gz_example_bringup/share/ros_gz_example_bringup/package.ps1'
[4.117s] INFO:colcon.colcon_core.shell:Creating package descriptor '/CPE416/ros_ws/install/ros_gz_example_bringup/share/ros_gz_example_bringup/package.dsv'
[4.118s] INFO:colcon.colcon_core.shell:Creating package script '/CPE416/ros_ws/install/ros_gz_example_bringup/share/ros_gz_example_bringup/package.sh'
[4.118s] INFO:colcon.colcon_core.shell:Creating package script '/CPE416/ros_ws/install/ros_gz_example_bringup/share/ros_gz_example_bringup/package.bash'
[4.119s] INFO:colcon.colcon_core.shell:Creating package script '/CPE416/ros_ws/install/ros_gz_example_bringup/share/ros_gz_example_bringup/package.zsh'
[4.119s] Level 1:colcon.colcon_core.environment:create_file_with_runtime_dependencies(/CPE416/ros_ws/install/ros_gz_example_bringup/share/colcon-core/packages/ros_gz_example_bringup)
[4.119s] DEBUG:colcon.colcon_parallel_executor.executor.parallel:closing loop
[4.119s] DEBUG:colcon.colcon_parallel_executor.executor.parallel:loop closed
[4.120s] DEBUG:colcon.colcon_parallel_executor.executor.parallel:run_until_complete finished with '0'
[4.120s] DEBUG:colcon.colcon_core.event_reactor:joining thread
[4.129s] INFO:colcon.colcon_core.plugin_system:Skipping extension 'colcon_notification.desktop_notification.notify_send': Could not find 'notify-send'
[4.130s] INFO:colcon.colcon_core.plugin_system:Skipping extension 'colcon_notification.desktop_notification.terminal_notifier': Not used on non-Darwin systems
[4.130s] INFO:colcon.colcon_core.plugin_system:Skipping extension 'colcon_notification.desktop_notification.win32': Not used on non-Windows systems
[4.130s] INFO:colcon.colcon_notification.desktop_notification:Sending desktop notification using 'notify2'
[4.131s] DEBUG:colcon.colcon_notification.desktop_notification.notify2:Failed to initialize notify2: org.freedesktop.DBus.Error.Spawn.ExecFailed: /usr/bin/dbus-launch terminated abnormally without any error message
[4.131s] DEBUG:colcon.colcon_core.event_reactor:joined thread
[4.132s] INFO:colcon.colcon_core.shell:Creating prefix script '/CPE416/ros_ws/install/local_setup.ps1'
[4.133s] INFO:colcon.colcon_core.shell:Creating prefix util module '/CPE416/ros_ws/install/_local_setup_util_ps1.py'
[4.134s] INFO:colcon.colcon_core.shell:Creating prefix chain script '/CPE416/ros_ws/install/setup.ps1'
[4.135s] INFO:colcon.colcon_core.shell:Creating prefix script '/CPE416/ros_ws/install/local_setup.sh'
[4.142s] INFO:colcon.colcon_core.shell:Creating prefix util module '/CPE416/ros_ws/install/_local_setup_util_sh.py'
[4.142s] INFO:colcon.colcon_core.shell:Creating prefix chain script '/CPE416/ros_ws/install/setup.sh'
[4.143s] INFO:colcon.colcon_core.shell:Creating prefix script '/CPE416/ros_ws/install/local_setup.bash'
[4.144s] INFO:colcon.colcon_core.shell:Creating prefix chain script '/CPE416/ros_ws/install/setup.bash'
[4.145s] INFO:colcon.colcon_core.shell:Creating prefix script '/CPE416/ros_ws/install/local_setup.zsh'
[4.145s] INFO:colcon.colcon_core.shell:Creating prefix chain script '/CPE416/ros_ws/install/setup.zsh'
