[1.438s] DEBUG:colcon:Command line arguments: ['/usr/bin/colcon', 'build']
[1.439s] DEBUG:colcon:Parsed command line arguments: Namespace(log_base=None, log_level=None, verb_name='build', build_base='build', install_base='install', merge_install=False, symlink_install=False, test_result_base=None, continue_on_error=False, executor='parallel', parallel_workers=8, event_handlers=None, ignore_user_meta=False, metas=['./colcon.meta'], base_paths=['.'], packages_ignore=None, packages_ignore_regex=None, paths=None, packages_up_to=None, packages_up_to_regex=None, packages_above=None, packages_above_and_dependencies=None, packages_above_depth=None, packages_select_by_dep=None, packages_skip_by_dep=None, packages_skip_up_to=None, packages_select_build_failed=False, packages_skip_build_finished=False, packages_select_test_failures=False, packages_skip_test_passed=False, packages_select=None, packages_skip=None, packages_select_regex=None, packages_skip_regex=None, packages_start=None, packages_end=None, cmake_args=None, cmake_target=None, cmake_target_skip_unavailable=False, cmake_clean_cache=False, cmake_clean_first=False, cmake_force_configure=False, ament_cmake_args=None, catkin_cmake_args=None, catkin_skip_building_tests=False, mixin_files=None, mixin=None, verb_parser=<colcon_mixin.mixin.mixin_argument.MixinArgumentDecorator object at 0x7394353a4f40>, verb_extension=<colcon_core.verb.build.BuildVerb object at 0x7394354e16f0>, main=<bound method BuildVerb.main of <colcon_core.verb.build.BuildVerb object at 0x7394354e16f0>>, mixin_verb=('build',))
[2.493s] Level 1:colcon.colcon_core.package_discovery:discover_packages(colcon_meta) check parameters
[2.496s] INFO:colcon.colcon_metadata.package_discovery.colcon_meta:Using configuration from '/root/.colcon/metadata/default/Gazebo.meta'
[2.497s] INFO:colcon.colcon_metadata.package_discovery.colcon_meta:Using configuration from '/root/.colcon/metadata/default/fastrtps.meta'
[2.499s] Level 1:colcon.colcon_core.package_discovery:discover_packages(recursive) check parameters
[2.500s] Level 1:colcon.colcon_core.package_discovery:discover_packages(ignore) check parameters
[2.500s] Level 1:colcon.colcon_core.package_discovery:discover_packages(path) check parameters
[2.501s] Level 1:colcon.colcon_core.package_discovery:discover_packages(colcon_meta) discover
[2.501s] Level 1:colcon.colcon_core.package_discovery:discover_packages(recursive) discover
[2.503s] INFO:colcon.colcon_core.package_discovery:Crawling recursively for packages in '/gobilda_sim/ros_ws/src/bump_and_go'
[2.506s] Level 1:colcon.colcon_core.package_identification:_identify(.) by extensions ['ignore', 'ignore_ament_install']
[2.507s] Level 1:colcon.colcon_core.package_identification:_identify(.) by extension 'ignore'
[2.508s] Level 1:colcon.colcon_core.package_identification:_identify(.) by extension 'ignore_ament_install'
[2.510s] Level 1:colcon.colcon_core.package_identification:_identify(.) by extensions ['colcon_pkg']
[2.510s] Level 1:colcon.colcon_core.package_identification:_identify(.) by extension 'colcon_pkg'
[2.511s] Level 1:colcon.colcon_core.package_identification:_identify(.) by extensions ['colcon_meta']
[2.512s] Level 1:colcon.colcon_core.package_identification:_identify(.) by extension 'colcon_meta'
[2.513s] Level 1:colcon.colcon_core.package_identification:_identify(.) by extensions ['ros']
[2.513s] Level 1:colcon.colcon_core.package_identification:_identify(.) by extension 'ros'
[2.596s] DEBUG:colcon.colcon_core.package_identification:Package '.' with type 'ros.ament_python' and name 'bump_and_go'
[2.596s] Level 1:colcon.colcon_core.package_discovery:discover_packages(recursive) using defaults
[2.597s] Level 1:colcon.colcon_core.package_discovery:discover_packages(ignore) discover
[2.598s] Level 1:colcon.colcon_core.package_discovery:discover_packages(ignore) using defaults
[2.598s] Level 1:colcon.colcon_core.package_discovery:discover_packages(path) discover
[2.599s] Level 1:colcon.colcon_core.package_discovery:discover_packages(path) using defaults
[2.915s] Level 5:colcon.colcon_core.verb:set package 'bump_and_go' build argument 'cmake_args' from command line to 'None'
[2.915s] Level 5:colcon.colcon_core.verb:set package 'bump_and_go' build argument 'cmake_target' from command line to 'None'
[2.916s] Level 5:colcon.colcon_core.verb:set package 'bump_and_go' build argument 'cmake_target_skip_unavailable' from command line to 'False'
[2.917s] Level 5:colcon.colcon_core.verb:set package 'bump_and_go' build argument 'cmake_clean_cache' from command line to 'False'
[2.917s] Level 5:colcon.colcon_core.verb:set package 'bump_and_go' build argument 'cmake_clean_first' from command line to 'False'
[2.918s] Level 5:colcon.colcon_core.verb:set package 'bump_and_go' build argument 'cmake_force_configure' from command line to 'False'
[2.918s] Level 5:colcon.colcon_core.verb:set package 'bump_and_go' build argument 'ament_cmake_args' from command line to 'None'
[2.919s] Level 5:colcon.colcon_core.verb:set package 'bump_and_go' build argument 'catkin_cmake_args' from command line to 'None'
[2.920s] Level 5:colcon.colcon_core.verb:set package 'bump_and_go' build argument 'catkin_skip_building_tests' from command line to 'False'
[2.921s] DEBUG:colcon.colcon_core.verb:Building package 'bump_and_go' with the following arguments: {'ament_cmake_args': None, 'build_base': '/gobilda_sim/ros_ws/src/bump_and_go/build/bump_and_go', 'catkin_cmake_args': None, 'catkin_skip_building_tests': False, 'cmake_args': None, 'cmake_clean_cache': False, 'cmake_clean_first': False, 'cmake_force_configure': False, 'cmake_target': None, 'cmake_target_skip_unavailable': False, 'install_base': '/gobilda_sim/ros_ws/src/bump_and_go/install/bump_and_go', 'merge_install': False, 'path': '/gobilda_sim/ros_ws/src/bump_and_go', 'symlink_install': False, 'test_result_base': None}
[2.922s] INFO:colcon.colcon_core.executor:Executing jobs using 'parallel' executor
[2.928s] DEBUG:colcon.colcon_parallel_executor.executor.parallel:run_until_complete
[2.931s] INFO:colcon.colcon_ros.task.ament_python.build:Building ROS package in '/gobilda_sim/ros_ws/src/bump_and_go' with build type 'ament_python'
[2.934s] Level 1:colcon.colcon_core.shell:create_environment_hook('bump_and_go', 'ament_prefix_path')
[2.973s] INFO:colcon.colcon_core.plugin_system:Skipping extension 'colcon_core.shell.bat': Not used on non-Windows systems
[2.980s] INFO:colcon.colcon_core.shell:Creating environment hook '/gobilda_sim/ros_ws/src/bump_and_go/install/bump_and_go/share/bump_and_go/hook/ament_prefix_path.ps1'
[3.128s] INFO:colcon.colcon_core.shell:Creating environment descriptor '/gobilda_sim/ros_ws/src/bump_and_go/install/bump_and_go/share/bump_and_go/hook/ament_prefix_path.dsv'
[3.192s] INFO:colcon.colcon_core.shell:Creating environment hook '/gobilda_sim/ros_ws/src/bump_and_go/install/bump_and_go/share/bump_and_go/hook/ament_prefix_path.sh'
[3.250s] INFO:colcon.colcon_core.shell:Skip shell extension 'powershell' for command environment: Not usable outside of PowerShell
[3.251s] DEBUG:colcon.colcon_core.shell:Skip shell extension 'dsv' for command environment
[7.986s] INFO:colcon.colcon_core.task.python.build:Building Python package in '/gobilda_sim/ros_ws/src/bump_and_go'
[7.988s] INFO:colcon.colcon_core.shell:Skip shell extension 'powershell' for command environment: Not usable outside of PowerShell
[7.988s] DEBUG:colcon.colcon_core.shell:Skip shell extension 'dsv' for command environment
[11.828s] DEBUG:colcon.colcon_core.event_handler.log_command:Invoking command in '/gobilda_sim/ros_ws/src/bump_and_go': PYTHONPATH=/gobilda_sim/ros_ws/src/bump_and_go/build/bump_and_go/prefix_override:/usr/lib/python3/dist-packages/colcon_core/task/python/colcon_distutils_commands:/gobilda_sim/ros_ws/src/bump_and_go/install/bump_and_go/lib/python3.10/site-packages:${PYTHONPATH} /usr/bin/python3 -W ignore:setup.py install is deprecated setup.py egg_info --egg-base build/bump_and_go build --build-base /gobilda_sim/ros_ws/src/bump_and_go/build/bump_and_go/build install --record /gobilda_sim/ros_ws/src/bump_and_go/build/bump_and_go/install.log --single-version-externally-managed install_data
[14.896s] DEBUG:colcon.colcon_core.event_handler.log_command:Invoked command in '/gobilda_sim/ros_ws/src/bump_and_go' returned '0': PYTHONPATH=/gobilda_sim/ros_ws/src/bump_and_go/build/bump_and_go/prefix_override:/usr/lib/python3/dist-packages/colcon_core/task/python/colcon_distutils_commands:/gobilda_sim/ros_ws/src/bump_and_go/install/bump_and_go/lib/python3.10/site-packages:${PYTHONPATH} /usr/bin/python3 -W ignore:setup.py install is deprecated setup.py egg_info --egg-base build/bump_and_go build --build-base /gobilda_sim/ros_ws/src/bump_and_go/build/bump_and_go/build install --record /gobilda_sim/ros_ws/src/bump_and_go/build/bump_and_go/install.log --single-version-externally-managed install_data
[14.908s] Level 1:colcon.colcon_core.environment:checking '/gobilda_sim/ros_ws/src/bump_and_go/install/bump_and_go' for CMake module files
[14.978s] Level 1:colcon.colcon_core.environment:checking '/gobilda_sim/ros_ws/src/bump_and_go/install/bump_and_go' for CMake config files
[15.257s] Level 1:colcon.colcon_core.environment:checking '/gobilda_sim/ros_ws/src/bump_and_go/install/bump_and_go/lib'
[15.332s] Level 1:colcon.colcon_core.environment:checking '/gobilda_sim/ros_ws/src/bump_and_go/install/bump_and_go/bin'
[15.339s] Level 1:colcon.colcon_core.environment:checking '/gobilda_sim/ros_ws/src/bump_and_go/install/bump_and_go/lib/pkgconfig/bump_and_go.pc'
[15.343s] Level 1:colcon.colcon_core.environment:checking '/gobilda_sim/ros_ws/src/bump_and_go/install/bump_and_go/lib/python3.10/site-packages'
[15.375s] Level 1:colcon.colcon_core.shell:create_environment_hook('bump_and_go', 'pythonpath')
[15.381s] INFO:colcon.colcon_core.shell:Creating environment hook '/gobilda_sim/ros_ws/src/bump_and_go/install/bump_and_go/share/bump_and_go/hook/pythonpath.ps1'
[15.711s] INFO:colcon.colcon_core.shell:Creating environment descriptor '/gobilda_sim/ros_ws/src/bump_and_go/install/bump_and_go/share/bump_and_go/hook/pythonpath.dsv'
[15.816s] INFO:colcon.colcon_core.shell:Creating environment hook '/gobilda_sim/ros_ws/src/bump_and_go/install/bump_and_go/share/bump_and_go/hook/pythonpath.sh'
[15.883s] Level 1:colcon.colcon_core.environment:checking '/gobilda_sim/ros_ws/src/bump_and_go/install/bump_and_go/bin'
[15.887s] Level 1:colcon.colcon_core.environment:create_environment_scripts_only(bump_and_go)
[15.888s] INFO:colcon.colcon_core.shell:Creating package script '/gobilda_sim/ros_ws/src/bump_and_go/install/bump_and_go/share/bump_and_go/package.ps1'
[15.965s] INFO:colcon.colcon_core.shell:Creating package descriptor '/gobilda_sim/ros_ws/src/bump_and_go/install/bump_and_go/share/bump_and_go/package.dsv'
[15.998s] INFO:colcon.colcon_core.shell:Creating package script '/gobilda_sim/ros_ws/src/bump_and_go/install/bump_and_go/share/bump_and_go/package.sh'
[16.045s] INFO:colcon.colcon_core.shell:Creating package script '/gobilda_sim/ros_ws/src/bump_and_go/install/bump_and_go/share/bump_and_go/package.bash'
[16.080s] INFO:colcon.colcon_core.shell:Creating package script '/gobilda_sim/ros_ws/src/bump_and_go/install/bump_and_go/share/bump_and_go/package.zsh'
[16.108s] Level 1:colcon.colcon_core.environment:create_file_with_runtime_dependencies(/gobilda_sim/ros_ws/src/bump_and_go/install/bump_and_go/share/colcon-core/packages/bump_and_go)
[16.124s] DEBUG:colcon.colcon_parallel_executor.executor.parallel:closing loop
[16.125s] DEBUG:colcon.colcon_parallel_executor.executor.parallel:loop closed
[16.126s] DEBUG:colcon.colcon_parallel_executor.executor.parallel:run_until_complete finished with '0'
[16.127s] DEBUG:colcon.colcon_core.event_reactor:joining thread
[16.172s] INFO:colcon.colcon_core.plugin_system:Skipping extension 'colcon_notification.desktop_notification.notify_send': Could not find 'notify-send'
[16.172s] INFO:colcon.colcon_core.plugin_system:Skipping extension 'colcon_notification.desktop_notification.terminal_notifier': Not used on non-Darwin systems
[16.173s] INFO:colcon.colcon_core.plugin_system:Skipping extension 'colcon_notification.desktop_notification.win32': Not used on non-Windows systems
[16.173s] INFO:colcon.colcon_notification.desktop_notification:Sending desktop notification using 'notify2'
[16.177s] DEBUG:colcon.colcon_notification.desktop_notification.notify2:Failed to initialize notify2: org.freedesktop.DBus.Error.Spawn.ExecFailed: /usr/bin/dbus-launch terminated abnormally without any error message
[16.178s] DEBUG:colcon.colcon_core.event_reactor:joined thread
[16.179s] INFO:colcon.colcon_core.shell:Creating prefix script '/gobilda_sim/ros_ws/src/bump_and_go/install/local_setup.ps1'
[16.190s] INFO:colcon.colcon_core.shell:Creating prefix util module '/gobilda_sim/ros_ws/src/bump_and_go/install/_local_setup_util_ps1.py'
[16.201s] INFO:colcon.colcon_core.shell:Creating prefix chain script '/gobilda_sim/ros_ws/src/bump_and_go/install/setup.ps1'
[16.225s] INFO:colcon.colcon_core.shell:Creating prefix script '/gobilda_sim/ros_ws/src/bump_and_go/install/local_setup.sh'
[16.235s] INFO:colcon.colcon_core.shell:Creating prefix util module '/gobilda_sim/ros_ws/src/bump_and_go/install/_local_setup_util_sh.py'
[16.245s] INFO:colcon.colcon_core.shell:Creating prefix chain script '/gobilda_sim/ros_ws/src/bump_and_go/install/setup.sh'
[16.269s] INFO:colcon.colcon_core.shell:Creating prefix script '/gobilda_sim/ros_ws/src/bump_and_go/install/local_setup.bash'
[16.279s] INFO:colcon.colcon_core.shell:Creating prefix chain script '/gobilda_sim/ros_ws/src/bump_and_go/install/setup.bash'
[16.301s] INFO:colcon.colcon_core.shell:Creating prefix script '/gobilda_sim/ros_ws/src/bump_and_go/install/local_setup.zsh'
[16.310s] INFO:colcon.colcon_core.shell:Creating prefix chain script '/gobilda_sim/ros_ws/src/bump_and_go/install/setup.zsh'
