[0.400s] DEBUG:colcon:Command line arguments: ['/usr/bin/colcon', 'build']
[0.401s] DEBUG:colcon:Parsed command line arguments: Namespace(log_base=None, log_level=None, verb_name='build', build_base='build', install_base='install', merge_install=False, symlink_install=False, test_result_base=None, continue_on_error=False, executor='parallel', parallel_workers=8, event_handlers=None, ignore_user_meta=False, metas=['./colcon.meta'], base_paths=['.'], packages_ignore=None, packages_ignore_regex=None, paths=None, packages_up_to=None, packages_up_to_regex=None, packages_above=None, packages_above_and_dependencies=None, packages_above_depth=None, packages_select_by_dep=None, packages_skip_by_dep=None, packages_skip_up_to=None, packages_select_build_failed=False, packages_skip_build_finished=False, packages_select_test_failures=False, packages_skip_test_passed=False, packages_select=None, packages_skip=None, packages_select_regex=None, packages_skip_regex=None, packages_start=None, packages_end=None, cmake_args=None, cmake_target=None, cmake_target_skip_unavailable=False, cmake_clean_cache=False, cmake_clean_first=False, cmake_force_configure=False, ament_cmake_args=None, catkin_cmake_args=None, catkin_skip_building_tests=False, mixin_files=None, mixin=None, verb_parser=<colcon_mixin.mixin.mixin_argument.MixinArgumentDecorator object at 0x7937ee53f160>, verb_extension=<colcon_core.verb.build.BuildVerb object at 0x7937ee53ec20>, main=<bound method BuildVerb.main of <colcon_core.verb.build.BuildVerb object at 0x7937ee53ec20>>, mixin_verb=('build',))
[0.943s] Level 1:colcon.colcon_core.package_discovery:discover_packages(colcon_meta) check parameters
[0.946s] INFO:colcon.colcon_metadata.package_discovery.colcon_meta:Using configuration from '/root/.colcon/metadata/default/Gazebo.meta'
[0.948s] INFO:colcon.colcon_metadata.package_discovery.colcon_meta:Using configuration from '/root/.colcon/metadata/default/fastdds.meta'
[0.950s] INFO:colcon.colcon_metadata.package_discovery.colcon_meta:Using configuration from '/root/.colcon/metadata/default/fastrtps.meta'
[0.950s] Level 1:colcon.colcon_core.package_discovery:discover_packages(recursive) check parameters
[0.951s] Level 1:colcon.colcon_core.package_discovery:discover_packages(ignore) check parameters
[0.951s] Level 1:colcon.colcon_core.package_discovery:discover_packages(path) check parameters
[0.951s] Level 1:colcon.colcon_core.package_discovery:discover_packages(colcon_meta) discover
[0.952s] Level 1:colcon.colcon_core.package_discovery:discover_packages(recursive) discover
[0.952s] INFO:colcon.colcon_core.package_discovery:Crawling recursively for packages in '/CPE416/ros_ws/src/lab2'
[0.955s] Level 1:colcon.colcon_core.package_identification:_identify(.) by extensions ['ignore', 'ignore_ament_install']
[0.955s] Level 1:colcon.colcon_core.package_identification:_identify(.) by extension 'ignore'
[0.956s] Level 1:colcon.colcon_core.package_identification:_identify(.) by extension 'ignore_ament_install'
[0.957s] Level 1:colcon.colcon_core.package_identification:_identify(.) by extensions ['colcon_pkg']
[0.957s] Level 1:colcon.colcon_core.package_identification:_identify(.) by extension 'colcon_pkg'
[0.958s] Level 1:colcon.colcon_core.package_identification:_identify(.) by extensions ['colcon_meta']
[0.958s] Level 1:colcon.colcon_core.package_identification:_identify(.) by extension 'colcon_meta'
[0.958s] Level 1:colcon.colcon_core.package_identification:_identify(.) by extensions ['ros']
[0.959s] Level 1:colcon.colcon_core.package_identification:_identify(.) by extension 'ros'
[0.994s] DEBUG:colcon.colcon_core.package_identification:Package '.' with type 'ros.ament_python' and name 'lab2'
[0.995s] Level 1:colcon.colcon_core.package_discovery:discover_packages(recursive) using defaults
[0.995s] Level 1:colcon.colcon_core.package_discovery:discover_packages(ignore) discover
[0.995s] Level 1:colcon.colcon_core.package_discovery:discover_packages(ignore) using defaults
[0.996s] Level 1:colcon.colcon_core.package_discovery:discover_packages(path) discover
[0.996s] Level 1:colcon.colcon_core.package_discovery:discover_packages(path) using defaults
[1.045s] Level 5:colcon.colcon_core.verb:set package 'lab2' build argument 'cmake_args' from command line to 'None'
[1.046s] Level 5:colcon.colcon_core.verb:set package 'lab2' build argument 'cmake_target' from command line to 'None'
[1.046s] Level 5:colcon.colcon_core.verb:set package 'lab2' build argument 'cmake_target_skip_unavailable' from command line to 'False'
[1.046s] Level 5:colcon.colcon_core.verb:set package 'lab2' build argument 'cmake_clean_cache' from command line to 'False'
[1.047s] Level 5:colcon.colcon_core.verb:set package 'lab2' build argument 'cmake_clean_first' from command line to 'False'
[1.047s] Level 5:colcon.colcon_core.verb:set package 'lab2' build argument 'cmake_force_configure' from command line to 'False'
[1.047s] Level 5:colcon.colcon_core.verb:set package 'lab2' build argument 'ament_cmake_args' from command line to 'None'
[1.048s] Level 5:colcon.colcon_core.verb:set package 'lab2' build argument 'catkin_cmake_args' from command line to 'None'
[1.048s] Level 5:colcon.colcon_core.verb:set package 'lab2' build argument 'catkin_skip_building_tests' from command line to 'False'
[1.048s] DEBUG:colcon.colcon_core.verb:Building package 'lab2' with the following arguments: {'ament_cmake_args': None, 'build_base': '/CPE416/ros_ws/src/lab2/build/lab2', 'catkin_cmake_args': None, 'catkin_skip_building_tests': False, 'cmake_args': None, 'cmake_clean_cache': False, 'cmake_clean_first': False, 'cmake_force_configure': False, 'cmake_target': None, 'cmake_target_skip_unavailable': False, 'install_base': '/CPE416/ros_ws/src/lab2/install/lab2', 'merge_install': False, 'path': '/CPE416/ros_ws/src/lab2', 'symlink_install': False, 'test_result_base': None}
[1.049s] INFO:colcon.colcon_core.executor:Executing jobs using 'parallel' executor
[1.052s] DEBUG:colcon.colcon_parallel_executor.executor.parallel:run_until_complete
[1.053s] INFO:colcon.colcon_ros.task.ament_python.build:Building ROS package in '/CPE416/ros_ws/src/lab2' with build type 'ament_python'
[1.054s] Level 1:colcon.colcon_core.shell:create_environment_hook('lab2', 'ament_prefix_path')
[1.072s] INFO:colcon.colcon_core.plugin_system:Skipping extension 'colcon_core.shell.bat': Not used on non-Windows systems
[1.073s] INFO:colcon.colcon_core.shell:Creating environment hook '/CPE416/ros_ws/src/lab2/install/lab2/share/lab2/hook/ament_prefix_path.ps1'
[1.114s] INFO:colcon.colcon_core.shell:Creating environment descriptor '/CPE416/ros_ws/src/lab2/install/lab2/share/lab2/hook/ament_prefix_path.dsv'
[1.146s] INFO:colcon.colcon_core.shell:Creating environment hook '/CPE416/ros_ws/src/lab2/install/lab2/share/lab2/hook/ament_prefix_path.sh'
[1.196s] INFO:colcon.colcon_core.shell:Skip shell extension 'powershell' for command environment: Not usable outside of PowerShell
[1.197s] DEBUG:colcon.colcon_core.shell:Skip shell extension 'dsv' for command environment
[1.769s] INFO:colcon.colcon_core.task.python.build:Building Python package in '/CPE416/ros_ws/src/lab2'
[1.770s] INFO:colcon.colcon_core.shell:Skip shell extension 'powershell' for command environment: Not usable outside of PowerShell
[1.771s] DEBUG:colcon.colcon_core.shell:Skip shell extension 'dsv' for command environment
[4.623s] DEBUG:colcon.colcon_core.event_handler.log_command:Invoking command in '/CPE416/ros_ws/src/lab2': PYTHONPATH=/CPE416/ros_ws/src/lab2/build/lab2/prefix_override:/usr/lib/python3/dist-packages/colcon_core/task/python/colcon_distutils_commands:/CPE416/ros_ws/src/lab2/install/lab2/lib/python3.10/site-packages:${PYTHONPATH} /usr/bin/python3 -W ignore:setup.py install is deprecated -W ignore:easy_install command is deprecated setup.py egg_info --egg-base build/lab2 build --build-base /CPE416/ros_ws/src/lab2/build/lab2/build install --record /CPE416/ros_ws/src/lab2/build/lab2/install.log --single-version-externally-managed install_data
[8.730s] DEBUG:colcon.colcon_core.event_handler.log_command:Invoked command in '/CPE416/ros_ws/src/lab2' returned '0': PYTHONPATH=/CPE416/ros_ws/src/lab2/build/lab2/prefix_override:/usr/lib/python3/dist-packages/colcon_core/task/python/colcon_distutils_commands:/CPE416/ros_ws/src/lab2/install/lab2/lib/python3.10/site-packages:${PYTHONPATH} /usr/bin/python3 -W ignore:setup.py install is deprecated -W ignore:easy_install command is deprecated setup.py egg_info --egg-base build/lab2 build --build-base /CPE416/ros_ws/src/lab2/build/lab2/build install --record /CPE416/ros_ws/src/lab2/build/lab2/install.log --single-version-externally-managed install_data
[8.739s] Level 1:colcon.colcon_core.environment:checking '/CPE416/ros_ws/src/lab2/install/lab2' for CMake module files
[8.846s] Level 1:colcon.colcon_core.environment:checking '/CPE416/ros_ws/src/lab2/install/lab2' for CMake config files
[9.049s] Level 1:colcon.colcon_core.environment:checking '/CPE416/ros_ws/src/lab2/install/lab2/lib'
[9.060s] Level 1:colcon.colcon_core.environment:checking '/CPE416/ros_ws/src/lab2/install/lab2/bin'
[9.065s] Level 1:colcon.colcon_core.environment:checking '/CPE416/ros_ws/src/lab2/install/lab2/lib/pkgconfig/lab2.pc'
[9.070s] Level 1:colcon.colcon_core.environment:checking '/CPE416/ros_ws/src/lab2/install/lab2/lib/python3.10/site-packages'
[9.077s] Level 1:colcon.colcon_core.shell:create_environment_hook('lab2', 'pythonpath')
[9.078s] INFO:colcon.colcon_core.shell:Creating environment hook '/CPE416/ros_ws/src/lab2/install/lab2/share/lab2/hook/pythonpath.ps1'
[9.112s] INFO:colcon.colcon_core.shell:Creating environment descriptor '/CPE416/ros_ws/src/lab2/install/lab2/share/lab2/hook/pythonpath.dsv'
[9.144s] INFO:colcon.colcon_core.shell:Creating environment hook '/CPE416/ros_ws/src/lab2/install/lab2/share/lab2/hook/pythonpath.sh'
[9.180s] Level 1:colcon.colcon_core.environment:checking '/CPE416/ros_ws/src/lab2/install/lab2/bin'
[9.184s] Level 1:colcon.colcon_core.environment:create_environment_scripts_only(lab2)
[9.185s] INFO:colcon.colcon_core.shell:Creating package script '/CPE416/ros_ws/src/lab2/install/lab2/share/lab2/package.ps1'
[9.233s] INFO:colcon.colcon_core.shell:Creating package descriptor '/CPE416/ros_ws/src/lab2/install/lab2/share/lab2/package.dsv'
[9.261s] INFO:colcon.colcon_core.shell:Creating package script '/CPE416/ros_ws/src/lab2/install/lab2/share/lab2/package.sh'
[9.292s] INFO:colcon.colcon_core.shell:Creating package script '/CPE416/ros_ws/src/lab2/install/lab2/share/lab2/package.bash'
[9.323s] INFO:colcon.colcon_core.shell:Creating package script '/CPE416/ros_ws/src/lab2/install/lab2/share/lab2/package.zsh'
[9.371s] Level 1:colcon.colcon_core.environment:create_file_with_runtime_dependencies(/CPE416/ros_ws/src/lab2/install/lab2/share/colcon-core/packages/lab2)
[9.410s] DEBUG:colcon.colcon_parallel_executor.executor.parallel:closing loop
[9.411s] DEBUG:colcon.colcon_parallel_executor.executor.parallel:loop closed
[9.411s] DEBUG:colcon.colcon_parallel_executor.executor.parallel:run_until_complete finished with '0'
[9.412s] DEBUG:colcon.colcon_core.event_reactor:joining thread
[9.479s] INFO:colcon.colcon_core.plugin_system:Skipping extension 'colcon_notification.desktop_notification.notify_send': Could not find 'notify-send'
[9.481s] INFO:colcon.colcon_core.plugin_system:Skipping extension 'colcon_notification.desktop_notification.terminal_notifier': Not used on non-Darwin systems
[9.481s] INFO:colcon.colcon_core.plugin_system:Skipping extension 'colcon_notification.desktop_notification.win32': Not used on non-Windows systems
[9.482s] INFO:colcon.colcon_notification.desktop_notification:Sending desktop notification using 'notify2'
[9.489s] DEBUG:colcon.colcon_notification.desktop_notification.notify2:Failed to initialize notify2: org.freedesktop.DBus.Error.Spawn.ExecFailed: /usr/bin/dbus-launch terminated abnormally without any error message
[9.491s] DEBUG:colcon.colcon_core.event_reactor:joined thread
[9.492s] INFO:colcon.colcon_core.shell:Creating prefix script '/CPE416/ros_ws/src/lab2/install/local_setup.ps1'
[9.512s] INFO:colcon.colcon_core.shell:Creating prefix util module '/CPE416/ros_ws/src/lab2/install/_local_setup_util_ps1.py'
[9.534s] INFO:colcon.colcon_core.shell:Creating prefix chain script '/CPE416/ros_ws/src/lab2/install/setup.ps1'
[9.559s] INFO:colcon.colcon_core.shell:Creating prefix script '/CPE416/ros_ws/src/lab2/install/local_setup.sh'
[9.578s] INFO:colcon.colcon_core.shell:Creating prefix util module '/CPE416/ros_ws/src/lab2/install/_local_setup_util_sh.py'
[9.597s] INFO:colcon.colcon_core.shell:Creating prefix chain script '/CPE416/ros_ws/src/lab2/install/setup.sh'
[9.618s] INFO:colcon.colcon_core.shell:Creating prefix script '/CPE416/ros_ws/src/lab2/install/local_setup.bash'
[9.637s] INFO:colcon.colcon_core.shell:Creating prefix chain script '/CPE416/ros_ws/src/lab2/install/setup.bash'
[9.654s] INFO:colcon.colcon_core.shell:Creating prefix script '/CPE416/ros_ws/src/lab2/install/local_setup.zsh'
[9.672s] INFO:colcon.colcon_core.shell:Creating prefix chain script '/CPE416/ros_ws/src/lab2/install/setup.zsh'
