[0.268s] DEBUG:colcon:Command line arguments: ['/home/calpoly/.local/bin/colcon', 'build']
[0.268s] DEBUG:colcon:Parsed command line arguments: Namespace(log_base=None, log_level=None, verb_name='build', build_base='build', install_base='install', merge_install=False, symlink_install=False, test_result_base=None, continue_on_error=False, executor='parallel', parallel_workers=6, event_handlers=None, ignore_user_meta=False, metas=['./colcon.meta'], base_paths=['.'], packages_ignore=None, packages_ignore_regex=None, paths=None, packages_up_to=None, packages_up_to_regex=None, packages_above=None, packages_above_and_dependencies=None, packages_above_depth=None, packages_select_by_dep=None, packages_skip_by_dep=None, packages_skip_up_to=None, packages_select_build_failed=False, packages_skip_build_finished=False, packages_select_test_failures=False, packages_skip_test_passed=False, packages_select=None, packages_skip=None, packages_select_regex=None, packages_skip_regex=None, packages_start=None, packages_end=None, cmake_args=None, cmake_target=None, cmake_target_skip_unavailable=False, cmake_clean_cache=False, cmake_clean_first=False, cmake_force_configure=False, ament_cmake_args=None, catkin_cmake_args=None, catkin_skip_building_tests=False, verb_parser=<colcon_defaults.argument_parser.defaults.DefaultArgumentsDecorator object at 0xffffbb56b910>, verb_extension=<colcon_core.verb.build.BuildVerb object at 0xffffbb56a8f0>, main=<bound method BuildVerb.main of <colcon_core.verb.build.BuildVerb object at 0xffffbb56a8f0>>)
[0.569s] Level 1:colcon.colcon_core.package_discovery:discover_packages(colcon_meta) check parameters
[0.569s] Level 1:colcon.colcon_core.package_discovery:discover_packages(recursive) check parameters
[0.569s] Level 1:colcon.colcon_core.package_discovery:discover_packages(ignore) check parameters
[0.570s] Level 1:colcon.colcon_core.package_discovery:discover_packages(path) check parameters
[0.570s] Level 1:colcon.colcon_core.package_discovery:discover_packages(colcon_meta) discover
[0.570s] Level 1:colcon.colcon_core.package_discovery:discover_packages(recursive) discover
[0.570s] INFO:colcon.colcon_core.package_discovery:Crawling recursively for packages in '/home/calpoly/Desktop/CPE416/ros_ws/src/lab2'
[0.570s] Level 1:colcon.colcon_core.package_identification:_identify(.) by extensions ['ignore', 'ignore_ament_install']
[0.570s] Level 1:colcon.colcon_core.package_identification:_identify(.) by extension 'ignore'
[0.571s] Level 1:colcon.colcon_core.package_identification:_identify(.) by extension 'ignore_ament_install'
[0.571s] Level 1:colcon.colcon_core.package_identification:_identify(.) by extensions ['colcon_pkg']
[0.571s] Level 1:colcon.colcon_core.package_identification:_identify(.) by extension 'colcon_pkg'
[0.571s] Level 1:colcon.colcon_core.package_identification:_identify(.) by extensions ['colcon_meta']
[0.571s] Level 1:colcon.colcon_core.package_identification:_identify(.) by extension 'colcon_meta'
[0.571s] Level 1:colcon.colcon_core.package_identification:_identify(.) by extensions ['ros']
[0.571s] Level 1:colcon.colcon_core.package_identification:_identify(.) by extension 'ros'
[0.598s] DEBUG:colcon.colcon_core.package_identification:Package '.' with type 'ros.ament_python' and name 'lab2'
[0.598s] Level 1:colcon.colcon_core.package_discovery:discover_packages(recursive) using defaults
[0.599s] Level 1:colcon.colcon_core.package_discovery:discover_packages(ignore) discover
[0.599s] Level 1:colcon.colcon_core.package_discovery:discover_packages(ignore) using defaults
[0.599s] Level 1:colcon.colcon_core.package_discovery:discover_packages(path) discover
[0.599s] Level 1:colcon.colcon_core.package_discovery:discover_packages(path) using defaults
[0.640s] Level 5:colcon.colcon_core.verb:set package 'lab2' build argument 'cmake_args' from command line to 'None'
[0.641s] Level 5:colcon.colcon_core.verb:set package 'lab2' build argument 'cmake_target' from command line to 'None'
[0.641s] Level 5:colcon.colcon_core.verb:set package 'lab2' build argument 'cmake_target_skip_unavailable' from command line to 'False'
[0.641s] Level 5:colcon.colcon_core.verb:set package 'lab2' build argument 'cmake_clean_cache' from command line to 'False'
[0.641s] Level 5:colcon.colcon_core.verb:set package 'lab2' build argument 'cmake_clean_first' from command line to 'False'
[0.641s] Level 5:colcon.colcon_core.verb:set package 'lab2' build argument 'cmake_force_configure' from command line to 'False'
[0.641s] Level 5:colcon.colcon_core.verb:set package 'lab2' build argument 'ament_cmake_args' from command line to 'None'
[0.641s] Level 5:colcon.colcon_core.verb:set package 'lab2' build argument 'catkin_cmake_args' from command line to 'None'
[0.641s] Level 5:colcon.colcon_core.verb:set package 'lab2' build argument 'catkin_skip_building_tests' from command line to 'False'
[0.641s] DEBUG:colcon.colcon_core.verb:Building package 'lab2' with the following arguments: {'ament_cmake_args': None, 'build_base': '/home/calpoly/Desktop/CPE416/ros_ws/src/lab2/build/lab2', 'catkin_cmake_args': None, 'catkin_skip_building_tests': False, 'cmake_args': None, 'cmake_clean_cache': False, 'cmake_clean_first': False, 'cmake_force_configure': False, 'cmake_target': None, 'cmake_target_skip_unavailable': False, 'install_base': '/home/calpoly/Desktop/CPE416/ros_ws/src/lab2/install/lab2', 'merge_install': False, 'path': '/home/calpoly/Desktop/CPE416/ros_ws/src/lab2', 'symlink_install': False, 'test_result_base': None}
[0.641s] INFO:colcon.colcon_core.executor:Executing jobs using 'parallel' executor
[0.644s] DEBUG:colcon.colcon_parallel_executor.executor.parallel:run_until_complete
[0.644s] INFO:colcon.colcon_ros.task.ament_python.build:Building ROS package in '/home/calpoly/Desktop/CPE416/ros_ws/src/lab2' with build type 'ament_python'
[0.645s] Level 1:colcon.colcon_core.shell:create_environment_hook('lab2', 'ament_prefix_path')
[0.649s] INFO:colcon.colcon_core.plugin_system:Skipping extension 'colcon_core.shell.bat': Not used on non-Windows systems
[0.649s] INFO:colcon.colcon_core.shell:Creating environment hook '/home/calpoly/Desktop/CPE416/ros_ws/src/lab2/install/lab2/share/lab2/hook/ament_prefix_path.ps1'
[0.651s] INFO:colcon.colcon_core.shell:Creating environment descriptor '/home/calpoly/Desktop/CPE416/ros_ws/src/lab2/install/lab2/share/lab2/hook/ament_prefix_path.dsv'
[0.652s] INFO:colcon.colcon_core.shell:Creating environment hook '/home/calpoly/Desktop/CPE416/ros_ws/src/lab2/install/lab2/share/lab2/hook/ament_prefix_path.sh'
[0.653s] INFO:colcon.colcon_core.shell:Skip shell extension 'powershell' for command environment: Not usable outside of PowerShell
[0.653s] DEBUG:colcon.colcon_core.shell:Skip shell extension 'dsv' for command environment
[0.655s] WARNING:colcon.colcon_core.prefix_path.colcon:The path '/home/calpoly/Desktop/CPE 416/CPE416/ros_ws/src/lab2/install' in the environment variable COLCON_PREFIX_PATH doesn't exist
[0.656s] WARNING:colcon.colcon_ros.prefix_path.ament:The path '/home/calpoly/Desktop/CPE 416/CPE416/ros_ws/src/lab2/install/lab2' in the environment variable AMENT_PREFIX_PATH doesn't exist
[1.201s] INFO:colcon.colcon_core.task.python.build:Building Python package in '/home/calpoly/Desktop/CPE416/ros_ws/src/lab2'
[1.202s] INFO:colcon.colcon_core.shell:Skip shell extension 'powershell' for command environment: Not usable outside of PowerShell
[1.202s] DEBUG:colcon.colcon_core.shell:Skip shell extension 'dsv' for command environment
[1.974s] DEBUG:colcon.colcon_core.event_handler.log_command:Invoking command in '/home/calpoly/Desktop/CPE416/ros_ws/src/lab2': PS1=%B%F{10}%n%f%b:%F{12}%~%f$ PYTHONPATH=/home/calpoly/Desktop/CPE416/ros_ws/src/lab2/build/lab2/prefix_override:/home/calpoly/.local/lib/python3.10/site-packages/colcon_core/task/python/colcon_distutils_commands:/home/calpoly/Desktop/CPE416/ros_ws/src/lab2/install/lab2/lib/python3.10/site-packages:${PYTHONPATH} /usr/bin/python3 -W ignore:setup.py install is deprecated -W ignore:easy_install command is deprecated setup.py egg_info --egg-base build/lab2 build --build-base /home/calpoly/Desktop/CPE416/ros_ws/src/lab2/build/lab2/build install --record /home/calpoly/Desktop/CPE416/ros_ws/src/lab2/build/lab2/install.log --single-version-externally-managed install_data
[2.586s] DEBUG:colcon.colcon_core.event_handler.log_command:Invoked command in '/home/calpoly/Desktop/CPE416/ros_ws/src/lab2' returned '0': PS1=%B%F{10}%n%f%b:%F{12}%~%f$ PYTHONPATH=/home/calpoly/Desktop/CPE416/ros_ws/src/lab2/build/lab2/prefix_override:/home/calpoly/.local/lib/python3.10/site-packages/colcon_core/task/python/colcon_distutils_commands:/home/calpoly/Desktop/CPE416/ros_ws/src/lab2/install/lab2/lib/python3.10/site-packages:${PYTHONPATH} /usr/bin/python3 -W ignore:setup.py install is deprecated -W ignore:easy_install command is deprecated setup.py egg_info --egg-base build/lab2 build --build-base /home/calpoly/Desktop/CPE416/ros_ws/src/lab2/build/lab2/build install --record /home/calpoly/Desktop/CPE416/ros_ws/src/lab2/build/lab2/install.log --single-version-externally-managed install_data
[2.594s] Level 1:colcon.colcon_core.environment:checking '/home/calpoly/Desktop/CPE416/ros_ws/src/lab2/install/lab2' for CMake module files
[2.596s] Level 1:colcon.colcon_core.environment:checking '/home/calpoly/Desktop/CPE416/ros_ws/src/lab2/install/lab2' for CMake config files
[2.599s] Level 1:colcon.colcon_core.environment:checking '/home/calpoly/Desktop/CPE416/ros_ws/src/lab2/install/lab2/lib'
[2.600s] Level 1:colcon.colcon_core.environment:checking '/home/calpoly/Desktop/CPE416/ros_ws/src/lab2/install/lab2/bin'
[2.600s] Level 1:colcon.colcon_core.environment:checking '/home/calpoly/Desktop/CPE416/ros_ws/src/lab2/install/lab2/lib/pkgconfig/lab2.pc'
[2.601s] Level 1:colcon.colcon_core.environment:checking '/home/calpoly/Desktop/CPE416/ros_ws/src/lab2/install/lab2/lib/python3.10/site-packages'
[2.601s] Level 1:colcon.colcon_core.shell:create_environment_hook('lab2', 'pythonpath')
[2.602s] INFO:colcon.colcon_core.shell:Creating environment hook '/home/calpoly/Desktop/CPE416/ros_ws/src/lab2/install/lab2/share/lab2/hook/pythonpath.ps1'
[2.604s] INFO:colcon.colcon_core.shell:Creating environment descriptor '/home/calpoly/Desktop/CPE416/ros_ws/src/lab2/install/lab2/share/lab2/hook/pythonpath.dsv'
[2.605s] INFO:colcon.colcon_core.shell:Creating environment hook '/home/calpoly/Desktop/CPE416/ros_ws/src/lab2/install/lab2/share/lab2/hook/pythonpath.sh'
[2.607s] Level 1:colcon.colcon_core.environment:checking '/home/calpoly/Desktop/CPE416/ros_ws/src/lab2/install/lab2/bin'
[2.608s] Level 1:colcon.colcon_core.environment:create_environment_scripts_only(lab2)
[2.609s] INFO:colcon.colcon_core.shell:Creating package script '/home/calpoly/Desktop/CPE416/ros_ws/src/lab2/install/lab2/share/lab2/package.ps1'
[2.613s] INFO:colcon.colcon_core.shell:Creating package descriptor '/home/calpoly/Desktop/CPE416/ros_ws/src/lab2/install/lab2/share/lab2/package.dsv'
[2.615s] INFO:colcon.colcon_core.shell:Creating package script '/home/calpoly/Desktop/CPE416/ros_ws/src/lab2/install/lab2/share/lab2/package.sh'
[2.618s] INFO:colcon.colcon_core.shell:Creating package script '/home/calpoly/Desktop/CPE416/ros_ws/src/lab2/install/lab2/share/lab2/package.bash'
[2.620s] INFO:colcon.colcon_core.shell:Creating package script '/home/calpoly/Desktop/CPE416/ros_ws/src/lab2/install/lab2/share/lab2/package.zsh'
[2.623s] Level 1:colcon.colcon_core.environment:create_file_with_runtime_dependencies(/home/calpoly/Desktop/CPE416/ros_ws/src/lab2/install/lab2/share/colcon-core/packages/lab2)
[2.624s] DEBUG:colcon.colcon_parallel_executor.executor.parallel:closing loop
[2.625s] DEBUG:colcon.colcon_parallel_executor.executor.parallel:loop closed
[2.625s] DEBUG:colcon.colcon_parallel_executor.executor.parallel:run_until_complete finished with '0'
[2.626s] DEBUG:colcon.colcon_core.event_reactor:joining thread
[2.643s] INFO:colcon.colcon_core.plugin_system:Skipping extension 'colcon_notification.desktop_notification.terminal_notifier': Not used on non-Darwin systems
[2.644s] INFO:colcon.colcon_core.plugin_system:Skipping extension 'colcon_notification.desktop_notification.win32': Not used on non-Windows systems
[2.644s] INFO:colcon.colcon_notification.desktop_notification:Sending desktop notification using 'notify2'
[2.694s] DEBUG:colcon.colcon_core.event_reactor:joined thread
[2.695s] INFO:colcon.colcon_core.shell:Creating prefix script '/home/calpoly/Desktop/CPE416/ros_ws/src/lab2/install/local_setup.ps1'
[2.699s] INFO:colcon.colcon_core.shell:Creating prefix util module '/home/calpoly/Desktop/CPE416/ros_ws/src/lab2/install/_local_setup_util_ps1.py'
[2.704s] INFO:colcon.colcon_core.shell:Creating prefix chain script '/home/calpoly/Desktop/CPE416/ros_ws/src/lab2/install/setup.ps1'
[2.708s] INFO:colcon.colcon_core.shell:Creating prefix script '/home/calpoly/Desktop/CPE416/ros_ws/src/lab2/install/local_setup.sh'
[2.710s] INFO:colcon.colcon_core.shell:Creating prefix util module '/home/calpoly/Desktop/CPE416/ros_ws/src/lab2/install/_local_setup_util_sh.py'
[2.712s] INFO:colcon.colcon_core.shell:Creating prefix chain script '/home/calpoly/Desktop/CPE416/ros_ws/src/lab2/install/setup.sh'
[2.717s] INFO:colcon.colcon_core.shell:Creating prefix script '/home/calpoly/Desktop/CPE416/ros_ws/src/lab2/install/local_setup.bash'
[2.718s] INFO:colcon.colcon_core.shell:Creating prefix chain script '/home/calpoly/Desktop/CPE416/ros_ws/src/lab2/install/setup.bash'
[2.721s] INFO:colcon.colcon_core.shell:Creating prefix script '/home/calpoly/Desktop/CPE416/ros_ws/src/lab2/install/local_setup.zsh'
[2.723s] INFO:colcon.colcon_core.shell:Creating prefix chain script '/home/calpoly/Desktop/CPE416/ros_ws/src/lab2/install/setup.zsh'
