[5.947s] Invoking command in '/gobilda_sim/ros_ws/src/bump_and_go': PYTHONPATH=/gobilda_sim/ros_ws/src/bump_and_go/build/bump_and_go/prefix_override:/usr/lib/python3/dist-packages/colcon_core/task/python/colcon_distutils_commands:/gobilda_sim/ros_ws/src/bump_and_go/install/bump_and_go/lib/python3.10/site-packages:${PYTHONPATH} /usr/bin/python3 -W ignore:setup.py install is deprecated setup.py egg_info --egg-base build/bump_and_go build --build-base /gobilda_sim/ros_ws/src/bump_and_go/build/bump_and_go/build install --record /gobilda_sim/ros_ws/src/bump_and_go/build/bump_and_go/install.log --single-version-externally-managed install_data
[9.000s] running egg_info
[9.055s] writing build/bump_and_go/bump_and_go.egg-info/PKG-INFO
[9.127s] writing dependency_links to build/bump_and_go/bump_and_go.egg-info/dependency_links.txt
[9.153s] writing entry points to build/bump_and_go/bump_and_go.egg-info/entry_points.txt
[9.178s] writing requirements to build/bump_and_go/bump_and_go.egg-info/requires.txt
[9.195s] writing top-level names to build/bump_and_go/bump_and_go.egg-info/top_level.txt
[9.642s] reading manifest file 'build/bump_and_go/bump_and_go.egg-info/SOURCES.txt'
[10.802s] writing manifest file 'build/bump_and_go/bump_and_go.egg-info/SOURCES.txt'
[10.817s] running build
[10.824s] running build_py
[11.021s] copying bump_and_go/bump_and_go.py -> /gobilda_sim/ros_ws/src/bump_and_go/build/bump_and_go/build/lib/bump_and_go
[11.262s] running install
[11.278s] running install_lib
[11.468s] copying /gobilda_sim/ros_ws/src/bump_and_go/build/bump_and_go/build/lib/bump_and_go/bump_and_go.py -> /gobilda_sim/ros_ws/src/bump_and_go/install/bump_and_go/lib/python3.10/site-packages/bump_and_go
[11.633s] byte-compiling /gobilda_sim/ros_ws/src/bump_and_go/install/bump_and_go/lib/python3.10/site-packages/bump_and_go/bump_and_go.py to bump_and_go.cpython-310.pyc
[11.789s] running install_data
[11.863s] running install_egg_info
[11.898s] removing '/gobilda_sim/ros_ws/src/bump_and_go/install/bump_and_go/lib/python3.10/site-packages/bump_and_go-0.0.0-py3.10.egg-info' (and everything under it)
[12.106s] Copying build/bump_and_go/bump_and_go.egg-info to /gobilda_sim/ros_ws/src/bump_and_go/install/bump_and_go/lib/python3.10/site-packages/bump_and_go-0.0.0-py3.10.egg-info
[12.828s] running install_scripts
[13.044s] Installing bump_and_go script to /gobilda_sim/ros_ws/src/bump_and_go/install/bump_and_go/lib/bump_and_go
[13.083s] writing list of installed files to '/gobilda_sim/ros_ws/src/bump_and_go/build/bump_and_go/install.log'
[13.124s] Invoked command in '/gobilda_sim/ros_ws/src/bump_and_go' returned '0': PYTHONPATH=/gobilda_sim/ros_ws/src/bump_and_go/build/bump_and_go/prefix_override:/usr/lib/python3/dist-packages/colcon_core/task/python/colcon_distutils_commands:/gobilda_sim/ros_ws/src/bump_and_go/install/bump_and_go/lib/python3.10/site-packages:${PYTHONPATH} /usr/bin/python3 -W ignore:setup.py install is deprecated setup.py egg_info --egg-base build/bump_and_go build --build-base /gobilda_sim/ros_ws/src/bump_and_go/build/bump_and_go/build install --record /gobilda_sim/ros_ws/src/bump_and_go/build/bump_and_go/install.log --single-version-externally-managed install_data
