/home/calpoly/Desktop/CPE416/ros_ws/src/lab2/install/lab2/lib/python3.10/site-packages/lab2/__init__.py
/home/calpoly/Desktop/CPE416/ros_ws/src/lab2/install/lab2/lib/python3.10/site-packages/lab2/draw_spiral.py
/home/calpoly/Desktop/CPE416/ros_ws/src/lab2/install/lab2/lib/python3.10/site-packages/lab2/draw_square.py
/home/calpoly/Desktop/CPE416/ros_ws/src/lab2/install/lab2/lib/python3.10/site-packages/lab2/open_loop.py
/home/calpoly/Desktop/CPE416/ros_ws/src/lab2/install/lab2/lib/python3.10/site-packages/lab2/__pycache__/__init__.cpython-310.pyc
/home/calpoly/Desktop/CPE416/ros_ws/src/lab2/install/lab2/lib/python3.10/site-packages/lab2/__pycache__/draw_spiral.cpython-310.pyc
/home/calpoly/Desktop/CPE416/ros_ws/src/lab2/install/lab2/lib/python3.10/site-packages/lab2/__pycache__/draw_square.cpython-310.pyc
/home/calpoly/Desktop/CPE416/ros_ws/src/lab2/install/lab2/lib/python3.10/site-packages/lab2/__pycache__/open_loop.cpython-310.pyc
/home/calpoly/Desktop/CPE416/ros_ws/src/lab2/install/lab2/share/ament_index/resource_index/packages/lab2
/home/calpoly/Desktop/CPE416/ros_ws/src/lab2/install/lab2/share/lab2/package.xml
/home/calpoly/Desktop/CPE416/ros_ws/src/lab2/install/lab2/share/lab2/draw_spiral_launch.py
/home/calpoly/Desktop/CPE416/ros_ws/src/lab2/install/lab2/share/lab2/open_loop_launch.py
/home/calpoly/Desktop/CPE416/ros_ws/src/lab2/install/lab2/share/lab2/draw_square_launch.py
/home/calpoly/Desktop/CPE416/ros_ws/src/lab2/install/lab2/lib/python3.10/site-packages/lab2-0.0.0-py3.10.egg-info/dependency_links.txt
/home/calpoly/Desktop/CPE416/ros_ws/src/lab2/install/lab2/lib/python3.10/site-packages/lab2-0.0.0-py3.10.egg-info/top_level.txt
/home/calpoly/Desktop/CPE416/ros_ws/src/lab2/install/lab2/lib/python3.10/site-packages/lab2-0.0.0-py3.10.egg-info/PKG-INFO
/home/calpoly/Desktop/CPE416/ros_ws/src/lab2/install/lab2/lib/python3.10/site-packages/lab2-0.0.0-py3.10.egg-info/requires.txt
/home/calpoly/Desktop/CPE416/ros_ws/src/lab2/install/lab2/lib/python3.10/site-packages/lab2-0.0.0-py3.10.egg-info/SOURCES.txt
/home/calpoly/Desktop/CPE416/ros_ws/src/lab2/install/lab2/lib/python3.10/site-packages/lab2-0.0.0-py3.10.egg-info/zip-safe
/home/calpoly/Desktop/CPE416/ros_ws/src/lab2/install/lab2/lib/python3.10/site-packages/lab2-0.0.0-py3.10.egg-info/entry_points.txt
/home/calpoly/Desktop/CPE416/ros_ws/src/lab2/install/lab2/lib/lab2/draw_spiral
/home/calpoly/Desktop/CPE416/ros_ws/src/lab2/install/lab2/lib/lab2/draw_square
/home/calpoly/Desktop/CPE416/ros_ws/src/lab2/install/lab2/lib/lab2/open_loop
