[1.330s] DEBUG:colcon:Command line arguments: ['/usr/bin/colcon', 'build']
[1.335s] DEBUG:colcon:Parsed command line arguments: Namespace(log_base=None, log_level=None, verb_name='build', build_base='build', install_base='install', merge_install=False, symlink_install=False, test_result_base=None, continue_on_error=False, executor='parallel', parallel_workers=8, event_handlers=None, ignore_user_meta=False, metas=['./colcon.meta'], base_paths=['.'], packages_ignore=None, packages_ignore_regex=None, paths=None, packages_up_to=None, packages_up_to_regex=None, packages_above=None, packages_above_and_dependencies=None, packages_above_depth=None, packages_select_by_dep=None, packages_skip_by_dep=None, packages_skip_up_to=None, packages_select_build_failed=False, packages_skip_build_finished=False, packages_select_test_failures=False, packages_skip_test_passed=False, packages_select=None, packages_skip=None, packages_select_regex=None, packages_skip_regex=None, packages_start=None, packages_end=None, cmake_args=None, cmake_target=None, cmake_target_skip_unavailable=False, cmake_clean_cache=False, cmake_clean_first=False, cmake_force_configure=False, ament_cmake_args=None, catkin_cmake_args=None, catkin_skip_building_tests=False, mixin_files=None, mixin=None, verb_parser=<colcon_mixin.mixin.mixin_argument.MixinArgumentDecorator object at 0x7fcf1d5c4ca0>, verb_extension=<colcon_core.verb.build.BuildVerb object at 0x7fcf1d701450>, main=<bound method BuildVerb.main of <colcon_core.verb.build.BuildVerb object at 0x7fcf1d701450>>, mixin_verb=('build',))
[2.942s] Level 1:colcon.colcon_core.package_discovery:discover_packages(colcon_meta) check parameters
[2.944s] INFO:colcon.colcon_metadata.package_discovery.colcon_meta:Using configuration from '/root/.colcon/metadata/default/Gazebo.meta'
[2.946s] INFO:colcon.colcon_metadata.package_discovery.colcon_meta:Using configuration from '/root/.colcon/metadata/default/fastrtps.meta'
[2.947s] Level 1:colcon.colcon_core.package_discovery:discover_packages(recursive) check parameters
[2.948s] Level 1:colcon.colcon_core.package_discovery:discover_packages(ignore) check parameters
[2.952s] Level 1:colcon.colcon_core.package_discovery:discover_packages(path) check parameters
[2.955s] Level 1:colcon.colcon_core.package_discovery:discover_packages(colcon_meta) discover
[2.959s] Level 1:colcon.colcon_core.package_discovery:discover_packages(recursive) discover
[2.959s] INFO:colcon.colcon_core.package_discovery:Crawling recursively for packages in '/gobilda_sim/ros_ws/src/obstacle_layer'
[2.964s] Level 1:colcon.colcon_core.package_identification:_identify(.) by extensions ['ignore', 'ignore_ament_install']
[2.968s] Level 1:colcon.colcon_core.package_identification:_identify(.) by extension 'ignore'
[2.974s] Level 1:colcon.colcon_core.package_identification:_identify(.) by extension 'ignore_ament_install'
[2.993s] Level 1:colcon.colcon_core.package_identification:_identify(.) by extensions ['colcon_pkg']
[3.000s] Level 1:colcon.colcon_core.package_identification:_identify(.) by extension 'colcon_pkg'
[3.002s] Level 1:colcon.colcon_core.package_identification:_identify(.) by extensions ['colcon_meta']
[3.002s] Level 1:colcon.colcon_core.package_identification:_identify(.) by extension 'colcon_meta'
[3.003s] Level 1:colcon.colcon_core.package_identification:_identify(.) by extensions ['ros']
[3.003s] Level 1:colcon.colcon_core.package_identification:_identify(.) by extension 'ros'
[3.095s] DEBUG:colcon.colcon_core.package_identification:Package '.' with type 'ros.ament_python' and name 'obstacle_layer'
[3.096s] Level 1:colcon.colcon_core.package_discovery:discover_packages(recursive) using defaults
[3.097s] Level 1:colcon.colcon_core.package_discovery:discover_packages(ignore) discover
[3.097s] Level 1:colcon.colcon_core.package_discovery:discover_packages(ignore) using defaults
[3.098s] Level 1:colcon.colcon_core.package_discovery:discover_packages(path) discover
[3.098s] Level 1:colcon.colcon_core.package_discovery:discover_packages(path) using defaults
[3.352s] Level 5:colcon.colcon_core.verb:set package 'obstacle_layer' build argument 'cmake_args' from command line to 'None'
[3.354s] Level 5:colcon.colcon_core.verb:set package 'obstacle_layer' build argument 'cmake_target' from command line to 'None'
[3.354s] Level 5:colcon.colcon_core.verb:set package 'obstacle_layer' build argument 'cmake_target_skip_unavailable' from command line to 'False'
[3.354s] Level 5:colcon.colcon_core.verb:set package 'obstacle_layer' build argument 'cmake_clean_cache' from command line to 'False'
[3.355s] Level 5:colcon.colcon_core.verb:set package 'obstacle_layer' build argument 'cmake_clean_first' from command line to 'False'
[3.358s] Level 5:colcon.colcon_core.verb:set package 'obstacle_layer' build argument 'cmake_force_configure' from command line to 'False'
[3.359s] Level 5:colcon.colcon_core.verb:set package 'obstacle_layer' build argument 'ament_cmake_args' from command line to 'None'
[3.359s] Level 5:colcon.colcon_core.verb:set package 'obstacle_layer' build argument 'catkin_cmake_args' from command line to 'None'
[3.360s] Level 5:colcon.colcon_core.verb:set package 'obstacle_layer' build argument 'catkin_skip_building_tests' from command line to 'False'
[3.363s] DEBUG:colcon.colcon_core.verb:Building package 'obstacle_layer' with the following arguments: {'ament_cmake_args': None, 'build_base': '/gobilda_sim/ros_ws/src/obstacle_layer/build/obstacle_layer', 'catkin_cmake_args': None, 'catkin_skip_building_tests': False, 'cmake_args': None, 'cmake_clean_cache': False, 'cmake_clean_first': False, 'cmake_force_configure': False, 'cmake_target': None, 'cmake_target_skip_unavailable': False, 'install_base': '/gobilda_sim/ros_ws/src/obstacle_layer/install/obstacle_layer', 'merge_install': False, 'path': '/gobilda_sim/ros_ws/src/obstacle_layer', 'symlink_install': False, 'test_result_base': None}
[3.364s] INFO:colcon.colcon_core.executor:Executing jobs using 'parallel' executor
[3.367s] DEBUG:colcon.colcon_parallel_executor.executor.parallel:run_until_complete
[3.370s] INFO:colcon.colcon_ros.task.ament_python.build:Building ROS package in '/gobilda_sim/ros_ws/src/obstacle_layer' with build type 'ament_python'
[3.371s] Level 1:colcon.colcon_core.shell:create_environment_hook('obstacle_layer', 'ament_prefix_path')
[3.400s] INFO:colcon.colcon_core.plugin_system:Skipping extension 'colcon_core.shell.bat': Not used on non-Windows systems
[3.401s] INFO:colcon.colcon_core.shell:Creating environment hook '/gobilda_sim/ros_ws/src/obstacle_layer/install/obstacle_layer/share/obstacle_layer/hook/ament_prefix_path.ps1'
[3.487s] INFO:colcon.colcon_core.shell:Creating environment descriptor '/gobilda_sim/ros_ws/src/obstacle_layer/install/obstacle_layer/share/obstacle_layer/hook/ament_prefix_path.dsv'
[3.547s] INFO:colcon.colcon_core.shell:Creating environment hook '/gobilda_sim/ros_ws/src/obstacle_layer/install/obstacle_layer/share/obstacle_layer/hook/ament_prefix_path.sh'
[3.624s] INFO:colcon.colcon_core.shell:Skip shell extension 'powershell' for command environment: Not usable outside of PowerShell
[3.626s] DEBUG:colcon.colcon_core.shell:Skip shell extension 'dsv' for command environment
[6.801s] INFO:colcon.colcon_core.task.python.build:Building Python package in '/gobilda_sim/ros_ws/src/obstacle_layer'
[6.802s] INFO:colcon.colcon_core.shell:Skip shell extension 'powershell' for command environment: Not usable outside of PowerShell
[6.803s] DEBUG:colcon.colcon_core.shell:Skip shell extension 'dsv' for command environment
[12.782s] DEBUG:colcon.colcon_core.event_handler.log_command:Invoking command in '/gobilda_sim/ros_ws/src/obstacle_layer': PYTHONPATH=/gobilda_sim/ros_ws/src/obstacle_layer/build/obstacle_layer/prefix_override:/usr/lib/python3/dist-packages/colcon_core/task/python/colcon_distutils_commands:/gobilda_sim/ros_ws/src/obstacle_layer/install/obstacle_layer/lib/python3.10/site-packages:${PYTHONPATH} /usr/bin/python3 -W ignore:setup.py install is deprecated setup.py egg_info --egg-base build/obstacle_layer build --build-base /gobilda_sim/ros_ws/src/obstacle_layer/build/obstacle_layer/build install --record /gobilda_sim/ros_ws/src/obstacle_layer/build/obstacle_layer/install.log --single-version-externally-managed install_data
[19.631s] DEBUG:colcon.colcon_core.event_handler.log_command:Invoked command in '/gobilda_sim/ros_ws/src/obstacle_layer' returned '0': PYTHONPATH=/gobilda_sim/ros_ws/src/obstacle_layer/build/obstacle_layer/prefix_override:/usr/lib/python3/dist-packages/colcon_core/task/python/colcon_distutils_commands:/gobilda_sim/ros_ws/src/obstacle_layer/install/obstacle_layer/lib/python3.10/site-packages:${PYTHONPATH} /usr/bin/python3 -W ignore:setup.py install is deprecated setup.py egg_info --egg-base build/obstacle_layer build --build-base /gobilda_sim/ros_ws/src/obstacle_layer/build/obstacle_layer/build install --record /gobilda_sim/ros_ws/src/obstacle_layer/build/obstacle_layer/install.log --single-version-externally-managed install_data
[19.656s] Level 1:colcon.colcon_core.environment:checking '/gobilda_sim/ros_ws/src/obstacle_layer/install/obstacle_layer' for CMake module files
[19.851s] Level 1:colcon.colcon_core.environment:checking '/gobilda_sim/ros_ws/src/obstacle_layer/install/obstacle_layer' for CMake config files
[20.527s] Level 1:colcon.colcon_core.environment:checking '/gobilda_sim/ros_ws/src/obstacle_layer/install/obstacle_layer/lib'
[20.537s] Level 1:colcon.colcon_core.environment:checking '/gobilda_sim/ros_ws/src/obstacle_layer/install/obstacle_layer/bin'
[20.558s] Level 1:colcon.colcon_core.environment:checking '/gobilda_sim/ros_ws/src/obstacle_layer/install/obstacle_layer/lib/pkgconfig/obstacle_layer.pc'
[20.563s] Level 1:colcon.colcon_core.environment:checking '/gobilda_sim/ros_ws/src/obstacle_layer/install/obstacle_layer/lib/python3.10/site-packages'
[20.569s] Level 1:colcon.colcon_core.shell:create_environment_hook('obstacle_layer', 'pythonpath')
[20.570s] INFO:colcon.colcon_core.shell:Creating environment hook '/gobilda_sim/ros_ws/src/obstacle_layer/install/obstacle_layer/share/obstacle_layer/hook/pythonpath.ps1'
[20.628s] INFO:colcon.colcon_core.shell:Creating environment descriptor '/gobilda_sim/ros_ws/src/obstacle_layer/install/obstacle_layer/share/obstacle_layer/hook/pythonpath.dsv'
[20.698s] INFO:colcon.colcon_core.shell:Creating environment hook '/gobilda_sim/ros_ws/src/obstacle_layer/install/obstacle_layer/share/obstacle_layer/hook/pythonpath.sh'
[20.763s] Level 1:colcon.colcon_core.environment:checking '/gobilda_sim/ros_ws/src/obstacle_layer/install/obstacle_layer/bin'
[20.766s] Level 1:colcon.colcon_core.environment:create_environment_scripts_only(obstacle_layer)
[20.768s] INFO:colcon.colcon_core.shell:Creating package script '/gobilda_sim/ros_ws/src/obstacle_layer/install/obstacle_layer/share/obstacle_layer/package.ps1'
[20.835s] INFO:colcon.colcon_core.shell:Creating package descriptor '/gobilda_sim/ros_ws/src/obstacle_layer/install/obstacle_layer/share/obstacle_layer/package.dsv'
[20.876s] INFO:colcon.colcon_core.shell:Creating package script '/gobilda_sim/ros_ws/src/obstacle_layer/install/obstacle_layer/share/obstacle_layer/package.sh'
[20.918s] INFO:colcon.colcon_core.shell:Creating package script '/gobilda_sim/ros_ws/src/obstacle_layer/install/obstacle_layer/share/obstacle_layer/package.bash'
[20.956s] INFO:colcon.colcon_core.shell:Creating package script '/gobilda_sim/ros_ws/src/obstacle_layer/install/obstacle_layer/share/obstacle_layer/package.zsh'
[21.006s] Level 1:colcon.colcon_core.environment:create_file_with_runtime_dependencies(/gobilda_sim/ros_ws/src/obstacle_layer/install/obstacle_layer/share/colcon-core/packages/obstacle_layer)
[21.048s] DEBUG:colcon.colcon_parallel_executor.executor.parallel:closing loop
[21.050s] DEBUG:colcon.colcon_parallel_executor.executor.parallel:loop closed
[21.060s] DEBUG:colcon.colcon_parallel_executor.executor.parallel:run_until_complete finished with '0'
[21.061s] DEBUG:colcon.colcon_core.event_reactor:joining thread
[21.138s] INFO:colcon.colcon_core.plugin_system:Skipping extension 'colcon_notification.desktop_notification.notify_send': Could not find 'notify-send'
[21.138s] INFO:colcon.colcon_core.plugin_system:Skipping extension 'colcon_notification.desktop_notification.terminal_notifier': Not used on non-Darwin systems
[21.139s] INFO:colcon.colcon_core.plugin_system:Skipping extension 'colcon_notification.desktop_notification.win32': Not used on non-Windows systems
[21.140s] INFO:colcon.colcon_notification.desktop_notification:Sending desktop notification using 'notify2'
[21.160s] DEBUG:colcon.colcon_notification.desktop_notification.notify2:Failed to initialize notify2: org.freedesktop.DBus.Error.Spawn.ExecFailed: /usr/bin/dbus-launch terminated abnormally without any error message
[21.165s] DEBUG:colcon.colcon_core.event_reactor:joined thread
[21.169s] INFO:colcon.colcon_core.shell:Creating prefix script '/gobilda_sim/ros_ws/src/obstacle_layer/install/local_setup.ps1'
[21.191s] INFO:colcon.colcon_core.shell:Creating prefix util module '/gobilda_sim/ros_ws/src/obstacle_layer/install/_local_setup_util_ps1.py'
[21.245s] INFO:colcon.colcon_core.shell:Creating prefix chain script '/gobilda_sim/ros_ws/src/obstacle_layer/install/setup.ps1'
[21.297s] INFO:colcon.colcon_core.shell:Creating prefix script '/gobilda_sim/ros_ws/src/obstacle_layer/install/local_setup.sh'
[21.325s] INFO:colcon.colcon_core.shell:Creating prefix util module '/gobilda_sim/ros_ws/src/obstacle_layer/install/_local_setup_util_sh.py'
[21.343s] INFO:colcon.colcon_core.shell:Creating prefix chain script '/gobilda_sim/ros_ws/src/obstacle_layer/install/setup.sh'
[21.376s] INFO:colcon.colcon_core.shell:Creating prefix script '/gobilda_sim/ros_ws/src/obstacle_layer/install/local_setup.bash'
[21.390s] INFO:colcon.colcon_core.shell:Creating prefix chain script '/gobilda_sim/ros_ws/src/obstacle_layer/install/setup.bash'
[21.454s] INFO:colcon.colcon_core.shell:Creating prefix script '/gobilda_sim/ros_ws/src/obstacle_layer/install/local_setup.zsh'
[21.478s] INFO:colcon.colcon_core.shell:Creating prefix chain script '/gobilda_sim/ros_ws/src/obstacle_layer/install/setup.zsh'
