[7.895s] Invoking command in '/gobilda_sim/ros_ws/src/obstacle_layer': PYTHONPATH=/gobilda_sim/ros_ws/src/obstacle_layer/build/obstacle_layer/prefix_override:/usr/lib/python3/dist-packages/colcon_core/task/python/colcon_distutils_commands:/gobilda_sim/ros_ws/src/obstacle_layer/install/obstacle_layer/lib/python3.10/site-packages:${PYTHONPATH} /usr/bin/python3 -W ignore:setup.py install is deprecated setup.py egg_info --egg-base build/obstacle_layer build --build-base /gobilda_sim/ros_ws/src/obstacle_layer/build/obstacle_layer/build install --record /gobilda_sim/ros_ws/src/obstacle_layer/build/obstacle_layer/install.log --single-version-externally-managed install_data
[13.141s] running egg_info
[13.243s] writing build/obstacle_layer/obstacle_layer.egg-info/PKG-INFO
[13.506s] writing dependency_links to build/obstacle_layer/obstacle_layer.egg-info/dependency_links.txt
[13.591s] writing entry points to build/obstacle_layer/obstacle_layer.egg-info/entry_points.txt
[13.610s] writing requirements to build/obstacle_layer/obstacle_layer.egg-info/requires.txt
[13.639s] writing top-level names to build/obstacle_layer/obstacle_layer.egg-info/top_level.txt
[13.819s] reading manifest file 'build/obstacle_layer/obstacle_layer.egg-info/SOURCES.txt'
[14.112s] writing manifest file 'build/obstacle_layer/obstacle_layer.egg-info/SOURCES.txt'
[14.131s] running build
[14.134s] running build_py
[14.244s] copying obstacle_layer/obstacle_layer.py -> /gobilda_sim/ros_ws/src/obstacle_layer/build/obstacle_layer/build/lib/obstacle_layer
[14.365s] running install
[14.368s] running install_lib
[14.551s] copying /gobilda_sim/ros_ws/src/obstacle_layer/build/obstacle_layer/build/lib/obstacle_layer/obstacle_layer.py -> /gobilda_sim/ros_ws/src/obstacle_layer/install/obstacle_layer/lib/python3.10/site-packages/obstacle_layer
[14.838s] byte-compiling /gobilda_sim/ros_ws/src/obstacle_layer/install/obstacle_layer/lib/python3.10/site-packages/obstacle_layer/obstacle_layer.py to obstacle_layer.cpython-310.pyc
[15.040s] running install_data
[15.128s] running install_egg_info
[15.178s] removing '/gobilda_sim/ros_ws/src/obstacle_layer/install/obstacle_layer/lib/python3.10/site-packages/obstacle_layer-0.0.0-py3.10.egg-info' (and everything under it)
[15.443s] Copying build/obstacle_layer/obstacle_layer.egg-info to /gobilda_sim/ros_ws/src/obstacle_layer/install/obstacle_layer/lib/python3.10/site-packages/obstacle_layer-0.0.0-py3.10.egg-info
[16.476s] running install_scripts
[16.781s] Installing obstacle_layer script to /gobilda_sim/ros_ws/src/obstacle_layer/install/obstacle_layer/lib/obstacle_layer
[16.822s] writing list of installed files to '/gobilda_sim/ros_ws/src/obstacle_layer/build/obstacle_layer/install.log'
[16.928s] Invoked command in '/gobilda_sim/ros_ws/src/obstacle_layer' returned '0': PYTHONPATH=/gobilda_sim/ros_ws/src/obstacle_layer/build/obstacle_layer/prefix_override:/usr/lib/python3/dist-packages/colcon_core/task/python/colcon_distutils_commands:/gobilda_sim/ros_ws/src/obstacle_layer/install/obstacle_layer/lib/python3.10/site-packages:${PYTHONPATH} /usr/bin/python3 -W ignore:setup.py install is deprecated setup.py egg_info --egg-base build/obstacle_layer build --build-base /gobilda_sim/ros_ws/src/obstacle_layer/build/obstacle_layer/build install --record /gobilda_sim/ros_ws/src/obstacle_layer/build/obstacle_layer/install.log --single-version-externally-managed install_data
