[3.414s] Invoking command in '/CPE416/ros_ws/src/lab1': PYTHONPATH=/CPE416/ros_ws/build/lab1/prefix_override:/usr/lib/python3/dist-packages/colcon_core/task/python/colcon_distutils_commands:/CPE416/ros_ws/install/lab1/lib/python3.10/site-packages:${PYTHONPATH} /usr/bin/python3 -W ignore:setup.py install is deprecated -W ignore:easy_install command is deprecated setup.py egg_info --egg-base ../../build/lab1 build --build-base /CPE416/ros_ws/build/lab1/build install --record /CPE416/ros_ws/build/lab1/install.log --single-version-externally-managed install_data
[6.298s] running egg_info
[6.309s] writing ../../build/lab1/lab1.egg-info/PKG-INFO
[6.329s] writing dependency_links to ../../build/lab1/lab1.egg-info/dependency_links.txt
[6.349s] writing entry points to ../../build/lab1/lab1.egg-info/entry_points.txt
[6.361s] writing requirements to ../../build/lab1/lab1.egg-info/requires.txt
[6.371s] writing top-level names to ../../build/lab1/lab1.egg-info/top_level.txt
[6.494s] reading manifest file '../../build/lab1/lab1.egg-info/SOURCES.txt'
[6.785s] writing manifest file '../../build/lab1/lab1.egg-info/SOURCES.txt'
[6.798s] running build
[6.801s] running build_py
[6.861s] copying lab1/listener.py -> /CPE416/ros_ws/build/lab1/build/lib/lab1
[6.998s] copying lab1/talker.py -> /CPE416/ros_ws/build/lab1/build/lib/lab1
[7.144s] running install
[7.145s] running install_lib
[7.262s] copying /CPE416/ros_ws/build/lab1/build/lib/lab1/listener.py -> /CPE416/ros_ws/install/lab1/lib/python3.10/site-packages/lab1
[7.331s] copying /CPE416/ros_ws/build/lab1/build/lib/lab1/talker.py -> /CPE416/ros_ws/install/lab1/lib/python3.10/site-packages/lab1
[7.449s] byte-compiling /CPE416/ros_ws/install/lab1/lib/python3.10/site-packages/lab1/listener.py to listener.cpython-310.pyc
[7.567s] byte-compiling /CPE416/ros_ws/install/lab1/lib/python3.10/site-packages/lab1/talker.py to talker.cpython-310.pyc
[7.657s] running install_data
[7.695s] running install_egg_info
[7.713s] removing '/CPE416/ros_ws/install/lab1/lib/python3.10/site-packages/lab1-0.0.0-py3.10.egg-info' (and everything under it)
[7.904s] Copying ../../build/lab1/lab1.egg-info to /CPE416/ros_ws/install/lab1/lib/python3.10/site-packages/lab1-0.0.0-py3.10.egg-info
[8.872s] running install_scripts
[9.065s] Installing squarer script to /CPE416/ros_ws/install/lab1/lib/lab1
[9.096s] Installing talker script to /CPE416/ros_ws/install/lab1/lib/lab1
[9.125s] writing list of installed files to '/CPE416/ros_ws/build/lab1/install.log'
[9.179s] Invoked command in '/CPE416/ros_ws/src/lab1' returned '0': PYTHONPATH=/CPE416/ros_ws/build/lab1/prefix_override:/usr/lib/python3/dist-packages/colcon_core/task/python/colcon_distutils_commands:/CPE416/ros_ws/install/lab1/lib/python3.10/site-packages:${PYTHONPATH} /usr/bin/python3 -W ignore:setup.py install is deprecated -W ignore:easy_install command is deprecated setup.py egg_info --egg-base ../../build/lab1 build --build-base /CPE416/ros_ws/build/lab1/build install --record /CPE416/ros_ws/build/lab1/install.log --single-version-externally-managed install_data
