[0.756s] DEBUG:colcon:Command line arguments: ['/usr/bin/colcon', 'build']
[0.757s] DEBUG:colcon:Parsed command line arguments: Namespace(log_base=None, log_level=None, verb_name='build', build_base='build', install_base='install', merge_install=False, symlink_install=False, test_result_base=None, continue_on_error=False, executor='parallel', parallel_workers=8, event_handlers=None, ignore_user_meta=False, metas=['./colcon.meta'], base_paths=['.'], packages_ignore=None, packages_ignore_regex=None, paths=None, packages_up_to=None, packages_up_to_regex=None, packages_above=None, packages_above_and_dependencies=None, packages_above_depth=None, packages_select_by_dep=None, packages_skip_by_dep=None, packages_skip_up_to=None, packages_select_build_failed=False, packages_skip_build_finished=False, packages_select_test_failures=False, packages_skip_test_passed=False, packages_select=None, packages_skip=None, packages_select_regex=None, packages_skip_regex=None, packages_start=None, packages_end=None, cmake_args=None, cmake_target=None, cmake_target_skip_unavailable=False, cmake_clean_cache=False, cmake_clean_first=False, cmake_force_configure=False, ament_cmake_args=None, catkin_cmake_args=None, catkin_skip_building_tests=False, mixin_files=None, mixin=None, verb_parser=<colcon_mixin.mixin.mixin_argument.MixinArgumentDecorator object at 0x7688cd167460>, verb_extension=<colcon_core.verb.build.BuildVerb object at 0x7688cd166f20>, main=<bound method BuildVerb.main of <colcon_core.verb.build.BuildVerb object at 0x7688cd166f20>>, mixin_verb=('build',))
[1.410s] Level 1:colcon.colcon_core.package_discovery:discover_packages(colcon_meta) check parameters
[1.414s] INFO:colcon.colcon_metadata.package_discovery.colcon_meta:Using configuration from '/root/.colcon/metadata/default/Gazebo.meta'
[1.416s] INFO:colcon.colcon_metadata.package_discovery.colcon_meta:Using configuration from '/root/.colcon/metadata/default/fastdds.meta'
[1.417s] INFO:colcon.colcon_metadata.package_discovery.colcon_meta:Using configuration from '/root/.colcon/metadata/default/fastrtps.meta'
[1.418s] Level 1:colcon.colcon_core.package_discovery:discover_packages(recursive) check parameters
[1.419s] Level 1:colcon.colcon_core.package_discovery:discover_packages(ignore) check parameters
[1.419s] Level 1:colcon.colcon_core.package_discovery:discover_packages(path) check parameters
[1.419s] Level 1:colcon.colcon_core.package_discovery:discover_packages(colcon_meta) discover
[1.420s] Level 1:colcon.colcon_core.package_discovery:discover_packages(recursive) discover
[1.420s] INFO:colcon.colcon_core.package_discovery:Crawling recursively for packages in '/CPE416/ros_ws'
[1.424s] Level 1:colcon.colcon_core.package_identification:_identify(.) by extensions ['ignore', 'ignore_ament_install']
[1.424s] Level 1:colcon.colcon_core.package_identification:_identify(.) by extension 'ignore'
[1.425s] Level 1:colcon.colcon_core.package_identification:_identify(.) by extension 'ignore_ament_install'
[1.427s] Level 1:colcon.colcon_core.package_identification:_identify(.) by extensions ['colcon_pkg']
[1.427s] Level 1:colcon.colcon_core.package_identification:_identify(.) by extension 'colcon_pkg'
[1.428s] Level 1:colcon.colcon_core.package_identification:_identify(.) by extensions ['colcon_meta']
[1.429s] Level 1:colcon.colcon_core.package_identification:_identify(.) by extension 'colcon_meta'
[1.429s] Level 1:colcon.colcon_core.package_identification:_identify(.) by extensions ['ros']
[1.430s] Level 1:colcon.colcon_core.package_identification:_identify(.) by extension 'ros'
[1.463s] Level 1:colcon.colcon_core.package_identification:_identify(.) by extensions ['cmake', 'python']
[1.464s] Level 1:colcon.colcon_core.package_identification:_identify(.) by extension 'cmake'
[1.465s] Level 1:colcon.colcon_core.package_identification:_identify(.) by extension 'python'
[1.466s] Level 1:colcon.colcon_core.package_identification:_identify(.) by extensions ['python_setup_py']
[1.466s] Level 1:colcon.colcon_core.package_identification:_identify(.) by extension 'python_setup_py'
[1.475s] Level 1:colcon.colcon_core.package_identification:_identify(build) by extensions ['ignore', 'ignore_ament_install']
[1.476s] Level 1:colcon.colcon_core.package_identification:_identify(build) by extension 'ignore'
[1.481s] Level 1:colcon.colcon_core.package_identification:_identify(build) ignored
[1.490s] Level 1:colcon.colcon_core.package_identification:_identify(install) by extensions ['ignore', 'ignore_ament_install']
[1.490s] Level 1:colcon.colcon_core.package_identification:_identify(install) by extension 'ignore'
[1.495s] Level 1:colcon.colcon_core.package_identification:_identify(install) ignored
[1.508s] Level 1:colcon.colcon_core.package_identification:_identify(log) by extensions ['ignore', 'ignore_ament_install']
[1.509s] Level 1:colcon.colcon_core.package_identification:_identify(log) by extension 'ignore'
[1.512s] Level 1:colcon.colcon_core.package_identification:_identify(log) ignored
[1.520s] Level 1:colcon.colcon_core.package_identification:_identify(src) by extensions ['ignore', 'ignore_ament_install']
[1.521s] Level 1:colcon.colcon_core.package_identification:_identify(src) by extension 'ignore'
[1.524s] Level 1:colcon.colcon_core.package_identification:_identify(src) by extension 'ignore_ament_install'
[1.528s] Level 1:colcon.colcon_core.package_identification:_identify(src) by extensions ['colcon_pkg']
[1.529s] Level 1:colcon.colcon_core.package_identification:_identify(src) by extension 'colcon_pkg'
[1.531s] Level 1:colcon.colcon_core.package_identification:_identify(src) by extensions ['colcon_meta']
[1.532s] Level 1:colcon.colcon_core.package_identification:_identify(src) by extension 'colcon_meta'
[1.535s] Level 1:colcon.colcon_core.package_identification:_identify(src) by extensions ['ros']
[1.535s] Level 1:colcon.colcon_core.package_identification:_identify(src) by extension 'ros'
[1.546s] Level 1:colcon.colcon_core.package_identification:_identify(src) by extensions ['cmake', 'python']
[1.547s] Level 1:colcon.colcon_core.package_identification:_identify(src) by extension 'cmake'
[1.549s] Level 1:colcon.colcon_core.package_identification:_identify(src) by extension 'python'
[1.553s] Level 1:colcon.colcon_core.package_identification:_identify(src) by extensions ['python_setup_py']
[1.553s] Level 1:colcon.colcon_core.package_identification:_identify(src) by extension 'python_setup_py'
[1.570s] Level 1:colcon.colcon_core.package_identification:_identify(src/lab1) by extensions ['ignore', 'ignore_ament_install']
[1.571s] Level 1:colcon.colcon_core.package_identification:_identify(src/lab1) by extension 'ignore'
[1.575s] Level 1:colcon.colcon_core.package_identification:_identify(src/lab1) by extension 'ignore_ament_install'
[1.581s] Level 1:colcon.colcon_core.package_identification:_identify(src/lab1) by extensions ['colcon_pkg']
[1.581s] Level 1:colcon.colcon_core.package_identification:_identify(src/lab1) by extension 'colcon_pkg'
[1.586s] Level 1:colcon.colcon_core.package_identification:_identify(src/lab1) by extensions ['colcon_meta']
[1.586s] Level 1:colcon.colcon_core.package_identification:_identify(src/lab1) by extension 'colcon_meta'
[1.591s] Level 1:colcon.colcon_core.package_identification:_identify(src/lab1) by extensions ['ros']
[1.592s] Level 1:colcon.colcon_core.package_identification:_identify(src/lab1) by extension 'ros'
[1.651s] DEBUG:colcon.colcon_core.package_identification:Package 'src/lab1' with type 'ros.ament_python' and name 'lab1'
[1.652s] Level 1:colcon.colcon_core.package_discovery:discover_packages(recursive) using defaults
[1.654s] Level 1:colcon.colcon_core.package_discovery:discover_packages(ignore) discover
[1.654s] Level 1:colcon.colcon_core.package_discovery:discover_packages(ignore) using defaults
[1.655s] Level 1:colcon.colcon_core.package_discovery:discover_packages(path) discover
[1.655s] Level 1:colcon.colcon_core.package_discovery:discover_packages(path) using defaults
[1.761s] Level 5:colcon.colcon_core.verb:set package 'lab1' build argument 'cmake_args' from command line to 'None'
[1.761s] Level 5:colcon.colcon_core.verb:set package 'lab1' build argument 'cmake_target' from command line to 'None'
[1.762s] Level 5:colcon.colcon_core.verb:set package 'lab1' build argument 'cmake_target_skip_unavailable' from command line to 'False'
[1.762s] Level 5:colcon.colcon_core.verb:set package 'lab1' build argument 'cmake_clean_cache' from command line to 'False'
[1.762s] Level 5:colcon.colcon_core.verb:set package 'lab1' build argument 'cmake_clean_first' from command line to 'False'
[1.763s] Level 5:colcon.colcon_core.verb:set package 'lab1' build argument 'cmake_force_configure' from command line to 'False'
[1.763s] Level 5:colcon.colcon_core.verb:set package 'lab1' build argument 'ament_cmake_args' from command line to 'None'
[1.763s] Level 5:colcon.colcon_core.verb:set package 'lab1' build argument 'catkin_cmake_args' from command line to 'None'
[1.764s] Level 5:colcon.colcon_core.verb:set package 'lab1' build argument 'catkin_skip_building_tests' from command line to 'False'
[1.764s] DEBUG:colcon.colcon_core.verb:Building package 'lab1' with the following arguments: {'ament_cmake_args': None, 'build_base': '/CPE416/ros_ws/build/lab1', 'catkin_cmake_args': None, 'catkin_skip_building_tests': False, 'cmake_args': None, 'cmake_clean_cache': False, 'cmake_clean_first': False, 'cmake_force_configure': False, 'cmake_target': None, 'cmake_target_skip_unavailable': False, 'install_base': '/CPE416/ros_ws/install/lab1', 'merge_install': False, 'path': '/CPE416/ros_ws/src/lab1', 'symlink_install': False, 'test_result_base': None}
[1.764s] INFO:colcon.colcon_core.executor:Executing jobs using 'parallel' executor
[1.766s] DEBUG:colcon.colcon_parallel_executor.executor.parallel:run_until_complete
[1.768s] INFO:colcon.colcon_ros.task.ament_python.build:Building ROS package in '/CPE416/ros_ws/src/lab1' with build type 'ament_python'
[1.768s] Level 1:colcon.colcon_core.shell:create_environment_hook('lab1', 'ament_prefix_path')
[1.793s] INFO:colcon.colcon_core.plugin_system:Skipping extension 'colcon_core.shell.bat': Not used on non-Windows systems
[1.795s] INFO:colcon.colcon_core.shell:Creating environment hook '/CPE416/ros_ws/install/lab1/share/lab1/hook/ament_prefix_path.ps1'
[1.824s] INFO:colcon.colcon_core.shell:Creating environment descriptor '/CPE416/ros_ws/install/lab1/share/lab1/hook/ament_prefix_path.dsv'
[1.854s] INFO:colcon.colcon_core.shell:Creating environment hook '/CPE416/ros_ws/install/lab1/share/lab1/hook/ament_prefix_path.sh'
[1.883s] INFO:colcon.colcon_core.shell:Skip shell extension 'powershell' for command environment: Not usable outside of PowerShell
[1.884s] DEBUG:colcon.colcon_core.shell:Skip shell extension 'dsv' for command environment
[2.867s] INFO:colcon.colcon_core.task.python.build:Building Python package in '/CPE416/ros_ws/src/lab1'
[2.868s] INFO:colcon.colcon_core.shell:Skip shell extension 'powershell' for command environment: Not usable outside of PowerShell
[2.869s] DEBUG:colcon.colcon_core.shell:Skip shell extension 'dsv' for command environment
[5.187s] DEBUG:colcon.colcon_core.event_handler.log_command:Invoking command in '/CPE416/ros_ws/src/lab1': PYTHONPATH=/CPE416/ros_ws/build/lab1/prefix_override:/usr/lib/python3/dist-packages/colcon_core/task/python/colcon_distutils_commands:/CPE416/ros_ws/install/lab1/lib/python3.10/site-packages:${PYTHONPATH} /usr/bin/python3 -W ignore:setup.py install is deprecated -W ignore:easy_install command is deprecated setup.py egg_info --egg-base ../../build/lab1 build --build-base /CPE416/ros_ws/build/lab1/build install --record /CPE416/ros_ws/build/lab1/install.log --single-version-externally-managed install_data
[10.952s] DEBUG:colcon.colcon_core.event_handler.log_command:Invoked command in '/CPE416/ros_ws/src/lab1' returned '0': PYTHONPATH=/CPE416/ros_ws/build/lab1/prefix_override:/usr/lib/python3/dist-packages/colcon_core/task/python/colcon_distutils_commands:/CPE416/ros_ws/install/lab1/lib/python3.10/site-packages:${PYTHONPATH} /usr/bin/python3 -W ignore:setup.py install is deprecated -W ignore:easy_install command is deprecated setup.py egg_info --egg-base ../../build/lab1 build --build-base /CPE416/ros_ws/build/lab1/build install --record /CPE416/ros_ws/build/lab1/install.log --single-version-externally-managed install_data
[10.968s] Level 1:colcon.colcon_core.environment:checking '/CPE416/ros_ws/install/lab1' for CMake module files
[11.071s] Level 1:colcon.colcon_core.environment:checking '/CPE416/ros_ws/install/lab1' for CMake config files
[11.219s] Level 1:colcon.colcon_core.environment:checking '/CPE416/ros_ws/install/lab1/lib'
[11.226s] Level 1:colcon.colcon_core.environment:checking '/CPE416/ros_ws/install/lab1/bin'
[11.228s] Level 1:colcon.colcon_core.environment:checking '/CPE416/ros_ws/install/lab1/lib/pkgconfig/lab1.pc'
[11.231s] Level 1:colcon.colcon_core.environment:checking '/CPE416/ros_ws/install/lab1/lib/python3.10/site-packages'
[11.236s] Level 1:colcon.colcon_core.shell:create_environment_hook('lab1', 'pythonpath')
[11.237s] INFO:colcon.colcon_core.shell:Creating environment hook '/CPE416/ros_ws/install/lab1/share/lab1/hook/pythonpath.ps1'
[11.262s] INFO:colcon.colcon_core.shell:Creating environment descriptor '/CPE416/ros_ws/install/lab1/share/lab1/hook/pythonpath.dsv'
[11.291s] INFO:colcon.colcon_core.shell:Creating environment hook '/CPE416/ros_ws/install/lab1/share/lab1/hook/pythonpath.sh'
[11.314s] Level 1:colcon.colcon_core.environment:checking '/CPE416/ros_ws/install/lab1/bin'
[11.317s] Level 1:colcon.colcon_core.environment:create_environment_scripts_only(lab1)
[11.318s] INFO:colcon.colcon_core.shell:Creating package script '/CPE416/ros_ws/install/lab1/share/lab1/package.ps1'
[11.358s] INFO:colcon.colcon_core.shell:Creating package descriptor '/CPE416/ros_ws/install/lab1/share/lab1/package.dsv'
[11.382s] INFO:colcon.colcon_core.shell:Creating package script '/CPE416/ros_ws/install/lab1/share/lab1/package.sh'
[11.401s] INFO:colcon.colcon_core.shell:Creating package script '/CPE416/ros_ws/install/lab1/share/lab1/package.bash'
[11.421s] INFO:colcon.colcon_core.shell:Creating package script '/CPE416/ros_ws/install/lab1/share/lab1/package.zsh'
[11.443s] Level 1:colcon.colcon_core.environment:create_file_with_runtime_dependencies(/CPE416/ros_ws/install/lab1/share/colcon-core/packages/lab1)
[11.458s] DEBUG:colcon.colcon_parallel_executor.executor.parallel:closing loop
[11.459s] DEBUG:colcon.colcon_parallel_executor.executor.parallel:loop closed
[11.460s] DEBUG:colcon.colcon_parallel_executor.executor.parallel:run_until_complete finished with '0'
[11.461s] DEBUG:colcon.colcon_core.event_reactor:joining thread
[11.530s] INFO:colcon.colcon_core.plugin_system:Skipping extension 'colcon_notification.desktop_notification.notify_send': Could not find 'notify-send'
[11.531s] INFO:colcon.colcon_core.plugin_system:Skipping extension 'colcon_notification.desktop_notification.terminal_notifier': Not used on non-Darwin systems
[11.532s] INFO:colcon.colcon_core.plugin_system:Skipping extension 'colcon_notification.desktop_notification.win32': Not used on non-Windows systems
[11.533s] INFO:colcon.colcon_notification.desktop_notification:Sending desktop notification using 'notify2'
[11.538s] DEBUG:colcon.colcon_notification.desktop_notification.notify2:Failed to initialize notify2: org.freedesktop.DBus.Error.Spawn.ExecFailed: /usr/bin/dbus-launch terminated abnormally without any error message
[11.539s] DEBUG:colcon.colcon_core.event_reactor:joined thread
[11.541s] INFO:colcon.colcon_core.shell:Creating prefix script '/CPE416/ros_ws/install/local_setup.ps1'
[11.563s] INFO:colcon.colcon_core.shell:Creating prefix util module '/CPE416/ros_ws/install/_local_setup_util_ps1.py'
[11.590s] INFO:colcon.colcon_core.shell:Creating prefix chain script '/CPE416/ros_ws/install/setup.ps1'
[11.648s] INFO:colcon.colcon_core.shell:Creating prefix script '/CPE416/ros_ws/install/local_setup.sh'
[11.670s] INFO:colcon.colcon_core.shell:Creating prefix util module '/CPE416/ros_ws/install/_local_setup_util_sh.py'
[11.692s] INFO:colcon.colcon_core.shell:Creating prefix chain script '/CPE416/ros_ws/install/setup.sh'
[11.744s] INFO:colcon.colcon_core.shell:Creating prefix script '/CPE416/ros_ws/install/local_setup.bash'
[11.761s] INFO:colcon.colcon_core.shell:Creating prefix chain script '/CPE416/ros_ws/install/setup.bash'
[11.790s] INFO:colcon.colcon_core.shell:Creating prefix script '/CPE416/ros_ws/install/local_setup.zsh'
[11.799s] INFO:colcon.colcon_core.shell:Creating prefix chain script '/CPE416/ros_ws/install/setup.zsh'
