[0.620s] DEBUG:colcon:Command line arguments: ['/usr/bin/colcon', 'build']
[0.621s] DEBUG:colcon:Parsed command line arguments: Namespace(log_base=None, log_level=None, verb_name='build', build_base='build', install_base='install', merge_install=False, symlink_install=False, test_result_base=None, continue_on_error=False, executor='parallel', parallel_workers=8, event_handlers=None, ignore_user_meta=False, metas=['./colcon.meta'], base_paths=['.'], packages_ignore=None, packages_ignore_regex=None, paths=None, packages_up_to=None, packages_up_to_regex=None, packages_above=None, packages_above_and_dependencies=None, packages_above_depth=None, packages_select_by_dep=None, packages_skip_by_dep=None, packages_skip_up_to=None, packages_select_build_failed=False, packages_skip_build_finished=False, packages_select_test_failures=False, packages_skip_test_passed=False, packages_select=None, packages_skip=None, packages_select_regex=None, packages_skip_regex=None, packages_start=None, packages_end=None, cmake_args=None, cmake_target=None, cmake_target_skip_unavailable=False, cmake_clean_cache=False, cmake_clean_first=False, cmake_force_configure=False, ament_cmake_args=None, catkin_cmake_args=None, catkin_skip_building_tests=False, mixin_files=None, mixin=None, verb_parser=<colcon_mixin.mixin.mixin_argument.MixinArgumentDecorator object at 0x73a79a3cb430>, verb_extension=<colcon_core.verb.build.BuildVerb object at 0x73a79a3caef0>, main=<bound method BuildVerb.main of <colcon_core.verb.build.BuildVerb object at 0x73a79a3caef0>>, mixin_verb=('build',))
[0.970s] Level 1:colcon.colcon_core.package_discovery:discover_packages(colcon_meta) check parameters
[0.971s] INFO:colcon.colcon_metadata.package_discovery.colcon_meta:Using configuration from '/root/.colcon/metadata/default/Gazebo.meta'
[0.972s] INFO:colcon.colcon_metadata.package_discovery.colcon_meta:Using configuration from '/root/.colcon/metadata/default/fastdds.meta'
[0.974s] INFO:colcon.colcon_metadata.package_discovery.colcon_meta:Using configuration from '/root/.colcon/metadata/default/fastrtps.meta'
[0.974s] Level 1:colcon.colcon_core.package_discovery:discover_packages(recursive) check parameters
[0.975s] Level 1:colcon.colcon_core.package_discovery:discover_packages(ignore) check parameters
[0.975s] Level 1:colcon.colcon_core.package_discovery:discover_packages(path) check parameters
[0.975s] Level 1:colcon.colcon_core.package_discovery:discover_packages(colcon_meta) discover
[0.976s] Level 1:colcon.colcon_core.package_discovery:discover_packages(recursive) discover
[0.976s] INFO:colcon.colcon_core.package_discovery:Crawling recursively for packages in '/CPE416/ros_ws/src/lab2'
[0.978s] Level 1:colcon.colcon_core.package_identification:_identify(.) by extensions ['ignore', 'ignore_ament_install']
[0.979s] Level 1:colcon.colcon_core.package_identification:_identify(.) by extension 'ignore'
[0.979s] Level 1:colcon.colcon_core.package_identification:_identify(.) by extension 'ignore_ament_install'
[0.981s] Level 1:colcon.colcon_core.package_identification:_identify(.) by extensions ['colcon_pkg']
[0.981s] Level 1:colcon.colcon_core.package_identification:_identify(.) by extension 'colcon_pkg'
[0.982s] Level 1:colcon.colcon_core.package_identification:_identify(.) by extensions ['colcon_meta']
[0.982s] Level 1:colcon.colcon_core.package_identification:_identify(.) by extension 'colcon_meta'
[0.983s] Level 1:colcon.colcon_core.package_identification:_identify(.) by extensions ['ros']
[0.983s] Level 1:colcon.colcon_core.package_identification:_identify(.) by extension 'ros'
[1.015s] DEBUG:colcon.colcon_core.package_identification:Package '.' with type 'ros.ament_python' and name 'lab2'
[1.015s] Level 1:colcon.colcon_core.package_discovery:discover_packages(recursive) using defaults
[1.016s] Level 1:colcon.colcon_core.package_discovery:discover_packages(ignore) discover
[1.016s] Level 1:colcon.colcon_core.package_discovery:discover_packages(ignore) using defaults
[1.016s] Level 1:colcon.colcon_core.package_discovery:discover_packages(path) discover
[1.017s] Level 1:colcon.colcon_core.package_discovery:discover_packages(path) using defaults
[1.105s] Level 5:colcon.colcon_core.verb:set package 'lab2' build argument 'cmake_args' from command line to 'None'
[1.106s] Level 5:colcon.colcon_core.verb:set package 'lab2' build argument 'cmake_target' from command line to 'None'
[1.106s] Level 5:colcon.colcon_core.verb:set package 'lab2' build argument 'cmake_target_skip_unavailable' from command line to 'False'
[1.107s] Level 5:colcon.colcon_core.verb:set package 'lab2' build argument 'cmake_clean_cache' from command line to 'False'
[1.107s] Level 5:colcon.colcon_core.verb:set package 'lab2' build argument 'cmake_clean_first' from command line to 'False'
[1.107s] Level 5:colcon.colcon_core.verb:set package 'lab2' build argument 'cmake_force_configure' from command line to 'False'
[1.108s] Level 5:colcon.colcon_core.verb:set package 'lab2' build argument 'ament_cmake_args' from command line to 'None'
[1.108s] Level 5:colcon.colcon_core.verb:set package 'lab2' build argument 'catkin_cmake_args' from command line to 'None'
[1.108s] Level 5:colcon.colcon_core.verb:set package 'lab2' build argument 'catkin_skip_building_tests' from command line to 'False'
[1.108s] DEBUG:colcon.colcon_core.verb:Building package 'lab2' with the following arguments: {'ament_cmake_args': None, 'build_base': '/CPE416/ros_ws/src/lab2/build/lab2', 'catkin_cmake_args': None, 'catkin_skip_building_tests': False, 'cmake_args': None, 'cmake_clean_cache': False, 'cmake_clean_first': False, 'cmake_force_configure': False, 'cmake_target': None, 'cmake_target_skip_unavailable': False, 'install_base': '/CPE416/ros_ws/src/lab2/install/lab2', 'merge_install': False, 'path': '/CPE416/ros_ws/src/lab2', 'symlink_install': False, 'test_result_base': None}
[1.109s] INFO:colcon.colcon_core.executor:Executing jobs using 'parallel' executor
[1.111s] DEBUG:colcon.colcon_parallel_executor.executor.parallel:run_until_complete
[1.112s] INFO:colcon.colcon_ros.task.ament_python.build:Building ROS package in '/CPE416/ros_ws/src/lab2' with build type 'ament_python'
[1.113s] Level 1:colcon.colcon_core.shell:create_environment_hook('lab2', 'ament_prefix_path')
[1.138s] INFO:colcon.colcon_core.plugin_system:Skipping extension 'colcon_core.shell.bat': Not used on non-Windows systems
[1.140s] INFO:colcon.colcon_core.shell:Creating environment hook '/CPE416/ros_ws/src/lab2/install/lab2/share/lab2/hook/ament_prefix_path.ps1'
[1.173s] INFO:colcon.colcon_core.shell:Creating environment descriptor '/CPE416/ros_ws/src/lab2/install/lab2/share/lab2/hook/ament_prefix_path.dsv'
[1.201s] INFO:colcon.colcon_core.shell:Creating environment hook '/CPE416/ros_ws/src/lab2/install/lab2/share/lab2/hook/ament_prefix_path.sh'
[1.230s] INFO:colcon.colcon_core.shell:Skip shell extension 'powershell' for command environment: Not usable outside of PowerShell
[1.230s] DEBUG:colcon.colcon_core.shell:Skip shell extension 'dsv' for command environment
[2.629s] INFO:colcon.colcon_core.task.python.build:Building Python package in '/CPE416/ros_ws/src/lab2'
[2.632s] INFO:colcon.colcon_core.shell:Skip shell extension 'powershell' for command environment: Not usable outside of PowerShell
[2.632s] DEBUG:colcon.colcon_core.shell:Skip shell extension 'dsv' for command environment
[5.109s] DEBUG:colcon.colcon_core.event_handler.log_command:Invoking command in '/CPE416/ros_ws/src/lab2': PYTHONPATH=/CPE416/ros_ws/src/lab2/build/lab2/prefix_override:/usr/lib/python3/dist-packages/colcon_core/task/python/colcon_distutils_commands:/CPE416/ros_ws/src/lab2/install/lab2/lib/python3.10/site-packages:${PYTHONPATH} /usr/bin/python3 -W ignore:setup.py install is deprecated -W ignore:easy_install command is deprecated setup.py egg_info --egg-base build/lab2 build --build-base /CPE416/ros_ws/src/lab2/build/lab2/build install --record /CPE416/ros_ws/src/lab2/build/lab2/install.log --single-version-externally-managed install_data
[8.352s] Level 1:colcon.colcon_core.environment:checking '/CPE416/ros_ws/src/lab2/install/lab2' for CMake module files
[8.356s] DEBUG:colcon.colcon_core.event_handler.log_command:Invoked command in '/CPE416/ros_ws/src/lab2' returned '0': PYTHONPATH=/CPE416/ros_ws/src/lab2/build/lab2/prefix_override:/usr/lib/python3/dist-packages/colcon_core/task/python/colcon_distutils_commands:/CPE416/ros_ws/src/lab2/install/lab2/lib/python3.10/site-packages:${PYTHONPATH} /usr/bin/python3 -W ignore:setup.py install is deprecated -W ignore:easy_install command is deprecated setup.py egg_info --egg-base build/lab2 build --build-base /CPE416/ros_ws/src/lab2/build/lab2/build install --record /CPE416/ros_ws/src/lab2/build/lab2/install.log --single-version-externally-managed install_data
[8.455s] Level 1:colcon.colcon_core.environment:checking '/CPE416/ros_ws/src/lab2/install/lab2' for CMake config files
[8.632s] Level 1:colcon.colcon_core.environment:checking '/CPE416/ros_ws/src/lab2/install/lab2/lib'
[8.640s] Level 1:colcon.colcon_core.environment:checking '/CPE416/ros_ws/src/lab2/install/lab2/bin'
[8.642s] Level 1:colcon.colcon_core.environment:checking '/CPE416/ros_ws/src/lab2/install/lab2/lib/pkgconfig/lab2.pc'
[8.645s] Level 1:colcon.colcon_core.environment:checking '/CPE416/ros_ws/src/lab2/install/lab2/lib/python3.10/site-packages'
[8.649s] Level 1:colcon.colcon_core.shell:create_environment_hook('lab2', 'pythonpath')
[8.649s] INFO:colcon.colcon_core.shell:Creating environment hook '/CPE416/ros_ws/src/lab2/install/lab2/share/lab2/hook/pythonpath.ps1'
[8.681s] INFO:colcon.colcon_core.shell:Creating environment descriptor '/CPE416/ros_ws/src/lab2/install/lab2/share/lab2/hook/pythonpath.dsv'
[8.706s] INFO:colcon.colcon_core.shell:Creating environment hook '/CPE416/ros_ws/src/lab2/install/lab2/share/lab2/hook/pythonpath.sh'
[8.730s] Level 1:colcon.colcon_core.environment:checking '/CPE416/ros_ws/src/lab2/install/lab2/bin'
[8.732s] Level 1:colcon.colcon_core.environment:create_environment_scripts_only(lab2)
[8.733s] INFO:colcon.colcon_core.shell:Creating package script '/CPE416/ros_ws/src/lab2/install/lab2/share/lab2/package.ps1'
[8.753s] INFO:colcon.colcon_core.shell:Creating package descriptor '/CPE416/ros_ws/src/lab2/install/lab2/share/lab2/package.dsv'
[8.783s] INFO:colcon.colcon_core.shell:Creating package script '/CPE416/ros_ws/src/lab2/install/lab2/share/lab2/package.sh'
[8.805s] INFO:colcon.colcon_core.shell:Creating package script '/CPE416/ros_ws/src/lab2/install/lab2/share/lab2/package.bash'
[8.826s] INFO:colcon.colcon_core.shell:Creating package script '/CPE416/ros_ws/src/lab2/install/lab2/share/lab2/package.zsh'
[8.845s] Level 1:colcon.colcon_core.environment:create_file_with_runtime_dependencies(/CPE416/ros_ws/src/lab2/install/lab2/share/colcon-core/packages/lab2)
[8.859s] DEBUG:colcon.colcon_parallel_executor.executor.parallel:closing loop
[8.860s] DEBUG:colcon.colcon_parallel_executor.executor.parallel:loop closed
[8.861s] DEBUG:colcon.colcon_parallel_executor.executor.parallel:run_until_complete finished with '0'
[8.862s] DEBUG:colcon.colcon_core.event_reactor:joining thread
[8.915s] INFO:colcon.colcon_core.plugin_system:Skipping extension 'colcon_notification.desktop_notification.notify_send': Could not find 'notify-send'
[8.916s] INFO:colcon.colcon_core.plugin_system:Skipping extension 'colcon_notification.desktop_notification.terminal_notifier': Not used on non-Darwin systems
[8.917s] INFO:colcon.colcon_core.plugin_system:Skipping extension 'colcon_notification.desktop_notification.win32': Not used on non-Windows systems
[8.918s] INFO:colcon.colcon_notification.desktop_notification:Sending desktop notification using 'notify2'
[8.923s] DEBUG:colcon.colcon_notification.desktop_notification.notify2:Failed to initialize notify2: org.freedesktop.DBus.Error.Spawn.ExecFailed: /usr/bin/dbus-launch terminated abnormally without any error message
[8.924s] DEBUG:colcon.colcon_core.event_reactor:joined thread
[8.925s] INFO:colcon.colcon_core.shell:Creating prefix script '/CPE416/ros_ws/src/lab2/install/local_setup.ps1'
[8.943s] INFO:colcon.colcon_core.shell:Creating prefix util module '/CPE416/ros_ws/src/lab2/install/_local_setup_util_ps1.py'
[8.959s] INFO:colcon.colcon_core.shell:Creating prefix chain script '/CPE416/ros_ws/src/lab2/install/setup.ps1'
[8.991s] INFO:colcon.colcon_core.shell:Creating prefix script '/CPE416/ros_ws/src/lab2/install/local_setup.sh'
[9.005s] INFO:colcon.colcon_core.shell:Creating prefix util module '/CPE416/ros_ws/src/lab2/install/_local_setup_util_sh.py'
[9.018s] INFO:colcon.colcon_core.shell:Creating prefix chain script '/CPE416/ros_ws/src/lab2/install/setup.sh'
[9.049s] INFO:colcon.colcon_core.shell:Creating prefix script '/CPE416/ros_ws/src/lab2/install/local_setup.bash'
[9.062s] INFO:colcon.colcon_core.shell:Creating prefix chain script '/CPE416/ros_ws/src/lab2/install/setup.bash'
[9.092s] INFO:colcon.colcon_core.shell:Creating prefix script '/CPE416/ros_ws/src/lab2/install/local_setup.zsh'
[9.104s] INFO:colcon.colcon_core.shell:Creating prefix chain script '/CPE416/ros_ws/src/lab2/install/setup.zsh'
