[5.732s] Invoking command in '/gobilda_sim/ros_ws/src/bump_and_go': PYTHONPATH=/gobilda_sim/ros_ws/src/bump_and_go/build/bump_and_go/prefix_override:/usr/lib/python3/dist-packages/colcon_core/task/python/colcon_distutils_commands:/gobilda_sim/ros_ws/src/bump_and_go/install/bump_and_go/lib/python3.10/site-packages:${PYTHONPATH} /usr/bin/python3 -W ignore:setup.py install is deprecated setup.py egg_info --egg-base build/bump_and_go build --build-base /gobilda_sim/ros_ws/src/bump_and_go/build/bump_and_go/build install --record /gobilda_sim/ros_ws/src/bump_and_go/build/bump_and_go/install.log --single-version-externally-managed install_data
[10.258s] running egg_info
[10.269s] writing build/bump_and_go/bump_and_go.egg-info/PKG-INFO
[10.293s] writing dependency_links to build/bump_and_go/bump_and_go.egg-info/dependency_links.txt
[10.316s] writing entry points to build/bump_and_go/bump_and_go.egg-info/entry_points.txt
[10.346s] writing requirements to build/bump_and_go/bump_and_go.egg-info/requires.txt
[10.353s] writing top-level names to build/bump_and_go/bump_and_go.egg-info/top_level.txt
[10.470s] reading manifest file 'build/bump_and_go/bump_and_go.egg-info/SOURCES.txt'
[10.741s] writing manifest file 'build/bump_and_go/bump_and_go.egg-info/SOURCES.txt'
[10.751s] running build
[10.758s] running build_py
[10.821s] copying bump_and_go/bump_and_go.py -> /gobilda_sim/ros_ws/src/bump_and_go/build/bump_and_go/build/lib/bump_and_go
[11.039s] running install
[11.040s] running install_lib
[11.175s] copying /gobilda_sim/ros_ws/src/bump_and_go/build/bump_and_go/build/lib/bump_and_go/bump_and_go.py -> /gobilda_sim/ros_ws/src/bump_and_go/install/bump_and_go/lib/python3.10/site-packages/bump_and_go
[11.611s] byte-compiling /gobilda_sim/ros_ws/src/bump_and_go/install/bump_and_go/lib/python3.10/site-packages/bump_and_go/bump_and_go.py to bump_and_go.cpython-310.pyc
[11.770s] byte-compiling /gobilda_sim/ros_ws/src/bump_and_go/install/bump_and_go/lib/python3.10/site-packages/bump_and_go/obstacle_detector.py to obstacle_detector.cpython-310.pyc
[11.824s] Sorry: IndentationError: expected an indented block after function definition on line 102 (obstacle_detector.py, line 105)
[11.925s] running install_data
[11.987s] running install_egg_info
[12.027s] removing '/gobilda_sim/ros_ws/src/bump_and_go/install/bump_and_go/lib/python3.10/site-packages/bump_and_go-0.0.0-py3.10.egg-info' (and everything under it)
[12.376s] Copying build/bump_and_go/bump_and_go.egg-info to /gobilda_sim/ros_ws/src/bump_and_go/install/bump_and_go/lib/python3.10/site-packages/bump_and_go-0.0.0-py3.10.egg-info
[13.578s] running install_scripts
[13.822s] Installing bump_and_go script to /gobilda_sim/ros_ws/src/bump_and_go/install/bump_and_go/lib/bump_and_go
[13.837s] Installing keyboard_teleop script to /gobilda_sim/ros_ws/src/bump_and_go/install/bump_and_go/lib/bump_and_go
[13.866s] writing list of installed files to '/gobilda_sim/ros_ws/src/bump_and_go/build/bump_and_go/install.log'
[13.910s] Invoked command in '/gobilda_sim/ros_ws/src/bump_and_go' returned '0': PYTHONPATH=/gobilda_sim/ros_ws/src/bump_and_go/build/bump_and_go/prefix_override:/usr/lib/python3/dist-packages/colcon_core/task/python/colcon_distutils_commands:/gobilda_sim/ros_ws/src/bump_and_go/install/bump_and_go/lib/python3.10/site-packages:${PYTHONPATH} /usr/bin/python3 -W ignore:setup.py install is deprecated setup.py egg_info --egg-base build/bump_and_go build --build-base /gobilda_sim/ros_ws/src/bump_and_go/build/bump_and_go/build install --record /gobilda_sim/ros_ws/src/bump_and_go/build/bump_and_go/install.log --single-version-externally-managed install_data
