[8.880s] Invoking command in '/gobilda_sim/ros_ws/src/bump_and_go': PYTHONPATH=/gobilda_sim/ros_ws/src/bump_and_go/build/bump_and_go/prefix_override:/usr/lib/python3/dist-packages/colcon_core/task/python/colcon_distutils_commands:/gobilda_sim/ros_ws/src/bump_and_go/install/bump_and_go/lib/python3.10/site-packages:${PYTHONPATH} /usr/bin/python3 -W ignore:setup.py install is deprecated setup.py egg_info --egg-base build/bump_and_go build --build-base /gobilda_sim/ros_ws/src/bump_and_go/build/bump_and_go/build install --record /gobilda_sim/ros_ws/src/bump_and_go/build/bump_and_go/install.log --single-version-externally-managed install_data
[10.752s] running egg_info
[10.760s] writing build/bump_and_go/bump_and_go.egg-info/PKG-INFO
[10.769s] writing dependency_links to build/bump_and_go/bump_and_go.egg-info/dependency_links.txt
[10.778s] writing entry points to build/bump_and_go/bump_and_go.egg-info/entry_points.txt
[10.787s] writing requirements to build/bump_and_go/bump_and_go.egg-info/requires.txt
[10.791s] writing top-level names to build/bump_and_go/bump_and_go.egg-info/top_level.txt
[10.842s] reading manifest file 'build/bump_and_go/bump_and_go.egg-info/SOURCES.txt'
[10.948s] writing manifest file 'build/bump_and_go/bump_and_go.egg-info/SOURCES.txt'
[10.951s] running build
[10.952s] running build_py
[10.968s] copying bump_and_go/bump_and_go.py -> /gobilda_sim/ros_ws/src/bump_and_go/build/bump_and_go/build/lib/bump_and_go
[11.035s] running install
[11.036s] running install_lib
[11.081s] copying /gobilda_sim/ros_ws/src/bump_and_go/build/bump_and_go/build/lib/bump_and_go/bump_and_go.py -> /gobilda_sim/ros_ws/src/bump_and_go/install/bump_and_go/lib/python3.10/site-packages/bump_and_go
[11.196s] byte-compiling /gobilda_sim/ros_ws/src/bump_and_go/install/bump_and_go/lib/python3.10/site-packages/bump_and_go/bump_and_go.py to bump_and_go.cpython-310.pyc
[11.247s] byte-compiling /gobilda_sim/ros_ws/src/bump_and_go/install/bump_and_go/lib/python3.10/site-packages/bump_and_go/obstacle_detector.py to obstacle_detector.cpython-310.pyc
[11.267s] Sorry: IndentationError: expected an indented block after function definition on line 102 (obstacle_detector.py, line 105)
[11.307s] running install_data
[11.344s] running install_egg_info
[11.361s] removing '/gobilda_sim/ros_ws/src/bump_and_go/install/bump_and_go/lib/python3.10/site-packages/bump_and_go-0.0.0-py3.10.egg-info' (and everything under it)
[11.455s] Copying build/bump_and_go/bump_and_go.egg-info to /gobilda_sim/ros_ws/src/bump_and_go/install/bump_and_go/lib/python3.10/site-packages/bump_and_go-0.0.0-py3.10.egg-info
[11.785s] running install_scripts
[11.887s] Installing bump_and_go script to /gobilda_sim/ros_ws/src/bump_and_go/install/bump_and_go/lib/bump_and_go
[11.901s] Installing keyboard_teleop script to /gobilda_sim/ros_ws/src/bump_and_go/install/bump_and_go/lib/bump_and_go
[11.918s] writing list of installed files to '/gobilda_sim/ros_ws/src/bump_and_go/build/bump_and_go/install.log'
[11.950s] Invoked command in '/gobilda_sim/ros_ws/src/bump_and_go' returned '0': PYTHONPATH=/gobilda_sim/ros_ws/src/bump_and_go/build/bump_and_go/prefix_override:/usr/lib/python3/dist-packages/colcon_core/task/python/colcon_distutils_commands:/gobilda_sim/ros_ws/src/bump_and_go/install/bump_and_go/lib/python3.10/site-packages:${PYTHONPATH} /usr/bin/python3 -W ignore:setup.py install is deprecated setup.py egg_info --egg-base build/bump_and_go build --build-base /gobilda_sim/ros_ws/src/bump_and_go/build/bump_and_go/build install --record /gobilda_sim/ros_ws/src/bump_and_go/build/bump_and_go/install.log --single-version-externally-managed install_data
