[7.195s] Invoking command in '/gobilda_sim/ros_ws/src/obstacle_layer': PYTHONPATH=/gobilda_sim/ros_ws/src/obstacle_layer/build/obstacle_layer/prefix_override:/usr/lib/python3/dist-packages/colcon_core/task/python/colcon_distutils_commands:/gobilda_sim/ros_ws/src/obstacle_layer/install/obstacle_layer/lib/python3.10/site-packages:${PYTHONPATH} /usr/bin/python3 -W ignore:setup.py install is deprecated setup.py egg_info --egg-base build/obstacle_layer build --build-base /gobilda_sim/ros_ws/src/obstacle_layer/build/obstacle_layer/build install --record /gobilda_sim/ros_ws/src/obstacle_layer/build/obstacle_layer/install.log --single-version-externally-managed install_data
[12.322s] running egg_info
[12.330s] writing build/obstacle_layer/obstacle_layer.egg-info/PKG-INFO
[12.362s] writing dependency_links to build/obstacle_layer/obstacle_layer.egg-info/dependency_links.txt
[12.389s] writing entry points to build/obstacle_layer/obstacle_layer.egg-info/entry_points.txt
[12.408s] writing requirements to build/obstacle_layer/obstacle_layer.egg-info/requires.txt
[12.437s] writing top-level names to build/obstacle_layer/obstacle_layer.egg-info/top_level.txt
[12.554s] reading manifest file 'build/obstacle_layer/obstacle_layer.egg-info/SOURCES.txt'
[12.799s] writing manifest file 'build/obstacle_layer/obstacle_layer.egg-info/SOURCES.txt'
[12.832s] running build
[12.835s] running build_py
[12.866s] copying obstacle_layer/obstacle_layer.py -> /gobilda_sim/ros_ws/src/obstacle_layer/build/obstacle_layer/build/lib/obstacle_layer
[13.049s] running install
[13.052s] running install_lib
[13.178s] copying /gobilda_sim/ros_ws/src/obstacle_layer/build/obstacle_layer/build/lib/obstacle_layer/obstacle_layer.py -> /gobilda_sim/ros_ws/src/obstacle_layer/install/obstacle_layer/lib/python3.10/site-packages/obstacle_layer
[13.423s] byte-compiling /gobilda_sim/ros_ws/src/obstacle_layer/install/obstacle_layer/lib/python3.10/site-packages/obstacle_layer/obstacle_layer.py to obstacle_layer.cpython-310.pyc
[13.651s] running install_data
[13.769s] running install_egg_info
[13.825s] removing '/gobilda_sim/ros_ws/src/obstacle_layer/install/obstacle_layer/lib/python3.10/site-packages/obstacle_layer-0.0.0-py3.10.egg-info' (and everything under it)
[14.082s] Copying build/obstacle_layer/obstacle_layer.egg-info to /gobilda_sim/ros_ws/src/obstacle_layer/install/obstacle_layer/lib/python3.10/site-packages/obstacle_layer-0.0.0-py3.10.egg-info
[15.438s] running install_scripts
[15.796s] Installing obstacle_layer script to /gobilda_sim/ros_ws/src/obstacle_layer/install/obstacle_layer/lib/obstacle_layer
[15.854s] writing list of installed files to '/gobilda_sim/ros_ws/src/obstacle_layer/build/obstacle_layer/install.log'
[15.954s] Invoked command in '/gobilda_sim/ros_ws/src/obstacle_layer' returned '0': PYTHONPATH=/gobilda_sim/ros_ws/src/obstacle_layer/build/obstacle_layer/prefix_override:/usr/lib/python3/dist-packages/colcon_core/task/python/colcon_distutils_commands:/gobilda_sim/ros_ws/src/obstacle_layer/install/obstacle_layer/lib/python3.10/site-packages:${PYTHONPATH} /usr/bin/python3 -W ignore:setup.py install is deprecated setup.py egg_info --egg-base build/obstacle_layer build --build-base /gobilda_sim/ros_ws/src/obstacle_layer/build/obstacle_layer/build install --record /gobilda_sim/ros_ws/src/obstacle_layer/build/obstacle_layer/install.log --single-version-externally-managed install_data
