[0.215s] DEBUG:colcon:Command line arguments: ['/usr/bin/colcon', 'build', '--symlink-install']
[0.215s] DEBUG:colcon:Parsed command line arguments: Namespace(log_base=None, log_level=None, verb_name='build', build_base='build', install_base='install', merge_install=False, symlink_install=True, test_result_base=None, continue_on_error=False, executor='parallel', parallel_workers=8, event_handlers=None, ignore_user_meta=False, metas=['./colcon.meta'], base_paths=['.'], packages_ignore=None, packages_ignore_regex=None, paths=None, packages_up_to=None, packages_up_to_regex=None, packages_above=None, packages_above_and_dependencies=None, packages_above_depth=None, packages_select_by_dep=None, packages_skip_by_dep=None, packages_skip_up_to=None, packages_select_build_failed=False, packages_skip_build_finished=False, packages_select_test_failures=False, packages_skip_test_passed=False, packages_select=None, packages_skip=None, packages_select_regex=None, packages_skip_regex=None, packages_start=None, packages_end=None, cmake_args=None, cmake_target=None, cmake_target_skip_unavailable=False, cmake_clean_cache=False, cmake_clean_first=False, cmake_force_configure=False, ament_cmake_args=None, catkin_cmake_args=None, catkin_skip_building_tests=False, mixin_files=None, mixin=None, verb_parser=<colcon_mixin.mixin.mixin_argument.MixinArgumentDecorator object at 0x73d170b189d0>, verb_extension=<colcon_core.verb.build.BuildVerb object at 0x73d170c55180>, main=<bound method BuildVerb.main of <colcon_core.verb.build.BuildVerb object at 0x73d170c55180>>, mixin_verb=('build',))
[0.454s] Level 1:colcon.colcon_core.package_discovery:discover_packages(colcon_meta) check parameters
[0.462s] INFO:colcon.colcon_metadata.package_discovery.colcon_meta:Using configuration from '/root/.colcon/metadata/default/Gazebo.meta'
[0.465s] INFO:colcon.colcon_metadata.package_discovery.colcon_meta:Using configuration from '/root/.colcon/metadata/default/fastrtps.meta'
[0.467s] Level 1:colcon.colcon_core.package_discovery:discover_packages(recursive) check parameters
[0.467s] Level 1:colcon.colcon_core.package_discovery:discover_packages(ignore) check parameters
[0.468s] Level 1:colcon.colcon_core.package_discovery:discover_packages(path) check parameters
[0.468s] Level 1:colcon.colcon_core.package_discovery:discover_packages(colcon_meta) discover
[0.468s] Level 1:colcon.colcon_core.package_discovery:discover_packages(recursive) discover
[0.469s] INFO:colcon.colcon_core.package_discovery:Crawling recursively for packages in '/gobilda_sim/ros_ws/src/bump_and_go'
[0.472s] Level 1:colcon.colcon_core.package_identification:_identify(.) by extensions ['ignore', 'ignore_ament_install']
[0.473s] Level 1:colcon.colcon_core.package_identification:_identify(.) by extension 'ignore'
[0.473s] Level 1:colcon.colcon_core.package_identification:_identify(.) by extension 'ignore_ament_install'
[0.474s] Level 1:colcon.colcon_core.package_identification:_identify(.) by extensions ['colcon_pkg']
[0.474s] Level 1:colcon.colcon_core.package_identification:_identify(.) by extension 'colcon_pkg'
[0.475s] Level 1:colcon.colcon_core.package_identification:_identify(.) by extensions ['colcon_meta']
[0.475s] Level 1:colcon.colcon_core.package_identification:_identify(.) by extension 'colcon_meta'
[0.475s] Level 1:colcon.colcon_core.package_identification:_identify(.) by extensions ['ros']
[0.477s] Level 1:colcon.colcon_core.package_identification:_identify(.) by extension 'ros'
[0.516s] DEBUG:colcon.colcon_core.package_identification:Package '.' with type 'ros.ament_python' and name 'bump_and_go'
[0.517s] Level 1:colcon.colcon_core.package_discovery:discover_packages(recursive) using defaults
[0.518s] Level 1:colcon.colcon_core.package_discovery:discover_packages(ignore) discover
[0.519s] Level 1:colcon.colcon_core.package_discovery:discover_packages(ignore) using defaults
[0.519s] Level 1:colcon.colcon_core.package_discovery:discover_packages(path) discover
[0.519s] Level 1:colcon.colcon_core.package_discovery:discover_packages(path) using defaults
[0.574s] Level 5:colcon.colcon_core.verb:set package 'bump_and_go' build argument 'cmake_args' from command line to 'None'
[0.575s] Level 5:colcon.colcon_core.verb:set package 'bump_and_go' build argument 'cmake_target' from command line to 'None'
[0.575s] Level 5:colcon.colcon_core.verb:set package 'bump_and_go' build argument 'cmake_target_skip_unavailable' from command line to 'False'
[0.575s] Level 5:colcon.colcon_core.verb:set package 'bump_and_go' build argument 'cmake_clean_cache' from command line to 'False'
[0.576s] Level 5:colcon.colcon_core.verb:set package 'bump_and_go' build argument 'cmake_clean_first' from command line to 'False'
[0.576s] Level 5:colcon.colcon_core.verb:set package 'bump_and_go' build argument 'cmake_force_configure' from command line to 'False'
[0.576s] Level 5:colcon.colcon_core.verb:set package 'bump_and_go' build argument 'ament_cmake_args' from command line to 'None'
[0.576s] Level 5:colcon.colcon_core.verb:set package 'bump_and_go' build argument 'catkin_cmake_args' from command line to 'None'
[0.576s] Level 5:colcon.colcon_core.verb:set package 'bump_and_go' build argument 'catkin_skip_building_tests' from command line to 'False'
[0.577s] DEBUG:colcon.colcon_core.verb:Building package 'bump_and_go' with the following arguments: {'ament_cmake_args': None, 'build_base': '/gobilda_sim/ros_ws/src/bump_and_go/build/bump_and_go', 'catkin_cmake_args': None, 'catkin_skip_building_tests': False, 'cmake_args': None, 'cmake_clean_cache': False, 'cmake_clean_first': False, 'cmake_force_configure': False, 'cmake_target': None, 'cmake_target_skip_unavailable': False, 'install_base': '/gobilda_sim/ros_ws/src/bump_and_go/install/bump_and_go', 'merge_install': False, 'path': '/gobilda_sim/ros_ws/src/bump_and_go', 'symlink_install': True, 'test_result_base': None}
[0.577s] INFO:colcon.colcon_core.executor:Executing jobs using 'parallel' executor
[0.578s] DEBUG:colcon.colcon_parallel_executor.executor.parallel:run_until_complete
[0.579s] INFO:colcon.colcon_ros.task.ament_python.build:Building ROS package in '/gobilda_sim/ros_ws/src/bump_and_go' with build type 'ament_python'
[0.579s] Level 1:colcon.colcon_core.shell:create_environment_hook('bump_and_go', 'ament_prefix_path')
[0.583s] INFO:colcon.colcon_core.plugin_system:Skipping extension 'colcon_core.shell.bat': Not used on non-Windows systems
[0.584s] INFO:colcon.colcon_core.shell:Creating environment hook '/gobilda_sim/ros_ws/src/bump_and_go/install/bump_and_go/share/bump_and_go/hook/ament_prefix_path.ps1'
[0.615s] INFO:colcon.colcon_core.shell:Creating environment descriptor '/gobilda_sim/ros_ws/src/bump_and_go/install/bump_and_go/share/bump_and_go/hook/ament_prefix_path.dsv'
[0.655s] INFO:colcon.colcon_core.shell:Creating environment hook '/gobilda_sim/ros_ws/src/bump_and_go/install/bump_and_go/share/bump_and_go/hook/ament_prefix_path.sh'
[0.730s] INFO:colcon.colcon_core.shell:Skip shell extension 'powershell' for command environment: Not usable outside of PowerShell
[0.730s] DEBUG:colcon.colcon_core.shell:Skip shell extension 'dsv' for command environment
[1.318s] INFO:colcon.colcon_core.task.python.build:Building Python package in '/gobilda_sim/ros_ws/src/bump_and_go'
[1.318s] INFO:colcon.colcon_core.shell:Skip shell extension 'powershell' for command environment: Not usable outside of PowerShell
[1.319s] DEBUG:colcon.colcon_core.shell:Skip shell extension 'dsv' for command environment
[3.358s] DEBUG:colcon.colcon_core.task.python.build:While undoing a previous installation files outside the Python library path are being ignored: /gobilda_sim/ros_ws/src/bump_and_go/install/bump_and_go/share/ament_index/resource_index/packages/bump_and_go
[3.362s] DEBUG:colcon.colcon_core.task.python.build:While undoing a previous installation files outside the Python library path are being ignored: /gobilda_sim/ros_ws/src/bump_and_go/install/bump_and_go/share/bump_and_go/package.xml
[3.514s] DEBUG:colcon.colcon_core.task.python.build:While undoing a previous installation files outside the Python library path are being ignored: /gobilda_sim/ros_ws/src/bump_and_go/install/bump_and_go/lib/bump_and_go/bump_and_go
[3.655s] DEBUG:colcon.colcon_core.event_handler.log_command:Invoking command in '/gobilda_sim/ros_ws/src/bump_and_go/build/bump_and_go': PYTHONPATH=/gobilda_sim/ros_ws/src/bump_and_go/build/bump_and_go/prefix_override:/usr/lib/python3/dist-packages/colcon_core/task/python/colcon_distutils_commands:/gobilda_sim/ros_ws/src/bump_and_go/install/bump_and_go/lib/python3.10/site-packages:${PYTHONPATH} /usr/bin/python3 -W ignore:setup.py install is deprecated setup.py develop --editable --build-directory /gobilda_sim/ros_ws/src/bump_and_go/build/bump_and_go/build --no-deps symlink_data --force
[5.887s] Level 1:colcon.colcon_core.shell:create_environment_hook('bump_and_go', 'pythonpath_develop')
[5.887s] INFO:colcon.colcon_core.shell:Creating environment hook '/gobilda_sim/ros_ws/src/bump_and_go/build/bump_and_go/share/bump_and_go/hook/pythonpath_develop.ps1'
[5.889s] DEBUG:colcon.colcon_core.event_handler.log_command:Invoked command in '/gobilda_sim/ros_ws/src/bump_and_go/build/bump_and_go' returned '0': PYTHONPATH=/gobilda_sim/ros_ws/src/bump_and_go/build/bump_and_go/prefix_override:/usr/lib/python3/dist-packages/colcon_core/task/python/colcon_distutils_commands:/gobilda_sim/ros_ws/src/bump_and_go/install/bump_and_go/lib/python3.10/site-packages:${PYTHONPATH} /usr/bin/python3 -W ignore:setup.py install is deprecated setup.py develop --editable --build-directory /gobilda_sim/ros_ws/src/bump_and_go/build/bump_and_go/build --no-deps symlink_data --force
[5.914s] INFO:colcon.colcon_core.shell:Creating environment descriptor '/gobilda_sim/ros_ws/src/bump_and_go/build/bump_and_go/share/bump_and_go/hook/pythonpath_develop.dsv'
[5.944s] INFO:colcon.colcon_core.shell:Creating environment hook '/gobilda_sim/ros_ws/src/bump_and_go/build/bump_and_go/share/bump_and_go/hook/pythonpath_develop.sh'
[5.970s] Level 1:colcon.colcon_core.environment:checking '/gobilda_sim/ros_ws/src/bump_and_go/install/bump_and_go' for CMake module files
[6.065s] Level 1:colcon.colcon_core.environment:checking '/gobilda_sim/ros_ws/src/bump_and_go/install/bump_and_go' for CMake config files
[6.211s] Level 1:colcon.colcon_core.environment:checking '/gobilda_sim/ros_ws/src/bump_and_go/install/bump_and_go/lib'
[6.216s] Level 1:colcon.colcon_core.environment:checking '/gobilda_sim/ros_ws/src/bump_and_go/install/bump_and_go/bin'
[6.217s] Level 1:colcon.colcon_core.environment:checking '/gobilda_sim/ros_ws/src/bump_and_go/install/bump_and_go/lib/pkgconfig/bump_and_go.pc'
[6.219s] Level 1:colcon.colcon_core.environment:checking '/gobilda_sim/ros_ws/src/bump_and_go/install/bump_and_go/lib/python3.10/site-packages'
[6.222s] Level 1:colcon.colcon_core.shell:create_environment_hook('bump_and_go', 'pythonpath')
[6.222s] INFO:colcon.colcon_core.shell:Creating environment hook '/gobilda_sim/ros_ws/src/bump_and_go/install/bump_and_go/share/bump_and_go/hook/pythonpath.ps1'
[6.253s] INFO:colcon.colcon_core.shell:Creating environment descriptor '/gobilda_sim/ros_ws/src/bump_and_go/install/bump_and_go/share/bump_and_go/hook/pythonpath.dsv'
[6.281s] INFO:colcon.colcon_core.shell:Creating environment hook '/gobilda_sim/ros_ws/src/bump_and_go/install/bump_and_go/share/bump_and_go/hook/pythonpath.sh'
[6.305s] Level 1:colcon.colcon_core.environment:checking '/gobilda_sim/ros_ws/src/bump_and_go/install/bump_and_go/bin'
[6.307s] Level 1:colcon.colcon_core.environment:create_environment_scripts_only(bump_and_go)
[6.314s] INFO:colcon.colcon_core.shell:Creating package script '/gobilda_sim/ros_ws/src/bump_and_go/install/bump_and_go/share/bump_and_go/package.ps1'
[6.364s] INFO:colcon.colcon_core.shell:Creating package descriptor '/gobilda_sim/ros_ws/src/bump_and_go/install/bump_and_go/share/bump_and_go/package.dsv'
[6.402s] INFO:colcon.colcon_core.shell:Creating package script '/gobilda_sim/ros_ws/src/bump_and_go/install/bump_and_go/share/bump_and_go/package.sh'
[6.454s] INFO:colcon.colcon_core.shell:Creating package script '/gobilda_sim/ros_ws/src/bump_and_go/install/bump_and_go/share/bump_and_go/package.bash'
[6.479s] INFO:colcon.colcon_core.shell:Creating package script '/gobilda_sim/ros_ws/src/bump_and_go/install/bump_and_go/share/bump_and_go/package.zsh'
[6.505s] Level 1:colcon.colcon_core.environment:create_file_with_runtime_dependencies(/gobilda_sim/ros_ws/src/bump_and_go/install/bump_and_go/share/colcon-core/packages/bump_and_go)
[6.537s] DEBUG:colcon.colcon_parallel_executor.executor.parallel:closing loop
[6.537s] DEBUG:colcon.colcon_parallel_executor.executor.parallel:loop closed
[6.537s] DEBUG:colcon.colcon_parallel_executor.executor.parallel:run_until_complete finished with '0'
[6.538s] DEBUG:colcon.colcon_core.event_reactor:joining thread
[6.570s] INFO:colcon.colcon_core.plugin_system:Skipping extension 'colcon_notification.desktop_notification.notify_send': Could not find 'notify-send'
[6.577s] INFO:colcon.colcon_core.plugin_system:Skipping extension 'colcon_notification.desktop_notification.terminal_notifier': Not used on non-Darwin systems
[6.580s] INFO:colcon.colcon_core.plugin_system:Skipping extension 'colcon_notification.desktop_notification.win32': Not used on non-Windows systems
[6.580s] INFO:colcon.colcon_notification.desktop_notification:Sending desktop notification using 'notify2'
[6.587s] DEBUG:colcon.colcon_notification.desktop_notification.notify2:Failed to initialize notify2: org.freedesktop.DBus.Error.Spawn.ExecFailed: /usr/bin/dbus-launch terminated abnormally without any error message
[6.588s] DEBUG:colcon.colcon_core.event_reactor:joined thread
[6.592s] INFO:colcon.colcon_core.shell:Creating prefix script '/gobilda_sim/ros_ws/src/bump_and_go/install/local_setup.ps1'
[6.608s] INFO:colcon.colcon_core.shell:Creating prefix util module '/gobilda_sim/ros_ws/src/bump_and_go/install/_local_setup_util_ps1.py'
[6.643s] INFO:colcon.colcon_core.shell:Creating prefix chain script '/gobilda_sim/ros_ws/src/bump_and_go/install/setup.ps1'
[6.660s] INFO:colcon.colcon_core.shell:Creating prefix script '/gobilda_sim/ros_ws/src/bump_and_go/install/local_setup.sh'
[6.691s] INFO:colcon.colcon_core.shell:Creating prefix util module '/gobilda_sim/ros_ws/src/bump_and_go/install/_local_setup_util_sh.py'
[6.726s] INFO:colcon.colcon_core.shell:Creating prefix chain script '/gobilda_sim/ros_ws/src/bump_and_go/install/setup.sh'
[6.752s] INFO:colcon.colcon_core.shell:Creating prefix script '/gobilda_sim/ros_ws/src/bump_and_go/install/local_setup.bash'
[6.759s] INFO:colcon.colcon_core.shell:Creating prefix chain script '/gobilda_sim/ros_ws/src/bump_and_go/install/setup.bash'
[6.775s] INFO:colcon.colcon_core.shell:Creating prefix script '/gobilda_sim/ros_ws/src/bump_and_go/install/local_setup.zsh'
[6.795s] INFO:colcon.colcon_core.shell:Creating prefix chain script '/gobilda_sim/ros_ws/src/bump_and_go/install/setup.zsh'
