[0.568s] DEBUG:colcon:Command line arguments: ['/usr/bin/colcon', 'build']
[0.568s] DEBUG:colcon:Parsed command line arguments: Namespace(log_base=None, log_level=None, verb_name='build', build_base='build', install_base='install', merge_install=False, symlink_install=False, test_result_base=None, continue_on_error=False, executor='parallel', parallel_workers=8, event_handlers=None, ignore_user_meta=False, metas=['./colcon.meta'], base_paths=['.'], packages_ignore=None, packages_ignore_regex=None, paths=None, packages_up_to=None, packages_up_to_regex=None, packages_above=None, packages_above_and_dependencies=None, packages_above_depth=None, packages_select_by_dep=None, packages_skip_by_dep=None, packages_skip_up_to=None, packages_select_build_failed=False, packages_skip_build_finished=False, packages_select_test_failures=False, packages_skip_test_passed=False, packages_select=None, packages_skip=None, packages_select_regex=None, packages_skip_regex=None, packages_start=None, packages_end=None, cmake_args=None, cmake_target=None, cmake_target_skip_unavailable=False, cmake_clean_cache=False, cmake_clean_first=False, cmake_force_configure=False, ament_cmake_args=None, catkin_cmake_args=None, catkin_skip_building_tests=False, mixin_files=None, mixin=None, verb_parser=<colcon_mixin.mixin.mixin_argument.MixinArgumentDecorator object at 0x790597f3b430>, verb_extension=<colcon_core.verb.build.BuildVerb object at 0x790597f3aef0>, main=<bound method BuildVerb.main of <colcon_core.verb.build.BuildVerb object at 0x790597f3aef0>>, mixin_verb=('build',))
[1.068s] Level 1:colcon.colcon_core.package_discovery:discover_packages(colcon_meta) check parameters
[1.070s] INFO:colcon.colcon_metadata.package_discovery.colcon_meta:Using configuration from '/root/.colcon/metadata/default/Gazebo.meta'
[1.071s] INFO:colcon.colcon_metadata.package_discovery.colcon_meta:Using configuration from '/root/.colcon/metadata/default/fastdds.meta'
[1.073s] INFO:colcon.colcon_metadata.package_discovery.colcon_meta:Using configuration from '/root/.colcon/metadata/default/fastrtps.meta'
[1.073s] Level 1:colcon.colcon_core.package_discovery:discover_packages(recursive) check parameters
[1.074s] Level 1:colcon.colcon_core.package_discovery:discover_packages(ignore) check parameters
[1.074s] Level 1:colcon.colcon_core.package_discovery:discover_packages(path) check parameters
[1.074s] Level 1:colcon.colcon_core.package_discovery:discover_packages(colcon_meta) discover
[1.075s] Level 1:colcon.colcon_core.package_discovery:discover_packages(recursive) discover
[1.075s] INFO:colcon.colcon_core.package_discovery:Crawling recursively for packages in '/CPE416/ros_ws/src/lab2'
[1.078s] Level 1:colcon.colcon_core.package_identification:_identify(.) by extensions ['ignore', 'ignore_ament_install']
[1.078s] Level 1:colcon.colcon_core.package_identification:_identify(.) by extension 'ignore'
[1.079s] Level 1:colcon.colcon_core.package_identification:_identify(.) by extension 'ignore_ament_install'
[1.080s] Level 1:colcon.colcon_core.package_identification:_identify(.) by extensions ['colcon_pkg']
[1.080s] Level 1:colcon.colcon_core.package_identification:_identify(.) by extension 'colcon_pkg'
[1.080s] Level 1:colcon.colcon_core.package_identification:_identify(.) by extensions ['colcon_meta']
[1.081s] Level 1:colcon.colcon_core.package_identification:_identify(.) by extension 'colcon_meta'
[1.081s] Level 1:colcon.colcon_core.package_identification:_identify(.) by extensions ['ros']
[1.081s] Level 1:colcon.colcon_core.package_identification:_identify(.) by extension 'ros'
[1.120s] DEBUG:colcon.colcon_core.package_identification:Package '.' with type 'ros.ament_python' and name 'lab2'
[1.121s] Level 1:colcon.colcon_core.package_discovery:discover_packages(recursive) using defaults
[1.121s] Level 1:colcon.colcon_core.package_discovery:discover_packages(ignore) discover
[1.122s] Level 1:colcon.colcon_core.package_discovery:discover_packages(ignore) using defaults
[1.122s] Level 1:colcon.colcon_core.package_discovery:discover_packages(path) discover
[1.122s] Level 1:colcon.colcon_core.package_discovery:discover_packages(path) using defaults
[1.224s] Level 5:colcon.colcon_core.verb:set package 'lab2' build argument 'cmake_args' from command line to 'None'
[1.225s] Level 5:colcon.colcon_core.verb:set package 'lab2' build argument 'cmake_target' from command line to 'None'
[1.225s] Level 5:colcon.colcon_core.verb:set package 'lab2' build argument 'cmake_target_skip_unavailable' from command line to 'False'
[1.226s] Level 5:colcon.colcon_core.verb:set package 'lab2' build argument 'cmake_clean_cache' from command line to 'False'
[1.226s] Level 5:colcon.colcon_core.verb:set package 'lab2' build argument 'cmake_clean_first' from command line to 'False'
[1.227s] Level 5:colcon.colcon_core.verb:set package 'lab2' build argument 'cmake_force_configure' from command line to 'False'
[1.227s] Level 5:colcon.colcon_core.verb:set package 'lab2' build argument 'ament_cmake_args' from command line to 'None'
[1.227s] Level 5:colcon.colcon_core.verb:set package 'lab2' build argument 'catkin_cmake_args' from command line to 'None'
[1.227s] Level 5:colcon.colcon_core.verb:set package 'lab2' build argument 'catkin_skip_building_tests' from command line to 'False'
[1.228s] DEBUG:colcon.colcon_core.verb:Building package 'lab2' with the following arguments: {'ament_cmake_args': None, 'build_base': '/CPE416/ros_ws/src/lab2/build/lab2', 'catkin_cmake_args': None, 'catkin_skip_building_tests': False, 'cmake_args': None, 'cmake_clean_cache': False, 'cmake_clean_first': False, 'cmake_force_configure': False, 'cmake_target': None, 'cmake_target_skip_unavailable': False, 'install_base': '/CPE416/ros_ws/src/lab2/install/lab2', 'merge_install': False, 'path': '/CPE416/ros_ws/src/lab2', 'symlink_install': False, 'test_result_base': None}
[1.228s] INFO:colcon.colcon_core.executor:Executing jobs using 'parallel' executor
[1.230s] DEBUG:colcon.colcon_parallel_executor.executor.parallel:run_until_complete
[1.231s] INFO:colcon.colcon_ros.task.ament_python.build:Building ROS package in '/CPE416/ros_ws/src/lab2' with build type 'ament_python'
[1.232s] Level 1:colcon.colcon_core.shell:create_environment_hook('lab2', 'ament_prefix_path')
[1.258s] INFO:colcon.colcon_core.plugin_system:Skipping extension 'colcon_core.shell.bat': Not used on non-Windows systems
[1.259s] INFO:colcon.colcon_core.shell:Creating environment hook '/CPE416/ros_ws/src/lab2/install/lab2/share/lab2/hook/ament_prefix_path.ps1'
[1.291s] INFO:colcon.colcon_core.shell:Creating environment descriptor '/CPE416/ros_ws/src/lab2/install/lab2/share/lab2/hook/ament_prefix_path.dsv'
[1.317s] INFO:colcon.colcon_core.shell:Creating environment hook '/CPE416/ros_ws/src/lab2/install/lab2/share/lab2/hook/ament_prefix_path.sh'
[1.355s] INFO:colcon.colcon_core.shell:Skip shell extension 'powershell' for command environment: Not usable outside of PowerShell
[1.356s] DEBUG:colcon.colcon_core.shell:Skip shell extension 'dsv' for command environment
[2.529s] INFO:colcon.colcon_core.task.python.build:Building Python package in '/CPE416/ros_ws/src/lab2'
[2.530s] INFO:colcon.colcon_core.shell:Skip shell extension 'powershell' for command environment: Not usable outside of PowerShell
[2.530s] DEBUG:colcon.colcon_core.shell:Skip shell extension 'dsv' for command environment
[5.331s] DEBUG:colcon.colcon_core.event_handler.log_command:Invoking command in '/CPE416/ros_ws/src/lab2': PYTHONPATH=/CPE416/ros_ws/src/lab2/build/lab2/prefix_override:/usr/lib/python3/dist-packages/colcon_core/task/python/colcon_distutils_commands:/CPE416/ros_ws/src/lab2/install/lab2/lib/python3.10/site-packages:${PYTHONPATH} /usr/bin/python3 -W ignore:setup.py install is deprecated -W ignore:easy_install command is deprecated setup.py egg_info --egg-base build/lab2 build --build-base /CPE416/ros_ws/src/lab2/build/lab2/build install --record /CPE416/ros_ws/src/lab2/build/lab2/install.log --single-version-externally-managed install_data
[10.519s] DEBUG:colcon.colcon_core.event_handler.log_command:Invoked command in '/CPE416/ros_ws/src/lab2' returned '0': PYTHONPATH=/CPE416/ros_ws/src/lab2/build/lab2/prefix_override:/usr/lib/python3/dist-packages/colcon_core/task/python/colcon_distutils_commands:/CPE416/ros_ws/src/lab2/install/lab2/lib/python3.10/site-packages:${PYTHONPATH} /usr/bin/python3 -W ignore:setup.py install is deprecated -W ignore:easy_install command is deprecated setup.py egg_info --egg-base build/lab2 build --build-base /CPE416/ros_ws/src/lab2/build/lab2/build install --record /CPE416/ros_ws/src/lab2/build/lab2/install.log --single-version-externally-managed install_data
[10.536s] Level 1:colcon.colcon_core.environment:checking '/CPE416/ros_ws/src/lab2/install/lab2' for CMake module files
[10.730s] Level 1:colcon.colcon_core.environment:checking '/CPE416/ros_ws/src/lab2/install/lab2' for CMake config files
[11.023s] Level 1:colcon.colcon_core.environment:checking '/CPE416/ros_ws/src/lab2/install/lab2/lib'
[11.040s] Level 1:colcon.colcon_core.environment:checking '/CPE416/ros_ws/src/lab2/install/lab2/bin'
[11.046s] Level 1:colcon.colcon_core.environment:checking '/CPE416/ros_ws/src/lab2/install/lab2/lib/pkgconfig/lab2.pc'
[11.055s] Level 1:colcon.colcon_core.environment:checking '/CPE416/ros_ws/src/lab2/install/lab2/lib/python3.10/site-packages'
[11.067s] Level 1:colcon.colcon_core.shell:create_environment_hook('lab2', 'pythonpath')
[11.069s] INFO:colcon.colcon_core.shell:Creating environment hook '/CPE416/ros_ws/src/lab2/install/lab2/share/lab2/hook/pythonpath.ps1'
[11.135s] INFO:colcon.colcon_core.shell:Creating environment descriptor '/CPE416/ros_ws/src/lab2/install/lab2/share/lab2/hook/pythonpath.dsv'
[11.214s] INFO:colcon.colcon_core.shell:Creating environment hook '/CPE416/ros_ws/src/lab2/install/lab2/share/lab2/hook/pythonpath.sh'
[11.274s] Level 1:colcon.colcon_core.environment:checking '/CPE416/ros_ws/src/lab2/install/lab2/bin'
[11.279s] Level 1:colcon.colcon_core.environment:create_environment_scripts_only(lab2)
[11.281s] INFO:colcon.colcon_core.shell:Creating package script '/CPE416/ros_ws/src/lab2/install/lab2/share/lab2/package.ps1'
[11.325s] INFO:colcon.colcon_core.shell:Creating package descriptor '/CPE416/ros_ws/src/lab2/install/lab2/share/lab2/package.dsv'
[11.354s] INFO:colcon.colcon_core.shell:Creating package script '/CPE416/ros_ws/src/lab2/install/lab2/share/lab2/package.sh'
[11.380s] INFO:colcon.colcon_core.shell:Creating package script '/CPE416/ros_ws/src/lab2/install/lab2/share/lab2/package.bash'
[11.406s] INFO:colcon.colcon_core.shell:Creating package script '/CPE416/ros_ws/src/lab2/install/lab2/share/lab2/package.zsh'
[11.436s] Level 1:colcon.colcon_core.environment:create_file_with_runtime_dependencies(/CPE416/ros_ws/src/lab2/install/lab2/share/colcon-core/packages/lab2)
[11.459s] DEBUG:colcon.colcon_parallel_executor.executor.parallel:closing loop
[11.460s] DEBUG:colcon.colcon_parallel_executor.executor.parallel:loop closed
[11.461s] DEBUG:colcon.colcon_parallel_executor.executor.parallel:run_until_complete finished with '0'
[11.462s] DEBUG:colcon.colcon_core.event_reactor:joining thread
[11.546s] INFO:colcon.colcon_core.plugin_system:Skipping extension 'colcon_notification.desktop_notification.notify_send': Could not find 'notify-send'
[11.547s] INFO:colcon.colcon_core.plugin_system:Skipping extension 'colcon_notification.desktop_notification.terminal_notifier': Not used on non-Darwin systems
[11.548s] INFO:colcon.colcon_core.plugin_system:Skipping extension 'colcon_notification.desktop_notification.win32': Not used on non-Windows systems
[11.548s] INFO:colcon.colcon_notification.desktop_notification:Sending desktop notification using 'notify2'
[11.554s] DEBUG:colcon.colcon_notification.desktop_notification.notify2:Failed to initialize notify2: org.freedesktop.DBus.Error.Spawn.ExecFailed: /usr/bin/dbus-launch terminated abnormally without any error message
[11.555s] DEBUG:colcon.colcon_core.event_reactor:joined thread
[11.557s] INFO:colcon.colcon_core.shell:Creating prefix script '/CPE416/ros_ws/src/lab2/install/local_setup.ps1'
[11.578s] INFO:colcon.colcon_core.shell:Creating prefix util module '/CPE416/ros_ws/src/lab2/install/_local_setup_util_ps1.py'
[11.603s] INFO:colcon.colcon_core.shell:Creating prefix chain script '/CPE416/ros_ws/src/lab2/install/setup.ps1'
[11.641s] INFO:colcon.colcon_core.shell:Creating prefix script '/CPE416/ros_ws/src/lab2/install/local_setup.sh'
[11.664s] INFO:colcon.colcon_core.shell:Creating prefix util module '/CPE416/ros_ws/src/lab2/install/_local_setup_util_sh.py'
[11.686s] INFO:colcon.colcon_core.shell:Creating prefix chain script '/CPE416/ros_ws/src/lab2/install/setup.sh'
[11.743s] INFO:colcon.colcon_core.shell:Creating prefix script '/CPE416/ros_ws/src/lab2/install/local_setup.bash'
[11.767s] INFO:colcon.colcon_core.shell:Creating prefix chain script '/CPE416/ros_ws/src/lab2/install/setup.bash'
[11.813s] INFO:colcon.colcon_core.shell:Creating prefix script '/CPE416/ros_ws/src/lab2/install/local_setup.zsh'
[11.836s] INFO:colcon.colcon_core.shell:Creating prefix chain script '/CPE416/ros_ws/src/lab2/install/setup.zsh'
