[5.037s] Invoking command in '/gobilda_sim/ros_ws/src/bump_and_go': PYTHONPATH=/gobilda_sim/ros_ws/src/bump_and_go/build/bump_and_go/prefix_override:/usr/lib/python3/dist-packages/colcon_core/task/python/colcon_distutils_commands:/gobilda_sim/ros_ws/src/bump_and_go/install/bump_and_go/lib/python3.10/site-packages:${PYTHONPATH} /usr/bin/python3 -W ignore:setup.py install is deprecated setup.py egg_info --egg-base build/bump_and_go build --build-base /gobilda_sim/ros_ws/src/bump_and_go/build/bump_and_go/build install --record /gobilda_sim/ros_ws/src/bump_and_go/build/bump_and_go/install.log --single-version-externally-managed install_data
[8.289s] running egg_info
[8.303s] creating build/bump_and_go/bump_and_go.egg-info
[8.312s] writing build/bump_and_go/bump_and_go.egg-info/PKG-INFO
[8.346s] writing dependency_links to build/bump_and_go/bump_and_go.egg-info/dependency_links.txt
[8.372s] writing entry points to build/bump_and_go/bump_and_go.egg-info/entry_points.txt
[8.383s] writing requirements to build/bump_and_go/bump_and_go.egg-info/requires.txt
[8.391s] writing top-level names to build/bump_and_go/bump_and_go.egg-info/top_level.txt
[8.419s] writing manifest file 'build/bump_and_go/bump_and_go.egg-info/SOURCES.txt'
[8.505s] reading manifest file 'build/bump_and_go/bump_and_go.egg-info/SOURCES.txt'
[8.693s] writing manifest file 'build/bump_and_go/bump_and_go.egg-info/SOURCES.txt'
[8.704s] running build
[8.706s] running build_py
[8.738s] creating /gobilda_sim/ros_ws/src/bump_and_go/build/bump_and_go/build
[8.741s] creating /gobilda_sim/ros_ws/src/bump_and_go/build/bump_and_go/build/lib
[8.760s] creating /gobilda_sim/ros_ws/src/bump_and_go/build/bump_and_go/build/lib/bump_and_go
[8.793s] copying bump_and_go/bump_and_go.py -> /gobilda_sim/ros_ws/src/bump_and_go/build/bump_and_go/build/lib/bump_and_go
[8.857s] copying bump_and_go/__init__.py -> /gobilda_sim/ros_ws/src/bump_and_go/build/bump_and_go/build/lib/bump_and_go
[8.893s] running install
[8.894s] running install_lib
[8.947s] creating /gobilda_sim/ros_ws/src/bump_and_go/install/bump_and_go/lib/python3.10/site-packages/bump_and_go
[9.001s] copying /gobilda_sim/ros_ws/src/bump_and_go/build/bump_and_go/build/lib/bump_and_go/bump_and_go.py -> /gobilda_sim/ros_ws/src/bump_and_go/install/bump_and_go/lib/python3.10/site-packages/bump_and_go
[9.145s] copying /gobilda_sim/ros_ws/src/bump_and_go/build/bump_and_go/build/lib/bump_and_go/__init__.py -> /gobilda_sim/ros_ws/src/bump_and_go/install/bump_and_go/lib/python3.10/site-packages/bump_and_go
[9.480s] byte-compiling /gobilda_sim/ros_ws/src/bump_and_go/install/bump_and_go/lib/python3.10/site-packages/bump_and_go/bump_and_go.py to bump_and_go.cpython-310.pyc
[9.581s] byte-compiling /gobilda_sim/ros_ws/src/bump_and_go/install/bump_and_go/lib/python3.10/site-packages/bump_and_go/__init__.py to __init__.cpython-310.pyc
[9.680s] running install_data
[9.699s] creating /gobilda_sim/ros_ws/src/bump_and_go/install/bump_and_go/share/ament_index
[9.706s] creating /gobilda_sim/ros_ws/src/bump_and_go/install/bump_and_go/share/ament_index/resource_index
[9.712s] creating /gobilda_sim/ros_ws/src/bump_and_go/install/bump_and_go/share/ament_index/resource_index/packages
[9.743s] copying resource/bump_and_go -> /gobilda_sim/ros_ws/src/bump_and_go/install/bump_and_go/share/ament_index/resource_index/packages
[9.806s] copying package.xml -> /gobilda_sim/ros_ws/src/bump_and_go/install/bump_and_go/share/bump_and_go
[9.834s] running install_egg_info
[9.890s] Copying build/bump_and_go/bump_and_go.egg-info to /gobilda_sim/ros_ws/src/bump_and_go/install/bump_and_go/lib/python3.10/site-packages/bump_and_go-0.0.0-py3.10.egg-info
[11.742s] running install_scripts
[11.961s] Installing bump_and_go script to /gobilda_sim/ros_ws/src/bump_and_go/install/bump_and_go/lib/bump_and_go
[11.992s] writing list of installed files to '/gobilda_sim/ros_ws/src/bump_and_go/build/bump_and_go/install.log'
[12.066s] Invoked command in '/gobilda_sim/ros_ws/src/bump_and_go' returned '0': PYTHONPATH=/gobilda_sim/ros_ws/src/bump_and_go/build/bump_and_go/prefix_override:/usr/lib/python3/dist-packages/colcon_core/task/python/colcon_distutils_commands:/gobilda_sim/ros_ws/src/bump_and_go/install/bump_and_go/lib/python3.10/site-packages:${PYTHONPATH} /usr/bin/python3 -W ignore:setup.py install is deprecated setup.py egg_info --egg-base build/bump_and_go build --build-base /gobilda_sim/ros_ws/src/bump_and_go/build/bump_and_go/build install --record /gobilda_sim/ros_ws/src/bump_and_go/build/bump_and_go/install.log --single-version-externally-managed install_data
