running egg_info
writing build/obstacle_layer/obstacle_layer.egg-info/PKG-INFO
writing dependency_links to build/obstacle_layer/obstacle_layer.egg-info/dependency_links.txt
writing entry points to build/obstacle_layer/obstacle_layer.egg-info/entry_points.txt
writing requirements to build/obstacle_layer/obstacle_layer.egg-info/requires.txt
writing top-level names to build/obstacle_layer/obstacle_layer.egg-info/top_level.txt
reading manifest file 'build/obstacle_layer/obstacle_layer.egg-info/SOURCES.txt'
writing manifest file 'build/obstacle_layer/obstacle_layer.egg-info/SOURCES.txt'
running build
running build_py
copying obstacle_layer/obstacle_layer.py -> /gobilda_sim/ros_ws/src/obstacle_layer/build/obstacle_layer/build/lib/obstacle_layer
running install
running install_lib
copying /gobilda_sim/ros_ws/src/obstacle_layer/build/obstacle_layer/build/lib/obstacle_layer/obstacle_layer.py -> /gobilda_sim/ros_ws/src/obstacle_layer/install/obstacle_layer/lib/python3.10/site-packages/obstacle_layer
byte-compiling /gobilda_sim/ros_ws/src/obstacle_layer/install/obstacle_layer/lib/python3.10/site-packages/obstacle_layer/obstacle_layer.py to obstacle_layer.cpython-310.pyc
running install_data
running install_egg_info
removing '/gobilda_sim/ros_ws/src/obstacle_layer/install/obstacle_layer/lib/python3.10/site-packages/obstacle_layer-0.0.0-py3.10.egg-info' (and everything under it)
Copying build/obstacle_layer/obstacle_layer.egg-info to /gobilda_sim/ros_ws/src/obstacle_layer/install/obstacle_layer/lib/python3.10/site-packages/obstacle_layer-0.0.0-py3.10.egg-info
running install_scripts
Installing obstacle_layer script to /gobilda_sim/ros_ws/src/obstacle_layer/install/obstacle_layer/lib/obstacle_layer
writing list of installed files to '/gobilda_sim/ros_ws/src/obstacle_layer/build/obstacle_layer/install.log'
