[3.801s] Invoking command in '/CPE416/ros_ws/src/lab2': PYTHONPATH=/CPE416/ros_ws/src/lab2/build/lab2/prefix_override:/usr/lib/python3/dist-packages/colcon_core/task/python/colcon_distutils_commands:/CPE416/ros_ws/src/lab2/install/lab2/lib/python3.10/site-packages:${PYTHONPATH} /usr/bin/python3 -W ignore:setup.py install is deprecated -W ignore:easy_install command is deprecated setup.py egg_info --egg-base build/lab2 build --build-base /CPE416/ros_ws/src/lab2/build/lab2/build install --record /CPE416/ros_ws/src/lab2/build/lab2/install.log --single-version-externally-managed install_data
[5.614s] running egg_info
[5.628s] writing build/lab2/lab2.egg-info/PKG-INFO
[5.648s] writing dependency_links to build/lab2/lab2.egg-info/dependency_links.txt
[5.666s] writing entry points to build/lab2/lab2.egg-info/entry_points.txt
[5.681s] writing requirements to build/lab2/lab2.egg-info/requires.txt
[5.690s] writing top-level names to build/lab2/lab2.egg-info/top_level.txt
[5.791s] reading manifest file 'build/lab2/lab2.egg-info/SOURCES.txt'
[5.995s] writing manifest file 'build/lab2/lab2.egg-info/SOURCES.txt'
[6.003s] running build
[6.004s] running build_py
[6.039s] copying lab2/draw_square.py -> /CPE416/ros_ws/src/lab2/build/lab2/build/lib/lab2
[6.136s] running install
[6.137s] running install_lib
[6.235s] copying /CPE416/ros_ws/src/lab2/build/lab2/build/lib/lab2/draw_square.py -> /CPE416/ros_ws/src/lab2/install/lab2/lib/python3.10/site-packages/lab2
[6.404s] byte-compiling /CPE416/ros_ws/src/lab2/install/lab2/lib/python3.10/site-packages/lab2/draw_square.py to draw_square.cpython-310.pyc
[6.572s] running install_data
[6.675s] running install_egg_info
[6.705s] removing '/CPE416/ros_ws/src/lab2/install/lab2/lib/python3.10/site-packages/lab2-0.0.0-py3.10.egg-info' (and everything under it)
[6.861s] Copying build/lab2/lab2.egg-info to /CPE416/ros_ws/src/lab2/install/lab2/lib/python3.10/site-packages/lab2-0.0.0-py3.10.egg-info
[7.458s] running install_scripts
[7.636s] Installing draw_square script to /CPE416/ros_ws/src/lab2/install/lab2/lib/lab2
[7.666s] writing list of installed files to '/CPE416/ros_ws/src/lab2/build/lab2/install.log'
[7.714s] Invoked command in '/CPE416/ros_ws/src/lab2' returned '0': PYTHONPATH=/CPE416/ros_ws/src/lab2/build/lab2/prefix_override:/usr/lib/python3/dist-packages/colcon_core/task/python/colcon_distutils_commands:/CPE416/ros_ws/src/lab2/install/lab2/lib/python3.10/site-packages:${PYTHONPATH} /usr/bin/python3 -W ignore:setup.py install is deprecated -W ignore:easy_install command is deprecated setup.py egg_info --egg-base build/lab2 build --build-base /CPE416/ros_ws/src/lab2/build/lab2/build install --record /CPE416/ros_ws/src/lab2/build/lab2/install.log --single-version-externally-managed install_data
